2018-11-29 09:00:07.732 [restartedMain] INFO  com.skypointer.huaji.HuajiApplication - Starting HuajiApplication on sosky-XPS-13-9360 with PID 5301 (/home/sosky/Documents/jinying-project/huaji2/target/classes started by sosky in /home/sosky/Documents/jinying-project/huaji2)
2018-11-29 09:00:07.736 [restartedMain] DEBUG com.skypointer.huaji.HuajiApplication - Running with Spring Boot v1.4.2.RELEASE, Spring v4.3.4.RELEASE
2018-11-29 09:00:07.737 [restartedMain] INFO  com.skypointer.huaji.HuajiApplication - No active profile set, falling back to default profiles: default
2018-11-29 09:00:08.164 [background-preinit] DEBUG org.jboss.logging - Logging Provider: org.jboss.logging.Slf4jLoggerProvider found via system property
2018-11-29 09:00:10.012 [restartedMain] INFO  org.apache.catalina.core.StandardService - Starting service Tomcat
2018-11-29 09:00:10.014 [restartedMain] INFO  org.apache.catalina.core.StandardEngine - Starting Servlet Engine: Apache Tomcat/8.5.6
2018-11-29 09:00:10.095 [localhost-startStop-1] INFO  org.apache.catalina.core.ContainerBase.[Tomcat].[localhost].[/] - Initializing Spring embedded WebApplicationContext
2018-11-29 09:00:10.732 [restartedMain] INFO  com.alibaba.druid.pool.DruidDataSource - {dataSource-1} inited
2018-11-29 09:00:11.232 [restartedMain] WARN  org.hibernate.mapping.RootClass - HHH000038: Composite-id class does not override equals(): com.skypointer.huaji.bean.BorrowBook
2018-11-29 09:00:11.232 [restartedMain] WARN  org.hibernate.mapping.RootClass - HHH000039: Composite-id class does not override hashCode(): com.skypointer.huaji.bean.BorrowBook
2018-11-29 09:00:12.834 [restartedMain] INFO  org.apache.coyote.http11.Http11NioProtocol - Initializing ProtocolHandler ["http-nio-8855"]
2018-11-29 09:00:12.847 [restartedMain] INFO  org.apache.coyote.http11.Http11NioProtocol - Starting ProtocolHandler [http-nio-8855]
2018-11-29 09:00:12.854 [restartedMain] INFO  org.apache.tomcat.util.net.NioSelectorPool - Using a shared selector for servlet write/read
2018-11-29 09:00:12.872 [restartedMain] INFO  com.skypointer.huaji.HuajiApplication - Started HuajiApplication in 5.752 seconds (JVM running for 7.28)
2018-11-29 09:01:01.994 [http-nio-8855-exec-1] INFO  org.apache.tomcat.util.http.parser.Cookie - A cookie header was received [1541061299; Hm_lvt_90194188523e0a2d04ad3ad170c83f30=1541041745,1541130442,1541512053,1541730580] that contained an invalid cookie. That cookie will be ignored.Note: further occurrences of this error will be logged at DEBUG level.
2018-11-29 09:01:01.998 [http-nio-8855-exec-1] INFO  org.apache.catalina.core.ContainerBase.[Tomcat].[localhost].[/] - Initializing Spring FrameworkServlet 'dispatcherServlet'
2018-11-29 09:06:06.861 [Thread-20] INFO  com.alibaba.druid.pool.DruidDataSource - {dataSource-1} closed
2018-11-29 09:54:52.193 [restartedMain] INFO  com.skypointer.huaji.HuajiApplication - Starting HuajiApplication on sosky-XPS-13-9360 with PID 26110 (/home/sosky/Documents/jinying-project/huaji2/target/classes started by sosky in /home/sosky/Documents/jinying-project/huaji2)
2018-11-29 09:54:52.196 [restartedMain] DEBUG com.skypointer.huaji.HuajiApplication - Running with Spring Boot v1.4.2.RELEASE, Spring v4.3.4.RELEASE
2018-11-29 09:54:52.197 [restartedMain] INFO  com.skypointer.huaji.HuajiApplication - No active profile set, falling back to default profiles: default
2018-11-29 09:54:52.468 [background-preinit] DEBUG org.jboss.logging - Logging Provider: org.jboss.logging.Slf4jLoggerProvider found via system property
2018-11-29 09:54:54.369 [restartedMain] INFO  org.apache.catalina.core.StandardService - Starting service Tomcat
2018-11-29 09:54:54.370 [restartedMain] INFO  org.apache.catalina.core.StandardEngine - Starting Servlet Engine: Apache Tomcat/8.5.6
2018-11-29 09:54:54.436 [localhost-startStop-1] INFO  org.apache.catalina.core.ContainerBase.[Tomcat].[localhost].[/] - Initializing Spring embedded WebApplicationContext
2018-11-29 09:54:55.154 [restartedMain] INFO  com.alibaba.druid.pool.DruidDataSource - {dataSource-1} inited
2018-11-29 09:54:55.684 [restartedMain] WARN  org.hibernate.mapping.RootClass - HHH000038: Composite-id class does not override equals(): com.skypointer.huaji.bean.BorrowBook
2018-11-29 09:54:55.685 [restartedMain] WARN  org.hibernate.mapping.RootClass - HHH000039: Composite-id class does not override hashCode(): com.skypointer.huaji.bean.BorrowBook
2018-11-29 09:54:57.715 [restartedMain] INFO  org.apache.coyote.http11.Http11NioProtocol - Initializing ProtocolHandler ["http-nio-8855"]
2018-11-29 09:54:57.725 [restartedMain] INFO  org.apache.coyote.http11.Http11NioProtocol - Starting ProtocolHandler [http-nio-8855]
2018-11-29 09:54:57.731 [restartedMain] INFO  org.apache.tomcat.util.net.NioSelectorPool - Using a shared selector for servlet write/read
2018-11-29 09:54:57.746 [restartedMain] INFO  com.skypointer.huaji.HuajiApplication - Started HuajiApplication in 5.947 seconds (JVM running for 7.351)
2018-11-29 09:55:08.316 [http-nio-8855-exec-1] INFO  org.apache.tomcat.util.http.parser.Cookie - A cookie header was received [1541061299; Hm_lvt_90194188523e0a2d04ad3ad170c83f30=1541041745,1541130442,1541512053,1541730580] that contained an invalid cookie. That cookie will be ignored.Note: further occurrences of this error will be logged at DEBUG level.
2018-11-29 09:55:08.322 [http-nio-8855-exec-1] INFO  org.apache.catalina.core.ContainerBase.[Tomcat].[localhost].[/] - Initializing Spring FrameworkServlet 'dispatcherServlet'
2018-11-29 09:55:08.739 [http-nio-8855-exec-1] WARN  org.springframework.web.servlet.PageNotFound - Request method 'GET' not supported
2018-11-29 09:55:08.739 [http-nio-8855-exec-1] WARN  org.springframework.web.servlet.mvc.support.DefaultHandlerExceptionResolver - Resolved exception caused by Handler execution: org.springframework.web.HttpRequestMethodNotSupportedException: Request method 'GET' not supported
2018-11-29 09:57:53.619 [Thread-21] INFO  com.alibaba.druid.pool.DruidDataSource - {dataSource-1} closed
2018-11-29 09:57:57.908 [restartedMain] INFO  com.skypointer.huaji.HuajiApplication - Starting HuajiApplication on sosky-XPS-13-9360 with PID 26696 (/home/sosky/Documents/jinying-project/huaji2/target/classes started by sosky in /home/sosky/Documents/jinying-project/huaji2)
2018-11-29 09:57:57.917 [restartedMain] DEBUG com.skypointer.huaji.HuajiApplication - Running with Spring Boot v1.4.2.RELEASE, Spring v4.3.4.RELEASE
2018-11-29 09:57:57.917 [restartedMain] INFO  com.skypointer.huaji.HuajiApplication - No active profile set, falling back to default profiles: default
2018-11-29 09:57:58.157 [background-preinit] DEBUG org.jboss.logging - Logging Provider: org.jboss.logging.Slf4jLoggerProvider found via system property
2018-11-29 09:58:00.128 [restartedMain] INFO  org.apache.catalina.core.StandardService - Starting service Tomcat
2018-11-29 09:58:00.129 [restartedMain] INFO  org.apache.catalina.core.StandardEngine - Starting Servlet Engine: Apache Tomcat/8.5.6
2018-11-29 09:58:00.188 [localhost-startStop-1] INFO  org.apache.catalina.core.ContainerBase.[Tomcat].[localhost].[/] - Initializing Spring embedded WebApplicationContext
2018-11-29 09:58:00.794 [restartedMain] INFO  com.alibaba.druid.pool.DruidDataSource - {dataSource-1} inited
2018-11-29 09:58:01.224 [restartedMain] WARN  org.hibernate.mapping.RootClass - HHH000038: Composite-id class does not override equals(): com.skypointer.huaji.bean.BorrowBook
2018-11-29 09:58:01.225 [restartedMain] WARN  org.hibernate.mapping.RootClass - HHH000039: Composite-id class does not override hashCode(): com.skypointer.huaji.bean.BorrowBook
2018-11-29 09:58:02.850 [restartedMain] INFO  org.apache.coyote.http11.Http11NioProtocol - Initializing ProtocolHandler ["http-nio-8855"]
2018-11-29 09:58:02.858 [restartedMain] INFO  org.apache.coyote.http11.Http11NioProtocol - Starting ProtocolHandler [http-nio-8855]
2018-11-29 09:58:02.863 [restartedMain] INFO  org.apache.tomcat.util.net.NioSelectorPool - Using a shared selector for servlet write/read
2018-11-29 09:58:02.879 [restartedMain] INFO  com.skypointer.huaji.HuajiApplication - Started HuajiApplication in 5.296 seconds (JVM running for 6.471)
2018-11-29 09:58:08.559 [http-nio-8855-exec-1] INFO  org.apache.tomcat.util.http.parser.Cookie - A cookie header was received [1541061299; Hm_lvt_90194188523e0a2d04ad3ad170c83f30=1541041745,1541130442,1541512053,1541730580] that contained an invalid cookie. That cookie will be ignored.Note: further occurrences of this error will be logged at DEBUG level.
2018-11-29 09:58:08.568 [http-nio-8855-exec-1] INFO  org.apache.catalina.core.ContainerBase.[Tomcat].[localhost].[/] - Initializing Spring FrameworkServlet 'dispatcherServlet'
2018-11-29 10:01:06.193 [Thread-19] INFO  com.alibaba.druid.pool.DruidDataSource - {dataSource-1} closed
2018-11-29 10:01:10.533 [restartedMain] INFO  com.skypointer.huaji.HuajiApplication - Starting HuajiApplication on sosky-XPS-13-9360 with PID 26939 (/home/sosky/Documents/jinying-project/huaji2/target/classes started by sosky in /home/sosky/Documents/jinying-project/huaji2)
2018-11-29 10:01:10.542 [restartedMain] DEBUG com.skypointer.huaji.HuajiApplication - Running with Spring Boot v1.4.2.RELEASE, Spring v4.3.4.RELEASE
2018-11-29 10:01:10.542 [restartedMain] INFO  com.skypointer.huaji.HuajiApplication - No active profile set, falling back to default profiles: default
2018-11-29 10:01:10.770 [background-preinit] DEBUG org.jboss.logging - Logging Provider: org.jboss.logging.Slf4jLoggerProvider found via system property
2018-11-29 10:01:12.483 [restartedMain] INFO  org.apache.catalina.core.StandardService - Starting service Tomcat
2018-11-29 10:01:12.484 [restartedMain] INFO  org.apache.catalina.core.StandardEngine - Starting Servlet Engine: Apache Tomcat/8.5.6
2018-11-29 10:01:12.534 [localhost-startStop-1] INFO  org.apache.catalina.core.ContainerBase.[Tomcat].[localhost].[/] - Initializing Spring embedded WebApplicationContext
2018-11-29 10:01:13.061 [restartedMain] INFO  com.alibaba.druid.pool.DruidDataSource - {dataSource-1} inited
2018-11-29 10:01:13.469 [restartedMain] WARN  org.hibernate.mapping.RootClass - HHH000038: Composite-id class does not override equals(): com.skypointer.huaji.bean.BorrowBook
2018-11-29 10:01:13.470 [restartedMain] WARN  org.hibernate.mapping.RootClass - HHH000039: Composite-id class does not override hashCode(): com.skypointer.huaji.bean.BorrowBook
2018-11-29 10:01:14.928 [restartedMain] INFO  org.apache.coyote.http11.Http11NioProtocol - Initializing ProtocolHandler ["http-nio-8855"]
2018-11-29 10:01:14.935 [restartedMain] INFO  org.apache.coyote.http11.Http11NioProtocol - Starting ProtocolHandler [http-nio-8855]
2018-11-29 10:01:14.940 [restartedMain] INFO  org.apache.tomcat.util.net.NioSelectorPool - Using a shared selector for servlet write/read
2018-11-29 10:01:14.957 [restartedMain] INFO  com.skypointer.huaji.HuajiApplication - Started HuajiApplication in 4.798 seconds (JVM running for 6.029)
2018-11-29 10:01:25.785 [http-nio-8855-exec-1] INFO  org.apache.tomcat.util.http.parser.Cookie - A cookie header was received [1541061299; Hm_lvt_90194188523e0a2d04ad3ad170c83f30=1541041745,1541130442,1541512053,1541730580; JSESSIONID=7FF8ED12E120F218C7412EDFC8B56EE3] that contained an invalid cookie. That cookie will be ignored.Note: further occurrences of this error will be logged at DEBUG level.
2018-11-29 10:01:25.791 [http-nio-8855-exec-1] INFO  org.apache.catalina.core.ContainerBase.[Tomcat].[localhost].[/] - Initializing Spring FrameworkServlet 'dispatcherServlet'
2018-11-29 10:03:28.734 [Thread-18] INFO  com.alibaba.druid.pool.DruidDataSource - {dataSource-1} closed
2018-11-29 10:03:32.739 [restartedMain] INFO  com.skypointer.huaji.HuajiApplication - Starting HuajiApplication on sosky-XPS-13-9360 with PID 27322 (/home/sosky/Documents/jinying-project/huaji2/target/classes started by sosky in /home/sosky/Documents/jinying-project/huaji2)
2018-11-29 10:03:32.747 [restartedMain] DEBUG com.skypointer.huaji.HuajiApplication - Running with Spring Boot v1.4.2.RELEASE, Spring v4.3.4.RELEASE
2018-11-29 10:03:32.748 [restartedMain] INFO  com.skypointer.huaji.HuajiApplication - No active profile set, falling back to default profiles: default
2018-11-29 10:03:32.999 [background-preinit] DEBUG org.jboss.logging - Logging Provider: org.jboss.logging.Slf4jLoggerProvider found via system property
2018-11-29 10:03:34.927 [restartedMain] INFO  org.apache.catalina.core.StandardService - Starting service Tomcat
2018-11-29 10:03:34.928 [restartedMain] INFO  org.apache.catalina.core.StandardEngine - Starting Servlet Engine: Apache Tomcat/8.5.6
2018-11-29 10:03:35.005 [localhost-startStop-1] INFO  org.apache.catalina.core.ContainerBase.[Tomcat].[localhost].[/] - Initializing Spring embedded WebApplicationContext
2018-11-29 10:03:35.598 [restartedMain] INFO  com.alibaba.druid.pool.DruidDataSource - {dataSource-1} inited
2018-11-29 10:03:36.063 [restartedMain] WARN  org.hibernate.mapping.RootClass - HHH000038: Composite-id class does not override equals(): com.skypointer.huaji.bean.BorrowBook
2018-11-29 10:03:36.063 [restartedMain] WARN  org.hibernate.mapping.RootClass - HHH000039: Composite-id class does not override hashCode(): com.skypointer.huaji.bean.BorrowBook
2018-11-29 10:03:37.680 [restartedMain] INFO  org.apache.coyote.http11.Http11NioProtocol - Initializing ProtocolHandler ["http-nio-8855"]
2018-11-29 10:03:37.688 [restartedMain] INFO  org.apache.coyote.http11.Http11NioProtocol - Starting ProtocolHandler [http-nio-8855]
2018-11-29 10:03:37.693 [restartedMain] INFO  org.apache.tomcat.util.net.NioSelectorPool - Using a shared selector for servlet write/read
2018-11-29 10:03:37.709 [restartedMain] INFO  com.skypointer.huaji.HuajiApplication - Started HuajiApplication in 5.351 seconds (JVM running for 6.488)
2018-11-29 10:03:44.747 [http-nio-8855-exec-1] INFO  org.apache.tomcat.util.http.parser.Cookie - A cookie header was received [1541061299; Hm_lvt_90194188523e0a2d04ad3ad170c83f30=1541041745,1541130442,1541512053,1541730580; JSESSIONID=7FF8ED12E120F218C7412EDFC8B56EE3] that contained an invalid cookie. That cookie will be ignored.Note: further occurrences of this error will be logged at DEBUG level.
2018-11-29 10:03:44.753 [http-nio-8855-exec-1] INFO  org.apache.catalina.core.ContainerBase.[Tomcat].[localhost].[/] - Initializing Spring FrameworkServlet 'dispatcherServlet'
2018-11-29 10:15:15.365 [Thread-19] INFO  com.alibaba.druid.pool.DruidDataSource - {dataSource-1} closed
2018-11-29 10:15:17.780 [restartedMain] INFO  com.skypointer.huaji.HuajiApplication - Starting HuajiApplication on sosky-XPS-13-9360 with PID 27994 (/home/sosky/Documents/jinying-project/huaji2/target/classes started by sosky in /home/sosky/Documents/jinying-project/huaji2)
2018-11-29 10:15:17.783 [restartedMain] DEBUG com.skypointer.huaji.HuajiApplication - Running with Spring Boot v1.4.2.RELEASE, Spring v4.3.4.RELEASE
2018-11-29 10:15:17.784 [restartedMain] INFO  com.skypointer.huaji.HuajiApplication - No active profile set, falling back to default profiles: default
2018-11-29 10:15:18.045 [background-preinit] DEBUG org.jboss.logging - Logging Provider: org.jboss.logging.Slf4jLoggerProvider found via system property
2018-11-29 10:15:19.567 [restartedMain] INFO  org.apache.catalina.core.StandardService - Starting service Tomcat
2018-11-29 10:15:19.568 [restartedMain] INFO  org.apache.catalina.core.StandardEngine - Starting Servlet Engine: Apache Tomcat/8.5.6
2018-11-29 10:15:19.622 [localhost-startStop-1] INFO  org.apache.catalina.core.ContainerBase.[Tomcat].[localhost].[/] - Initializing Spring embedded WebApplicationContext
2018-11-29 10:15:20.106 [restartedMain] INFO  com.alibaba.druid.pool.DruidDataSource - {dataSource-1} inited
2018-11-29 10:15:20.494 [restartedMain] WARN  org.hibernate.mapping.RootClass - HHH000038: Composite-id class does not override equals(): com.skypointer.huaji.bean.BorrowBook
2018-11-29 10:15:20.495 [restartedMain] WARN  org.hibernate.mapping.RootClass - HHH000039: Composite-id class does not override hashCode(): com.skypointer.huaji.bean.BorrowBook
2018-11-29 10:15:21.810 [restartedMain] INFO  org.apache.coyote.http11.Http11NioProtocol - Initializing ProtocolHandler ["http-nio-8855"]
2018-11-29 10:15:21.817 [restartedMain] INFO  org.apache.coyote.http11.Http11NioProtocol - Starting ProtocolHandler [http-nio-8855]
2018-11-29 10:15:21.822 [restartedMain] INFO  org.apache.tomcat.util.net.NioSelectorPool - Using a shared selector for servlet write/read
2018-11-29 10:15:21.836 [restartedMain] INFO  com.skypointer.huaji.HuajiApplication - Started HuajiApplication in 4.514 seconds (JVM running for 5.553)
2018-11-29 10:16:44.887 [Thread-18] INFO  com.alibaba.druid.pool.DruidDataSource - {dataSource-1} closed
2018-11-29 10:16:46.758 [restartedMain] INFO  com.skypointer.huaji.HuajiApplication - Starting HuajiApplication on sosky-XPS-13-9360 with PID 28125 (/home/sosky/Documents/jinying-project/huaji2/target/classes started by sosky in /home/sosky/Documents/jinying-project/huaji2)
2018-11-29 10:16:46.761 [restartedMain] DEBUG com.skypointer.huaji.HuajiApplication - Running with Spring Boot v1.4.2.RELEASE, Spring v4.3.4.RELEASE
2018-11-29 10:16:46.761 [restartedMain] INFO  com.skypointer.huaji.HuajiApplication - No active profile set, falling back to default profiles: default
2018-11-29 10:16:47.097 [background-preinit] DEBUG org.jboss.logging - Logging Provider: org.jboss.logging.Slf4jLoggerProvider found via system property
2018-11-29 10:16:48.810 [restartedMain] INFO  org.apache.catalina.core.StandardService - Starting service Tomcat
2018-11-29 10:16:48.811 [restartedMain] INFO  org.apache.catalina.core.StandardEngine - Starting Servlet Engine: Apache Tomcat/8.5.6
2018-11-29 10:16:48.866 [localhost-startStop-1] INFO  org.apache.catalina.core.ContainerBase.[Tomcat].[localhost].[/] - Initializing Spring embedded WebApplicationContext
2018-11-29 10:16:49.342 [restartedMain] INFO  com.alibaba.druid.pool.DruidDataSource - {dataSource-1} inited
2018-11-29 10:16:49.696 [restartedMain] WARN  org.hibernate.mapping.RootClass - HHH000038: Composite-id class does not override equals(): com.skypointer.huaji.bean.BorrowBook
2018-11-29 10:16:49.696 [restartedMain] WARN  org.hibernate.mapping.RootClass - HHH000039: Composite-id class does not override hashCode(): com.skypointer.huaji.bean.BorrowBook
2018-11-29 10:16:50.997 [restartedMain] INFO  org.apache.coyote.http11.Http11NioProtocol - Initializing ProtocolHandler ["http-nio-8855"]
2018-11-29 10:16:51.003 [restartedMain] INFO  org.apache.coyote.http11.Http11NioProtocol - Starting ProtocolHandler [http-nio-8855]
2018-11-29 10:16:51.008 [restartedMain] INFO  org.apache.tomcat.util.net.NioSelectorPool - Using a shared selector for servlet write/read
2018-11-29 10:16:51.022 [restartedMain] INFO  com.skypointer.huaji.HuajiApplication - Started HuajiApplication in 4.657 seconds (JVM running for 5.409)
2018-11-29 10:22:24.596 [Thread-18] INFO  com.alibaba.druid.pool.DruidDataSource - {dataSource-1} closed
2018-11-29 10:22:28.286 [restartedMain] INFO  com.skypointer.huaji.HuajiApplication - Starting HuajiApplication on sosky-XPS-13-9360 with PID 28695 (/home/sosky/Documents/jinying-project/huaji2/target/classes started by sosky in /home/sosky/Documents/jinying-project/huaji2)
2018-11-29 10:22:28.289 [restartedMain] DEBUG com.skypointer.huaji.HuajiApplication - Running with Spring Boot v1.4.2.RELEASE, Spring v4.3.4.RELEASE
2018-11-29 10:22:28.290 [restartedMain] INFO  com.skypointer.huaji.HuajiApplication - No active profile set, falling back to default profiles: default
2018-11-29 10:22:28.496 [background-preinit] DEBUG org.jboss.logging - Logging Provider: org.jboss.logging.Slf4jLoggerProvider found via system property
2018-11-29 10:22:30.222 [restartedMain] INFO  org.apache.catalina.core.StandardService - Starting service Tomcat
2018-11-29 10:22:30.223 [restartedMain] INFO  org.apache.catalina.core.StandardEngine - Starting Servlet Engine: Apache Tomcat/8.5.6
2018-11-29 10:22:30.274 [localhost-startStop-1] INFO  org.apache.catalina.core.ContainerBase.[Tomcat].[localhost].[/] - Initializing Spring embedded WebApplicationContext
2018-11-29 10:22:30.854 [restartedMain] INFO  com.alibaba.druid.pool.DruidDataSource - {dataSource-1} inited
2018-11-29 10:22:31.272 [restartedMain] WARN  org.hibernate.mapping.RootClass - HHH000038: Composite-id class does not override equals(): com.skypointer.huaji.bean.BorrowBook
2018-11-29 10:22:31.272 [restartedMain] WARN  org.hibernate.mapping.RootClass - HHH000039: Composite-id class does not override hashCode(): com.skypointer.huaji.bean.BorrowBook
2018-11-29 10:22:32.937 [restartedMain] INFO  org.apache.coyote.http11.Http11NioProtocol - Initializing ProtocolHandler ["http-nio-8855"]
2018-11-29 10:22:32.946 [restartedMain] INFO  org.apache.coyote.http11.Http11NioProtocol - Starting ProtocolHandler [http-nio-8855]
2018-11-29 10:22:32.952 [restartedMain] INFO  org.apache.tomcat.util.net.NioSelectorPool - Using a shared selector for servlet write/read
2018-11-29 10:22:32.969 [restartedMain] INFO  com.skypointer.huaji.HuajiApplication - Started HuajiApplication in 4.995 seconds (JVM running for 5.912)
2018-11-29 10:28:44.881 [Thread-19] INFO  com.alibaba.druid.pool.DruidDataSource - {dataSource-1} closed
2018-11-29 10:28:46.798 [restartedMain] INFO  com.skypointer.huaji.HuajiApplication - Starting HuajiApplication on sosky-XPS-13-9360 with PID 28909 (/home/sosky/Documents/jinying-project/huaji2/target/classes started by sosky in /home/sosky/Documents/jinying-project/huaji2)
2018-11-29 10:28:46.803 [restartedMain] DEBUG com.skypointer.huaji.HuajiApplication - Running with Spring Boot v1.4.2.RELEASE, Spring v4.3.4.RELEASE
2018-11-29 10:28:46.803 [restartedMain] INFO  com.skypointer.huaji.HuajiApplication - No active profile set, falling back to default profiles: default
2018-11-29 10:28:47.020 [background-preinit] DEBUG org.jboss.logging - Logging Provider: org.jboss.logging.Slf4jLoggerProvider found via system property
2018-11-29 10:28:48.461 [restartedMain] INFO  org.apache.catalina.core.StandardService - Starting service Tomcat
2018-11-29 10:28:48.462 [restartedMain] INFO  org.apache.catalina.core.StandardEngine - Starting Servlet Engine: Apache Tomcat/8.5.6
2018-11-29 10:28:48.522 [localhost-startStop-1] INFO  org.apache.catalina.core.ContainerBase.[Tomcat].[localhost].[/] - Initializing Spring embedded WebApplicationContext
2018-11-29 10:28:49.025 [restartedMain] INFO  com.alibaba.druid.pool.DruidDataSource - {dataSource-1} inited
2018-11-29 10:28:49.430 [restartedMain] WARN  org.hibernate.mapping.RootClass - HHH000038: Composite-id class does not override equals(): com.skypointer.huaji.bean.BorrowBook
2018-11-29 10:28:49.430 [restartedMain] WARN  org.hibernate.mapping.RootClass - HHH000039: Composite-id class does not override hashCode(): com.skypointer.huaji.bean.BorrowBook
2018-11-29 10:28:50.828 [restartedMain] INFO  org.apache.coyote.http11.Http11NioProtocol - Initializing ProtocolHandler ["http-nio-8855"]
2018-11-29 10:28:50.835 [restartedMain] INFO  org.apache.coyote.http11.Http11NioProtocol - Starting ProtocolHandler [http-nio-8855]
2018-11-29 10:28:50.839 [restartedMain] INFO  org.apache.tomcat.util.net.NioSelectorPool - Using a shared selector for servlet write/read
2018-11-29 10:28:50.854 [restartedMain] INFO  com.skypointer.huaji.HuajiApplication - Started HuajiApplication in 4.406 seconds (JVM running for 5.285)
2018-11-29 10:31:07.513 [http-nio-8855-exec-1] INFO  org.apache.tomcat.util.http.parser.Cookie - A cookie header was received [1541061299; Hm_lvt_90194188523e0a2d04ad3ad170c83f30=1541041745,1541130442,1541512053,1541730580; JSESSIONID=7FF8ED12E120F218C7412EDFC8B56EE3] that contained an invalid cookie. That cookie will be ignored.Note: further occurrences of this error will be logged at DEBUG level.
2018-11-29 10:31:07.518 [http-nio-8855-exec-1] INFO  org.apache.catalina.core.ContainerBase.[Tomcat].[localhost].[/] - Initializing Spring FrameworkServlet 'dispatcherServlet'
2018-11-29 10:43:22.468 [Thread-18] INFO  com.alibaba.druid.pool.DruidDataSource - {dataSource-1} closed
2018-11-29 10:43:25.742 [restartedMain] INFO  com.skypointer.huaji.HuajiApplication - Starting HuajiApplication on sosky-XPS-13-9360 with PID 29625 (/home/sosky/Documents/jinying-project/huaji2/target/classes started by sosky in /home/sosky/Documents/jinying-project/huaji2)
2018-11-29 10:43:25.745 [restartedMain] DEBUG com.skypointer.huaji.HuajiApplication - Running with Spring Boot v1.4.2.RELEASE, Spring v4.3.4.RELEASE
2018-11-29 10:43:25.745 [restartedMain] INFO  com.skypointer.huaji.HuajiApplication - No active profile set, falling back to default profiles: default
2018-11-29 10:43:25.926 [background-preinit] DEBUG org.jboss.logging - Logging Provider: org.jboss.logging.Slf4jLoggerProvider found via system property
2018-11-29 10:43:27.430 [restartedMain] INFO  org.apache.catalina.core.StandardService - Starting service Tomcat
2018-11-29 10:43:27.431 [restartedMain] INFO  org.apache.catalina.core.StandardEngine - Starting Servlet Engine: Apache Tomcat/8.5.6
2018-11-29 10:43:27.476 [localhost-startStop-1] INFO  org.apache.catalina.core.ContainerBase.[Tomcat].[localhost].[/] - Initializing Spring embedded WebApplicationContext
2018-11-29 10:43:27.991 [restartedMain] INFO  com.alibaba.druid.pool.DruidDataSource - {dataSource-1} inited
2018-11-29 10:43:28.368 [restartedMain] WARN  org.hibernate.mapping.RootClass - HHH000038: Composite-id class does not override equals(): com.skypointer.huaji.bean.BorrowBook
2018-11-29 10:43:28.368 [restartedMain] WARN  org.hibernate.mapping.RootClass - HHH000039: Composite-id class does not override hashCode(): com.skypointer.huaji.bean.BorrowBook
2018-11-29 10:43:29.790 [restartedMain] INFO  org.apache.coyote.http11.Http11NioProtocol - Initializing ProtocolHandler ["http-nio-8855"]
2018-11-29 10:43:29.798 [restartedMain] INFO  org.apache.coyote.http11.Http11NioProtocol - Starting ProtocolHandler [http-nio-8855]
2018-11-29 10:43:29.803 [restartedMain] INFO  org.apache.tomcat.util.net.NioSelectorPool - Using a shared selector for servlet write/read
2018-11-29 10:43:29.817 [restartedMain] INFO  com.skypointer.huaji.HuajiApplication - Started HuajiApplication in 4.336 seconds (JVM running for 5.137)
2018-11-29 10:43:35.324 [http-nio-8855-exec-1] INFO  org.apache.tomcat.util.http.parser.Cookie - A cookie header was received [1541061299; Hm_lvt_90194188523e0a2d04ad3ad170c83f30=1541041745,1541130442,1541512053,1541730580; JSESSIONID=7FF8ED12E120F218C7412EDFC8B56EE3] that contained an invalid cookie. That cookie will be ignored.Note: further occurrences of this error will be logged at DEBUG level.
2018-11-29 10:43:35.329 [http-nio-8855-exec-1] INFO  org.apache.catalina.core.ContainerBase.[Tomcat].[localhost].[/] - Initializing Spring FrameworkServlet 'dispatcherServlet'
2018-11-29 10:48:46.134 [Thread-17] INFO  com.alibaba.druid.pool.DruidDataSource - {dataSource-1} closed
2018-11-29 10:48:50.849 [restartedMain] INFO  com.skypointer.huaji.HuajiApplication - Starting HuajiApplication on sosky-XPS-13-9360 with PID 29988 (/home/sosky/Documents/jinying-project/huaji2/target/classes started by sosky in /home/sosky/Documents/jinying-project/huaji2)
2018-11-29 10:48:50.853 [restartedMain] DEBUG com.skypointer.huaji.HuajiApplication - Running with Spring Boot v1.4.2.RELEASE, Spring v4.3.4.RELEASE
2018-11-29 10:48:50.853 [restartedMain] INFO  com.skypointer.huaji.HuajiApplication - No active profile set, falling back to default profiles: default
2018-11-29 10:48:51.222 [background-preinit] DEBUG org.jboss.logging - Logging Provider: org.jboss.logging.Slf4jLoggerProvider found via system property
2018-11-29 10:48:52.176 [restartedMain] INFO  com.skypointer.huaji.HuajiApplication - Starting HuajiApplication on sosky-XPS-13-9360 with PID 30048 (/home/sosky/Documents/jinying-project/huaji2/target/classes started by sosky in /home/sosky/Documents/jinying-project/huaji2)
2018-11-29 10:48:52.183 [restartedMain] DEBUG com.skypointer.huaji.HuajiApplication - Running with Spring Boot v1.4.2.RELEASE, Spring v4.3.4.RELEASE
2018-11-29 10:48:52.183 [restartedMain] INFO  com.skypointer.huaji.HuajiApplication - No active profile set, falling back to default profiles: default
2018-11-29 10:48:52.410 [background-preinit] DEBUG org.jboss.logging - Logging Provider: org.jboss.logging.Slf4jLoggerProvider found via system property
2018-11-29 10:48:53.730 [restartedMain] INFO  org.apache.catalina.core.StandardService - Starting service Tomcat
2018-11-29 10:48:53.731 [restartedMain] INFO  org.apache.catalina.core.StandardEngine - Starting Servlet Engine: Apache Tomcat/8.5.6
2018-11-29 10:48:53.788 [localhost-startStop-1] INFO  org.apache.catalina.core.ContainerBase.[Tomcat].[localhost].[/] - Initializing Spring embedded WebApplicationContext
2018-11-29 10:48:54.077 [restartedMain] INFO  org.apache.catalina.core.StandardService - Starting service Tomcat
2018-11-29 10:48:54.078 [restartedMain] INFO  org.apache.catalina.core.StandardEngine - Starting Servlet Engine: Apache Tomcat/8.5.6
2018-11-29 10:48:54.145 [localhost-startStop-1] INFO  org.apache.catalina.core.ContainerBase.[Tomcat].[localhost].[/] - Initializing Spring embedded WebApplicationContext
2018-11-29 10:48:54.587 [restartedMain] INFO  com.alibaba.druid.pool.DruidDataSource - {dataSource-1} inited
2018-11-29 10:48:54.743 [restartedMain] INFO  com.alibaba.druid.pool.DruidDataSource - {dataSource-1} inited
2018-11-29 10:48:55.285 [restartedMain] WARN  org.hibernate.mapping.RootClass - HHH000038: Composite-id class does not override equals(): com.skypointer.huaji.bean.BorrowBook
2018-11-29 10:48:55.285 [restartedMain] WARN  org.hibernate.mapping.RootClass - HHH000039: Composite-id class does not override hashCode(): com.skypointer.huaji.bean.BorrowBook
2018-11-29 10:48:55.290 [restartedMain] WARN  org.hibernate.mapping.RootClass - HHH000038: Composite-id class does not override equals(): com.skypointer.huaji.bean.BorrowBook
2018-11-29 10:48:55.290 [restartedMain] WARN  org.hibernate.mapping.RootClass - HHH000039: Composite-id class does not override hashCode(): com.skypointer.huaji.bean.BorrowBook
2018-11-29 10:48:57.195 [restartedMain] INFO  org.apache.coyote.http11.Http11NioProtocol - Initializing ProtocolHandler ["http-nio-8855"]
2018-11-29 10:48:57.203 [restartedMain] INFO  org.apache.coyote.http11.Http11NioProtocol - Starting ProtocolHandler [http-nio-8855]
2018-11-29 10:48:57.213 [restartedMain] INFO  org.apache.tomcat.util.net.NioSelectorPool - Using a shared selector for servlet write/read
2018-11-29 10:48:57.237 [restartedMain] INFO  com.skypointer.huaji.HuajiApplication - Started HuajiApplication in 5.331 seconds (JVM running for 6.433)
2018-11-29 10:48:57.378 [restartedMain] WARN  org.springframework.boot.devtools.autoconfigure.OptionalLiveReloadServer - Unable to start LiveReload server
2018-11-29 10:48:57.555 [restartedMain] INFO  org.apache.coyote.http11.Http11NioProtocol - Initializing ProtocolHandler ["http-nio-8855"]
2018-11-29 10:48:57.567 [restartedMain] INFO  org.apache.coyote.http11.Http11NioProtocol - Starting ProtocolHandler [http-nio-8855]
2018-11-29 10:48:57.574 [restartedMain] ERROR org.apache.coyote.http11.Http11NioProtocol - Failed to start end point associated with ProtocolHandler [http-nio-8855]
java.net.BindException: Address already in use
	at sun.nio.ch.Net.bind0(Native Method)
	at sun.nio.ch.Net.bind(Net.java:433)
	at sun.nio.ch.Net.bind(Net.java:425)
	at sun.nio.ch.ServerSocketChannelImpl.bind(ServerSocketChannelImpl.java:223)
	at sun.nio.ch.ServerSocketAdaptor.bind(ServerSocketAdaptor.java:74)
	at org.apache.tomcat.util.net.NioEndpoint.bind(NioEndpoint.java:228)
	at org.apache.tomcat.util.net.AbstractEndpoint.start(AbstractEndpoint.java:874)
	at org.apache.coyote.AbstractProtocol.start(AbstractProtocol.java:590)
	at org.apache.catalina.connector.Connector.startInternal(Connector.java:969)
	at org.apache.catalina.util.LifecycleBase.start(LifecycleBase.java:150)
	at org.apache.catalina.core.StandardService.addConnector(StandardService.java:225)
	at org.springframework.boot.context.embedded.tomcat.TomcatEmbeddedServletContainer.addPreviouslyRemovedConnectors(TomcatEmbeddedServletContainer.java:233)
	at org.springframework.boot.context.embedded.tomcat.TomcatEmbeddedServletContainer.start(TomcatEmbeddedServletContainer.java:178)
	at org.springframework.boot.context.embedded.EmbeddedWebApplicationContext.startEmbeddedServletContainer(EmbeddedWebApplicationContext.java:297)
	at org.springframework.boot.context.embedded.EmbeddedWebApplicationContext.finishRefresh(EmbeddedWebApplicationContext.java:145)
	at org.springframework.context.support.AbstractApplicationContext.refresh(AbstractApplicationContext.java:545)
	at org.springframework.boot.context.embedded.EmbeddedWebApplicationContext.refresh(EmbeddedWebApplicationContext.java:122)
	at org.springframework.boot.SpringApplication.refresh(SpringApplication.java:761)
	at org.springframework.boot.SpringApplication.refreshContext(SpringApplication.java:371)
	at org.springframework.boot.SpringApplication.run(SpringApplication.java:315)
	at org.springframework.boot.SpringApplication.run(SpringApplication.java:1186)
	at org.springframework.boot.SpringApplication.run(SpringApplication.java:1175)
	at com.skypointer.huaji.HuajiApplication.main(HuajiApplication.java:10)
	at sun.reflect.NativeMethodAccessorImpl.invoke0(Native Method)
	at sun.reflect.NativeMethodAccessorImpl.invoke(NativeMethodAccessorImpl.java:62)
	at sun.reflect.DelegatingMethodAccessorImpl.invoke(DelegatingMethodAccessorImpl.java:43)
	at java.lang.reflect.Method.invoke(Method.java:498)
	at org.springframework.boot.devtools.restart.RestartLauncher.run(RestartLauncher.java:49)
2018-11-29 10:48:57.575 [restartedMain] ERROR org.apache.catalina.core.StandardService - Failed to start connector [Connector[HTTP/1.1-8855]]
org.apache.catalina.LifecycleException: Failed to start component [Connector[HTTP/1.1-8855]]
	at org.apache.catalina.util.LifecycleBase.start(LifecycleBase.java:167)
	at org.apache.catalina.core.StandardService.addConnector(StandardService.java:225)
	at org.springframework.boot.context.embedded.tomcat.TomcatEmbeddedServletContainer.addPreviouslyRemovedConnectors(TomcatEmbeddedServletContainer.java:233)
	at org.springframework.boot.context.embedded.tomcat.TomcatEmbeddedServletContainer.start(TomcatEmbeddedServletContainer.java:178)
	at org.springframework.boot.context.embedded.EmbeddedWebApplicationContext.startEmbeddedServletContainer(EmbeddedWebApplicationContext.java:297)
	at org.springframework.boot.context.embedded.EmbeddedWebApplicationContext.finishRefresh(EmbeddedWebApplicationContext.java:145)
	at org.springframework.context.support.AbstractApplicationContext.refresh(AbstractApplicationContext.java:545)
	at org.springframework.boot.context.embedded.EmbeddedWebApplicationContext.refresh(EmbeddedWebApplicationContext.java:122)
	at org.springframework.boot.SpringApplication.refresh(SpringApplication.java:761)
	at org.springframework.boot.SpringApplication.refreshContext(SpringApplication.java:371)
	at org.springframework.boot.SpringApplication.run(SpringApplication.java:315)
	at org.springframework.boot.SpringApplication.run(SpringApplication.java:1186)
	at org.springframework.boot.SpringApplication.run(SpringApplication.java:1175)
	at com.skypointer.huaji.HuajiApplication.main(HuajiApplication.java:10)
	at sun.reflect.NativeMethodAccessorImpl.invoke0(Native Method)
	at sun.reflect.NativeMethodAccessorImpl.invoke(NativeMethodAccessorImpl.java:62)
	at sun.reflect.DelegatingMethodAccessorImpl.invoke(DelegatingMethodAccessorImpl.java:43)
	at java.lang.reflect.Method.invoke(Method.java:498)
	at org.springframework.boot.devtools.restart.RestartLauncher.run(RestartLauncher.java:49)
Caused by: org.apache.catalina.LifecycleException: service.getName(): "Tomcat";  Protocol handler start failed
	at org.apache.catalina.connector.Connector.startInternal(Connector.java:976)
	at org.apache.catalina.util.LifecycleBase.start(LifecycleBase.java:150)
	... 18 common frames omitted
Caused by: java.net.BindException: Address already in use
	at sun.nio.ch.Net.bind0(Native Method)
	at sun.nio.ch.Net.bind(Net.java:433)
	at sun.nio.ch.Net.bind(Net.java:425)
	at sun.nio.ch.ServerSocketChannelImpl.bind(ServerSocketChannelImpl.java:223)
	at sun.nio.ch.ServerSocketAdaptor.bind(ServerSocketAdaptor.java:74)
	at org.apache.tomcat.util.net.NioEndpoint.bind(NioEndpoint.java:228)
	at org.apache.tomcat.util.net.AbstractEndpoint.start(AbstractEndpoint.java:874)
	at org.apache.coyote.AbstractProtocol.start(AbstractProtocol.java:590)
	at org.apache.catalina.connector.Connector.startInternal(Connector.java:969)
	... 19 common frames omitted
2018-11-29 10:48:57.582 [restartedMain] INFO  org.apache.coyote.http11.Http11NioProtocol - Pausing ProtocolHandler ["http-nio-8855"]
2018-11-29 10:48:57.583 [restartedMain] INFO  org.apache.catalina.core.StandardService - Stopping service Tomcat
2018-11-29 10:48:57.596 [restartedMain] INFO  org.apache.catalina.util.LifecycleBase - The stop() method was called on component [StandardServer[-1]] after stop() had already been called. The second call will be ignored.
2018-11-29 10:48:57.597 [restartedMain] INFO  org.apache.coyote.http11.Http11NioProtocol - Stopping ProtocolHandler ["http-nio-8855"]
2018-11-29 10:48:57.597 [restartedMain] INFO  org.apache.coyote.http11.Http11NioProtocol - Destroying ProtocolHandler ["http-nio-8855"]
2018-11-29 10:48:57.607 [restartedMain] ERROR org.springframework.boot.diagnostics.LoggingFailureAnalysisReporter - 

***************************
APPLICATION FAILED TO START
***************************

Description:

The Tomcat connector configured to listen on port 8855 failed to start. The port may already be in use or the connector may be misconfigured.

Action:

Verify the connector's configuration, identify and stop any process that's listening on port 8855, or configure this application to listen on another port.

2018-11-29 10:48:57.621 [restartedMain] INFO  com.alibaba.druid.pool.DruidDataSource - {dataSource-1} closed
2018-11-29 10:49:07.239 [http-nio-8855-exec-1] INFO  org.apache.tomcat.util.http.parser.Cookie - A cookie header was received [1541061299; Hm_lvt_90194188523e0a2d04ad3ad170c83f30=1541041745,1541130442,1541512053,1541730580; JSESSIONID=7FF8ED12E120F218C7412EDFC8B56EE3] that contained an invalid cookie. That cookie will be ignored.Note: further occurrences of this error will be logged at DEBUG level.
2018-11-29 10:49:07.245 [http-nio-8855-exec-1] INFO  org.apache.catalina.core.ContainerBase.[Tomcat].[localhost].[/] - Initializing Spring FrameworkServlet 'dispatcherServlet'
2018-11-29 10:49:36.213 [Thread-19] INFO  com.alibaba.druid.pool.DruidDataSource - {dataSource-1} closed
2018-11-29 10:49:39.276 [restartedMain] INFO  com.skypointer.huaji.HuajiApplication - Starting HuajiApplication on sosky-XPS-13-9360 with PID 30259 (/home/sosky/Documents/jinying-project/huaji2/target/classes started by sosky in /home/sosky/Documents/jinying-project/huaji2)
2018-11-29 10:49:39.280 [restartedMain] DEBUG com.skypointer.huaji.HuajiApplication - Running with Spring Boot v1.4.2.RELEASE, Spring v4.3.4.RELEASE
2018-11-29 10:49:39.280 [restartedMain] INFO  com.skypointer.huaji.HuajiApplication - No active profile set, falling back to default profiles: default
2018-11-29 10:49:39.488 [background-preinit] DEBUG org.jboss.logging - Logging Provider: org.jboss.logging.Slf4jLoggerProvider found via system property
2018-11-29 10:49:40.995 [restartedMain] INFO  org.apache.catalina.core.StandardService - Starting service Tomcat
2018-11-29 10:49:40.995 [restartedMain] INFO  org.apache.catalina.core.StandardEngine - Starting Servlet Engine: Apache Tomcat/8.5.6
2018-11-29 10:49:41.042 [localhost-startStop-1] INFO  org.apache.catalina.core.ContainerBase.[Tomcat].[localhost].[/] - Initializing Spring embedded WebApplicationContext
2018-11-29 10:49:41.556 [restartedMain] INFO  com.alibaba.druid.pool.DruidDataSource - {dataSource-1} inited
2018-11-29 10:49:41.930 [restartedMain] WARN  org.hibernate.mapping.RootClass - HHH000038: Composite-id class does not override equals(): com.skypointer.huaji.bean.BorrowBook
2018-11-29 10:49:41.930 [restartedMain] WARN  org.hibernate.mapping.RootClass - HHH000039: Composite-id class does not override hashCode(): com.skypointer.huaji.bean.BorrowBook
2018-11-29 10:49:43.330 [restartedMain] INFO  org.apache.coyote.http11.Http11NioProtocol - Initializing ProtocolHandler ["http-nio-8855"]
2018-11-29 10:49:43.336 [restartedMain] INFO  org.apache.coyote.http11.Http11NioProtocol - Starting ProtocolHandler [http-nio-8855]
2018-11-29 10:49:43.341 [restartedMain] INFO  org.apache.tomcat.util.net.NioSelectorPool - Using a shared selector for servlet write/read
2018-11-29 10:49:43.354 [restartedMain] INFO  com.skypointer.huaji.HuajiApplication - Started HuajiApplication in 4.343 seconds (JVM running for 5.074)
2018-11-29 10:50:04.485 [http-nio-8855-exec-1] INFO  org.apache.tomcat.util.http.parser.Cookie - A cookie header was received [1541061299; Hm_lvt_90194188523e0a2d04ad3ad170c83f30=1541041745,1541130442,1541512053,1541730580; JSESSIONID=7FF8ED12E120F218C7412EDFC8B56EE3] that contained an invalid cookie. That cookie will be ignored.Note: further occurrences of this error will be logged at DEBUG level.
2018-11-29 10:50:04.490 [http-nio-8855-exec-1] INFO  org.apache.catalina.core.ContainerBase.[Tomcat].[localhost].[/] - Initializing Spring FrameworkServlet 'dispatcherServlet'
2018-11-29 10:50:57.611 [Thread-17] INFO  com.alibaba.druid.pool.DruidDataSource - {dataSource-1} closed
2018-11-29 10:50:59.855 [restartedMain] INFO  com.skypointer.huaji.HuajiApplication - Starting HuajiApplication on sosky-XPS-13-9360 with PID 30481 (/home/sosky/Documents/jinying-project/huaji2/target/classes started by sosky in /home/sosky/Documents/jinying-project/huaji2)
2018-11-29 10:50:59.857 [restartedMain] DEBUG com.skypointer.huaji.HuajiApplication - Running with Spring Boot v1.4.2.RELEASE, Spring v4.3.4.RELEASE
2018-11-29 10:50:59.858 [restartedMain] INFO  com.skypointer.huaji.HuajiApplication - No active profile set, falling back to default profiles: default
2018-11-29 10:51:00.038 [background-preinit] DEBUG org.jboss.logging - Logging Provider: org.jboss.logging.Slf4jLoggerProvider found via system property
2018-11-29 10:51:01.588 [restartedMain] INFO  org.apache.catalina.core.StandardService - Starting service Tomcat
2018-11-29 10:51:01.589 [restartedMain] INFO  org.apache.catalina.core.StandardEngine - Starting Servlet Engine: Apache Tomcat/8.5.6
2018-11-29 10:51:01.634 [localhost-startStop-1] INFO  org.apache.catalina.core.ContainerBase.[Tomcat].[localhost].[/] - Initializing Spring embedded WebApplicationContext
2018-11-29 10:51:02.154 [restartedMain] INFO  com.alibaba.druid.pool.DruidDataSource - {dataSource-1} inited
2018-11-29 10:51:02.519 [restartedMain] WARN  org.hibernate.mapping.RootClass - HHH000038: Composite-id class does not override equals(): com.skypointer.huaji.bean.BorrowBook
2018-11-29 10:51:02.520 [restartedMain] WARN  org.hibernate.mapping.RootClass - HHH000039: Composite-id class does not override hashCode(): com.skypointer.huaji.bean.BorrowBook
2018-11-29 10:51:03.898 [restartedMain] INFO  org.apache.coyote.http11.Http11NioProtocol - Initializing ProtocolHandler ["http-nio-8855"]
2018-11-29 10:51:03.905 [restartedMain] INFO  org.apache.coyote.http11.Http11NioProtocol - Starting ProtocolHandler [http-nio-8855]
2018-11-29 10:51:03.910 [restartedMain] INFO  org.apache.tomcat.util.net.NioSelectorPool - Using a shared selector for servlet write/read
2018-11-29 10:51:03.925 [restartedMain] INFO  com.skypointer.huaji.HuajiApplication - Started HuajiApplication in 4.35 seconds (JVM running for 5.269)
2018-11-29 10:51:06.905 [http-nio-8855-exec-1] INFO  org.apache.tomcat.util.http.parser.Cookie - A cookie header was received [1541061299; Hm_lvt_90194188523e0a2d04ad3ad170c83f30=1541041745,1541130442,1541512053,1541730580; JSESSIONID=7FF8ED12E120F218C7412EDFC8B56EE3] that contained an invalid cookie. That cookie will be ignored.Note: further occurrences of this error will be logged at DEBUG level.
2018-11-29 10:51:06.910 [http-nio-8855-exec-1] INFO  org.apache.catalina.core.ContainerBase.[Tomcat].[localhost].[/] - Initializing Spring FrameworkServlet 'dispatcherServlet'
2018-11-29 10:52:35.725 [Thread-18] INFO  com.alibaba.druid.pool.DruidDataSource - {dataSource-1} closed
2018-11-29 10:52:38.659 [restartedMain] INFO  com.skypointer.huaji.HuajiApplication - Starting HuajiApplication on sosky-XPS-13-9360 with PID 30679 (/home/sosky/Documents/jinying-project/huaji2/target/classes started by sosky in /home/sosky/Documents/jinying-project/huaji2)
2018-11-29 10:52:38.662 [restartedMain] DEBUG com.skypointer.huaji.HuajiApplication - Running with Spring Boot v1.4.2.RELEASE, Spring v4.3.4.RELEASE
2018-11-29 10:52:38.662 [restartedMain] INFO  com.skypointer.huaji.HuajiApplication - No active profile set, falling back to default profiles: default
2018-11-29 10:52:38.820 [background-preinit] DEBUG org.jboss.logging - Logging Provider: org.jboss.logging.Slf4jLoggerProvider found via system property
2018-11-29 10:52:40.344 [restartedMain] INFO  org.apache.catalina.core.StandardService - Starting service Tomcat
2018-11-29 10:52:40.345 [restartedMain] INFO  org.apache.catalina.core.StandardEngine - Starting Servlet Engine: Apache Tomcat/8.5.6
2018-11-29 10:52:40.390 [localhost-startStop-1] INFO  org.apache.catalina.core.ContainerBase.[Tomcat].[localhost].[/] - Initializing Spring embedded WebApplicationContext
2018-11-29 10:52:40.973 [restartedMain] INFO  com.alibaba.druid.pool.DruidDataSource - {dataSource-1} inited
2018-11-29 10:52:41.400 [restartedMain] WARN  org.hibernate.mapping.RootClass - HHH000038: Composite-id class does not override equals(): com.skypointer.huaji.bean.BorrowBook
2018-11-29 10:52:41.400 [restartedMain] WARN  org.hibernate.mapping.RootClass - HHH000039: Composite-id class does not override hashCode(): com.skypointer.huaji.bean.BorrowBook
2018-11-29 10:52:42.965 [restartedMain] INFO  org.apache.coyote.http11.Http11NioProtocol - Initializing ProtocolHandler ["http-nio-8855"]
2018-11-29 10:52:42.971 [restartedMain] INFO  org.apache.coyote.http11.Http11NioProtocol - Starting ProtocolHandler [http-nio-8855]
2018-11-29 10:52:42.976 [restartedMain] INFO  org.apache.tomcat.util.net.NioSelectorPool - Using a shared selector for servlet write/read
2018-11-29 10:52:42.991 [restartedMain] INFO  com.skypointer.huaji.HuajiApplication - Started HuajiApplication in 4.573 seconds (JVM running for 5.307)
2018-11-29 10:52:46.009 [http-nio-8855-exec-1] INFO  org.apache.tomcat.util.http.parser.Cookie - A cookie header was received [1541061299; Hm_lvt_90194188523e0a2d04ad3ad170c83f30=1541041745,1541130442,1541512053,1541730580; JSESSIONID=7FF8ED12E120F218C7412EDFC8B56EE3] that contained an invalid cookie. That cookie will be ignored.Note: further occurrences of this error will be logged at DEBUG level.
2018-11-29 10:52:46.015 [http-nio-8855-exec-1] INFO  org.apache.catalina.core.ContainerBase.[Tomcat].[localhost].[/] - Initializing Spring FrameworkServlet 'dispatcherServlet'
2018-11-29 10:54:36.764 [Thread-18] INFO  com.alibaba.druid.pool.DruidDataSource - {dataSource-1} closed
2018-11-29 10:54:40.113 [restartedMain] INFO  com.skypointer.huaji.HuajiApplication - Starting HuajiApplication on sosky-XPS-13-9360 with PID 31061 (/home/sosky/Documents/jinying-project/huaji2/target/classes started by sosky in /home/sosky/Documents/jinying-project/huaji2)
2018-11-29 10:54:40.116 [restartedMain] DEBUG com.skypointer.huaji.HuajiApplication - Running with Spring Boot v1.4.2.RELEASE, Spring v4.3.4.RELEASE
2018-11-29 10:54:40.117 [restartedMain] INFO  com.skypointer.huaji.HuajiApplication - No active profile set, falling back to default profiles: default
2018-11-29 10:54:40.293 [background-preinit] DEBUG org.jboss.logging - Logging Provider: org.jboss.logging.Slf4jLoggerProvider found via system property
2018-11-29 10:54:41.945 [restartedMain] INFO  org.apache.catalina.core.StandardService - Starting service Tomcat
2018-11-29 10:54:41.946 [restartedMain] INFO  org.apache.catalina.core.StandardEngine - Starting Servlet Engine: Apache Tomcat/8.5.6
2018-11-29 10:54:41.998 [localhost-startStop-1] INFO  org.apache.catalina.core.ContainerBase.[Tomcat].[localhost].[/] - Initializing Spring embedded WebApplicationContext
2018-11-29 10:54:42.578 [restartedMain] INFO  com.alibaba.druid.pool.DruidDataSource - {dataSource-1} inited
2018-11-29 10:54:42.982 [restartedMain] WARN  org.hibernate.mapping.RootClass - HHH000038: Composite-id class does not override equals(): com.skypointer.huaji.bean.BorrowBook
2018-11-29 10:54:42.983 [restartedMain] WARN  org.hibernate.mapping.RootClass - HHH000039: Composite-id class does not override hashCode(): com.skypointer.huaji.bean.BorrowBook
2018-11-29 10:54:44.534 [restartedMain] INFO  org.apache.coyote.http11.Http11NioProtocol - Initializing ProtocolHandler ["http-nio-8855"]
2018-11-29 10:54:44.543 [restartedMain] INFO  org.apache.coyote.http11.Http11NioProtocol - Starting ProtocolHandler [http-nio-8855]
2018-11-29 10:54:44.548 [restartedMain] INFO  org.apache.tomcat.util.net.NioSelectorPool - Using a shared selector for servlet write/read
2018-11-29 10:54:44.562 [restartedMain] INFO  com.skypointer.huaji.HuajiApplication - Started HuajiApplication in 4.704 seconds (JVM running for 5.441)
2018-11-29 10:55:25.688 [http-nio-8855-exec-1] INFO  org.apache.tomcat.util.http.parser.Cookie - A cookie header was received [1541061299; Hm_lvt_90194188523e0a2d04ad3ad170c83f30=1541041745,1541130442,1541512053,1541730580; JSESSIONID=7FF8ED12E120F218C7412EDFC8B56EE3] that contained an invalid cookie. That cookie will be ignored.Note: further occurrences of this error will be logged at DEBUG level.
2018-11-29 10:55:25.696 [http-nio-8855-exec-1] INFO  org.apache.catalina.core.ContainerBase.[Tomcat].[localhost].[/] - Initializing Spring FrameworkServlet 'dispatcherServlet'
2018-11-29 10:56:42.356 [Thread-18] INFO  com.alibaba.druid.pool.DruidDataSource - {dataSource-1} closed
2018-11-29 10:56:45.482 [restartedMain] INFO  com.skypointer.huaji.HuajiApplication - Starting HuajiApplication on sosky-XPS-13-9360 with PID 31284 (/home/sosky/Documents/jinying-project/huaji2/target/classes started by sosky in /home/sosky/Documents/jinying-project/huaji2)
2018-11-29 10:56:45.485 [restartedMain] DEBUG com.skypointer.huaji.HuajiApplication - Running with Spring Boot v1.4.2.RELEASE, Spring v4.3.4.RELEASE
2018-11-29 10:56:45.485 [restartedMain] INFO  com.skypointer.huaji.HuajiApplication - No active profile set, falling back to default profiles: default
2018-11-29 10:56:45.664 [background-preinit] DEBUG org.jboss.logging - Logging Provider: org.jboss.logging.Slf4jLoggerProvider found via system property
2018-11-29 10:56:47.236 [restartedMain] INFO  org.apache.catalina.core.StandardService - Starting service Tomcat
2018-11-29 10:56:47.237 [restartedMain] INFO  org.apache.catalina.core.StandardEngine - Starting Servlet Engine: Apache Tomcat/8.5.6
2018-11-29 10:56:47.283 [localhost-startStop-1] INFO  org.apache.catalina.core.ContainerBase.[Tomcat].[localhost].[/] - Initializing Spring embedded WebApplicationContext
2018-11-29 10:56:47.814 [restartedMain] INFO  com.alibaba.druid.pool.DruidDataSource - {dataSource-1} inited
2018-11-29 10:56:48.184 [restartedMain] WARN  org.hibernate.mapping.RootClass - HHH000038: Composite-id class does not override equals(): com.skypointer.huaji.bean.BorrowBook
2018-11-29 10:56:48.185 [restartedMain] WARN  org.hibernate.mapping.RootClass - HHH000039: Composite-id class does not override hashCode(): com.skypointer.huaji.bean.BorrowBook
2018-11-29 10:56:49.582 [restartedMain] INFO  org.apache.coyote.http11.Http11NioProtocol - Initializing ProtocolHandler ["http-nio-8855"]
2018-11-29 10:56:49.589 [restartedMain] INFO  org.apache.coyote.http11.Http11NioProtocol - Starting ProtocolHandler [http-nio-8855]
2018-11-29 10:56:49.594 [restartedMain] INFO  org.apache.tomcat.util.net.NioSelectorPool - Using a shared selector for servlet write/read
2018-11-29 10:56:49.610 [restartedMain] INFO  com.skypointer.huaji.HuajiApplication - Started HuajiApplication in 4.378 seconds (JVM running for 5.169)
2018-11-29 10:56:59.510 [http-nio-8855-exec-1] INFO  org.apache.tomcat.util.http.parser.Cookie - A cookie header was received [1541061299; Hm_lvt_90194188523e0a2d04ad3ad170c83f30=1541041745,1541130442,1541512053,1541730580; JSESSIONID=7FF8ED12E120F218C7412EDFC8B56EE3] that contained an invalid cookie. That cookie will be ignored.Note: further occurrences of this error will be logged at DEBUG level.
2018-11-29 10:56:59.517 [http-nio-8855-exec-1] INFO  org.apache.catalina.core.ContainerBase.[Tomcat].[localhost].[/] - Initializing Spring FrameworkServlet 'dispatcherServlet'
2018-11-29 11:00:03.907 [Thread-18] INFO  com.alibaba.druid.pool.DruidDataSource - {dataSource-1} closed
2018-11-29 11:00:06.429 [restartedMain] INFO  com.skypointer.huaji.HuajiApplication - Starting HuajiApplication on sosky-XPS-13-9360 with PID 31659 (/home/sosky/Documents/jinying-project/huaji2/target/classes started by sosky in /home/sosky/Documents/jinying-project/huaji2)
2018-11-29 11:00:06.433 [restartedMain] DEBUG com.skypointer.huaji.HuajiApplication - Running with Spring Boot v1.4.2.RELEASE, Spring v4.3.4.RELEASE
2018-11-29 11:00:06.433 [restartedMain] INFO  com.skypointer.huaji.HuajiApplication - No active profile set, falling back to default profiles: default
2018-11-29 11:00:06.696 [background-preinit] DEBUG org.jboss.logging - Logging Provider: org.jboss.logging.Slf4jLoggerProvider found via system property
2018-11-29 11:00:09.142 [restartedMain] INFO  org.apache.catalina.core.StandardService - Starting service Tomcat
2018-11-29 11:00:09.143 [restartedMain] INFO  org.apache.catalina.core.StandardEngine - Starting Servlet Engine: Apache Tomcat/8.5.6
2018-11-29 11:00:09.217 [localhost-startStop-1] INFO  org.apache.catalina.core.ContainerBase.[Tomcat].[localhost].[/] - Initializing Spring embedded WebApplicationContext
2018-11-29 11:00:09.864 [restartedMain] INFO  com.alibaba.druid.pool.DruidDataSource - {dataSource-1} inited
2018-11-29 11:00:10.414 [restartedMain] WARN  org.hibernate.mapping.RootClass - HHH000038: Composite-id class does not override equals(): com.skypointer.huaji.bean.BorrowBook
2018-11-29 11:00:10.414 [restartedMain] WARN  org.hibernate.mapping.RootClass - HHH000039: Composite-id class does not override hashCode(): com.skypointer.huaji.bean.BorrowBook
2018-11-29 11:00:12.174 [restartedMain] INFO  org.apache.coyote.http11.Http11NioProtocol - Initializing ProtocolHandler ["http-nio-8855"]
2018-11-29 11:00:12.185 [restartedMain] INFO  org.apache.coyote.http11.Http11NioProtocol - Starting ProtocolHandler [http-nio-8855]
2018-11-29 11:00:12.192 [restartedMain] INFO  org.apache.tomcat.util.net.NioSelectorPool - Using a shared selector for servlet write/read
2018-11-29 11:00:12.213 [restartedMain] INFO  com.skypointer.huaji.HuajiApplication - Started HuajiApplication in 6.104 seconds (JVM running for 7.126)
2018-11-29 11:00:16.450 [http-nio-8855-exec-1] INFO  org.apache.tomcat.util.http.parser.Cookie - A cookie header was received [1541061299; Hm_lvt_90194188523e0a2d04ad3ad170c83f30=1541041745,1541130442,1541512053,1541730580; JSESSIONID=7FF8ED12E120F218C7412EDFC8B56EE3] that contained an invalid cookie. That cookie will be ignored.Note: further occurrences of this error will be logged at DEBUG level.
2018-11-29 11:00:16.458 [http-nio-8855-exec-1] INFO  org.apache.catalina.core.ContainerBase.[Tomcat].[localhost].[/] - Initializing Spring FrameworkServlet 'dispatcherServlet'
2018-11-29 11:02:49.383 [Thread-21] INFO  com.alibaba.druid.pool.DruidDataSource - {dataSource-1} closed
2018-11-29 11:02:51.686 [restartedMain] INFO  com.skypointer.huaji.HuajiApplication - Starting HuajiApplication on sosky-XPS-13-9360 with PID 32039 (/home/sosky/Documents/jinying-project/huaji2/target/classes started by sosky in /home/sosky/Documents/jinying-project/huaji2)
2018-11-29 11:02:51.693 [restartedMain] DEBUG com.skypointer.huaji.HuajiApplication - Running with Spring Boot v1.4.2.RELEASE, Spring v4.3.4.RELEASE
2018-11-29 11:02:51.693 [restartedMain] INFO  com.skypointer.huaji.HuajiApplication - No active profile set, falling back to default profiles: default
2018-11-29 11:02:51.856 [background-preinit] DEBUG org.jboss.logging - Logging Provider: org.jboss.logging.Slf4jLoggerProvider found via system property
2018-11-29 11:02:53.448 [restartedMain] INFO  org.apache.catalina.core.StandardService - Starting service Tomcat
2018-11-29 11:02:53.448 [restartedMain] INFO  org.apache.catalina.core.StandardEngine - Starting Servlet Engine: Apache Tomcat/8.5.6
2018-11-29 11:02:53.495 [localhost-startStop-1] INFO  org.apache.catalina.core.ContainerBase.[Tomcat].[localhost].[/] - Initializing Spring embedded WebApplicationContext
2018-11-29 11:02:54.013 [restartedMain] INFO  com.alibaba.druid.pool.DruidDataSource - {dataSource-1} inited
2018-11-29 11:02:54.388 [restartedMain] WARN  org.hibernate.mapping.RootClass - HHH000038: Composite-id class does not override equals(): com.skypointer.huaji.bean.BorrowBook
2018-11-29 11:02:54.389 [restartedMain] WARN  org.hibernate.mapping.RootClass - HHH000039: Composite-id class does not override hashCode(): com.skypointer.huaji.bean.BorrowBook
2018-11-29 11:02:55.782 [restartedMain] INFO  org.apache.coyote.http11.Http11NioProtocol - Initializing ProtocolHandler ["http-nio-8855"]
2018-11-29 11:02:55.789 [restartedMain] INFO  org.apache.coyote.http11.Http11NioProtocol - Starting ProtocolHandler [http-nio-8855]
2018-11-29 11:02:55.793 [restartedMain] INFO  org.apache.tomcat.util.net.NioSelectorPool - Using a shared selector for servlet write/read
2018-11-29 11:02:55.808 [restartedMain] INFO  com.skypointer.huaji.HuajiApplication - Started HuajiApplication in 4.42 seconds (JVM running for 5.469)
2018-11-29 11:03:10.060 [http-nio-8855-exec-1] INFO  org.apache.tomcat.util.http.parser.Cookie - A cookie header was received [1541061299; Hm_lvt_90194188523e0a2d04ad3ad170c83f30=1541041745,1541130442,1541512053,1541730580; JSESSIONID=7FF8ED12E120F218C7412EDFC8B56EE3] that contained an invalid cookie. That cookie will be ignored.Note: further occurrences of this error will be logged at DEBUG level.
2018-11-29 11:03:10.065 [http-nio-8855-exec-1] INFO  org.apache.catalina.core.ContainerBase.[Tomcat].[localhost].[/] - Initializing Spring FrameworkServlet 'dispatcherServlet'
2018-11-29 11:11:53.763 [Thread-17] INFO  com.alibaba.druid.pool.DruidDataSource - {dataSource-1} closed
2018-11-29 11:11:57.111 [restartedMain] INFO  com.skypointer.huaji.HuajiApplication - Starting HuajiApplication on sosky-XPS-13-9360 with PID 32495 (/home/sosky/Documents/jinying-project/huaji2/target/classes started by sosky in /home/sosky/Documents/jinying-project/huaji2)
2018-11-29 11:11:57.114 [restartedMain] DEBUG com.skypointer.huaji.HuajiApplication - Running with Spring Boot v1.4.2.RELEASE, Spring v4.3.4.RELEASE
2018-11-29 11:11:57.118 [restartedMain] INFO  com.skypointer.huaji.HuajiApplication - No active profile set, falling back to default profiles: default
2018-11-29 11:11:57.485 [background-preinit] DEBUG org.jboss.logging - Logging Provider: org.jboss.logging.Slf4jLoggerProvider found via system property
2018-11-29 11:11:59.548 [restartedMain] INFO  org.apache.catalina.core.StandardService - Starting service Tomcat
2018-11-29 11:11:59.549 [restartedMain] INFO  org.apache.catalina.core.StandardEngine - Starting Servlet Engine: Apache Tomcat/8.5.6
2018-11-29 11:11:59.614 [localhost-startStop-1] INFO  org.apache.catalina.core.ContainerBase.[Tomcat].[localhost].[/] - Initializing Spring embedded WebApplicationContext
2018-11-29 11:12:00.256 [restartedMain] INFO  com.alibaba.druid.pool.DruidDataSource - {dataSource-1} inited
2018-11-29 11:12:00.725 [restartedMain] WARN  org.hibernate.mapping.RootClass - HHH000038: Composite-id class does not override equals(): com.skypointer.huaji.bean.BorrowBook
2018-11-29 11:12:00.726 [restartedMain] WARN  org.hibernate.mapping.RootClass - HHH000039: Composite-id class does not override hashCode(): com.skypointer.huaji.bean.BorrowBook
2018-11-29 11:12:02.442 [restartedMain] INFO  org.apache.coyote.http11.Http11NioProtocol - Initializing ProtocolHandler ["http-nio-8855"]
2018-11-29 11:12:02.451 [restartedMain] INFO  org.apache.coyote.http11.Http11NioProtocol - Starting ProtocolHandler [http-nio-8855]
2018-11-29 11:12:02.456 [restartedMain] INFO  org.apache.tomcat.util.net.NioSelectorPool - Using a shared selector for servlet write/read
2018-11-29 11:12:02.472 [restartedMain] INFO  com.skypointer.huaji.HuajiApplication - Started HuajiApplication in 5.838 seconds (JVM running for 7.319)
2018-11-29 11:12:12.162 [http-nio-8855-exec-1] INFO  org.apache.tomcat.util.http.parser.Cookie - A cookie header was received [1541061299; Hm_lvt_90194188523e0a2d04ad3ad170c83f30=1541041745,1541130442,1541512053,1541730580; JSESSIONID=7FF8ED12E120F218C7412EDFC8B56EE3] that contained an invalid cookie. That cookie will be ignored.Note: further occurrences of this error will be logged at DEBUG level.
2018-11-29 11:12:12.167 [http-nio-8855-exec-1] INFO  org.apache.catalina.core.ContainerBase.[Tomcat].[localhost].[/] - Initializing Spring FrameworkServlet 'dispatcherServlet'
2018-11-29 11:32:58.289 [Thread-20] INFO  com.alibaba.druid.pool.DruidDataSource - {dataSource-1} closed
2018-11-29 11:33:00.720 [restartedMain] INFO  com.skypointer.huaji.HuajiApplication - Starting HuajiApplication on sosky-XPS-13-9360 with PID 1663 (/home/sosky/Documents/jinying-project/huaji2/target/classes started by sosky in /home/sosky/Documents/jinying-project/huaji2)
2018-11-29 11:33:00.723 [restartedMain] DEBUG com.skypointer.huaji.HuajiApplication - Running with Spring Boot v1.4.2.RELEASE, Spring v4.3.4.RELEASE
2018-11-29 11:33:00.723 [restartedMain] INFO  com.skypointer.huaji.HuajiApplication - No active profile set, falling back to default profiles: default
2018-11-29 11:33:00.917 [background-preinit] DEBUG org.jboss.logging - Logging Provider: org.jboss.logging.Slf4jLoggerProvider found via system property
2018-11-29 11:33:02.393 [restartedMain] INFO  org.apache.catalina.core.StandardService - Starting service Tomcat
2018-11-29 11:33:02.394 [restartedMain] INFO  org.apache.catalina.core.StandardEngine - Starting Servlet Engine: Apache Tomcat/8.5.6
2018-11-29 11:33:02.441 [localhost-startStop-1] INFO  org.apache.catalina.core.ContainerBase.[Tomcat].[localhost].[/] - Initializing Spring embedded WebApplicationContext
2018-11-29 11:33:02.962 [restartedMain] INFO  com.alibaba.druid.pool.DruidDataSource - {dataSource-1} inited
2018-11-29 11:33:03.325 [restartedMain] WARN  org.hibernate.mapping.RootClass - HHH000038: Composite-id class does not override equals(): com.skypointer.huaji.bean.BorrowBook
2018-11-29 11:33:03.326 [restartedMain] WARN  org.hibernate.mapping.RootClass - HHH000039: Composite-id class does not override hashCode(): com.skypointer.huaji.bean.BorrowBook
2018-11-29 11:33:04.701 [restartedMain] INFO  org.apache.coyote.http11.Http11NioProtocol - Initializing ProtocolHandler ["http-nio-8855"]
2018-11-29 11:33:04.708 [restartedMain] INFO  org.apache.coyote.http11.Http11NioProtocol - Starting ProtocolHandler [http-nio-8855]
2018-11-29 11:33:04.713 [restartedMain] INFO  org.apache.tomcat.util.net.NioSelectorPool - Using a shared selector for servlet write/read
2018-11-29 11:33:04.727 [restartedMain] INFO  com.skypointer.huaji.HuajiApplication - Started HuajiApplication in 4.276 seconds (JVM running for 5.189)
2018-11-29 11:33:12.554 [http-nio-8855-exec-1] INFO  org.apache.tomcat.util.http.parser.Cookie - A cookie header was received [1541061299; Hm_lvt_90194188523e0a2d04ad3ad170c83f30=1541041745,1541130442,1541512053,1541730580; JSESSIONID=7FF8ED12E120F218C7412EDFC8B56EE3] that contained an invalid cookie. That cookie will be ignored.Note: further occurrences of this error will be logged at DEBUG level.
2018-11-29 11:33:12.560 [http-nio-8855-exec-1] INFO  org.apache.catalina.core.ContainerBase.[Tomcat].[localhost].[/] - Initializing Spring FrameworkServlet 'dispatcherServlet'
2018-11-29 11:43:22.205 [Thread-17] INFO  com.alibaba.druid.pool.DruidDataSource - {dataSource-1} closed
2018-11-29 11:43:24.327 [restartedMain] INFO  com.skypointer.huaji.HuajiApplication - Starting HuajiApplication on sosky-XPS-13-9360 with PID 2567 (/home/sosky/Documents/jinying-project/huaji2/target/classes started by sosky in /home/sosky/Documents/jinying-project/huaji2)
2018-11-29 11:43:24.330 [restartedMain] DEBUG com.skypointer.huaji.HuajiApplication - Running with Spring Boot v1.4.2.RELEASE, Spring v4.3.4.RELEASE
2018-11-29 11:43:24.330 [restartedMain] INFO  com.skypointer.huaji.HuajiApplication - No active profile set, falling back to default profiles: default
2018-11-29 11:43:24.530 [background-preinit] DEBUG org.jboss.logging - Logging Provider: org.jboss.logging.Slf4jLoggerProvider found via system property
2018-11-29 11:43:26.138 [restartedMain] INFO  org.apache.catalina.core.StandardService - Starting service Tomcat
2018-11-29 11:43:26.139 [restartedMain] INFO  org.apache.catalina.core.StandardEngine - Starting Servlet Engine: Apache Tomcat/8.5.6
2018-11-29 11:43:26.194 [localhost-startStop-1] INFO  org.apache.catalina.core.ContainerBase.[Tomcat].[localhost].[/] - Initializing Spring embedded WebApplicationContext
2018-11-29 11:43:26.666 [restartedMain] INFO  com.alibaba.druid.pool.DruidDataSource - {dataSource-1} inited
2018-11-29 11:43:27.069 [restartedMain] WARN  org.hibernate.mapping.RootClass - HHH000038: Composite-id class does not override equals(): com.skypointer.huaji.bean.BorrowBook
2018-11-29 11:43:27.069 [restartedMain] WARN  org.hibernate.mapping.RootClass - HHH000039: Composite-id class does not override hashCode(): com.skypointer.huaji.bean.BorrowBook
2018-11-29 11:43:28.363 [restartedMain] INFO  org.apache.coyote.http11.Http11NioProtocol - Initializing ProtocolHandler ["http-nio-8855"]
2018-11-29 11:43:28.370 [restartedMain] INFO  org.apache.coyote.http11.Http11NioProtocol - Starting ProtocolHandler [http-nio-8855]
2018-11-29 11:43:28.375 [restartedMain] INFO  org.apache.tomcat.util.net.NioSelectorPool - Using a shared selector for servlet write/read
2018-11-29 11:43:28.389 [restartedMain] INFO  com.skypointer.huaji.HuajiApplication - Started HuajiApplication in 4.439 seconds (JVM running for 5.222)
2018-11-29 11:43:41.127 [http-nio-8855-exec-1] INFO  org.apache.tomcat.util.http.parser.Cookie - A cookie header was received [1541061299; Hm_lvt_90194188523e0a2d04ad3ad170c83f30=1541041745,1541130442,1541512053,1541730580; JSESSIONID=7FF8ED12E120F218C7412EDFC8B56EE3] that contained an invalid cookie. That cookie will be ignored.Note: further occurrences of this error will be logged at DEBUG level.
2018-11-29 11:43:41.133 [http-nio-8855-exec-1] INFO  org.apache.catalina.core.ContainerBase.[Tomcat].[localhost].[/] - Initializing Spring FrameworkServlet 'dispatcherServlet'
2018-11-29 11:45:07.192 [Thread-17] INFO  com.alibaba.druid.pool.DruidDataSource - {dataSource-1} closed
2018-11-29 11:45:09.327 [restartedMain] INFO  com.skypointer.huaji.HuajiApplication - Starting HuajiApplication on sosky-XPS-13-9360 with PID 2839 (/home/sosky/Documents/jinying-project/huaji2/target/classes started by sosky in /home/sosky/Documents/jinying-project/huaji2)
2018-11-29 11:45:09.330 [restartedMain] DEBUG com.skypointer.huaji.HuajiApplication - Running with Spring Boot v1.4.2.RELEASE, Spring v4.3.4.RELEASE
2018-11-29 11:45:09.331 [restartedMain] INFO  com.skypointer.huaji.HuajiApplication - No active profile set, falling back to default profiles: default
2018-11-29 11:45:09.563 [background-preinit] DEBUG org.jboss.logging - Logging Provider: org.jboss.logging.Slf4jLoggerProvider found via system property
2018-11-29 11:45:11.227 [restartedMain] INFO  org.apache.catalina.core.StandardService - Starting service Tomcat
2018-11-29 11:45:11.228 [restartedMain] INFO  org.apache.catalina.core.StandardEngine - Starting Servlet Engine: Apache Tomcat/8.5.6
2018-11-29 11:45:11.272 [localhost-startStop-1] INFO  org.apache.catalina.core.ContainerBase.[Tomcat].[localhost].[/] - Initializing Spring embedded WebApplicationContext
2018-11-29 11:45:11.780 [restartedMain] INFO  com.alibaba.druid.pool.DruidDataSource - {dataSource-1} inited
2018-11-29 11:45:12.165 [restartedMain] WARN  org.hibernate.mapping.RootClass - HHH000038: Composite-id class does not override equals(): com.skypointer.huaji.bean.BorrowBook
2018-11-29 11:45:12.165 [restartedMain] WARN  org.hibernate.mapping.RootClass - HHH000039: Composite-id class does not override hashCode(): com.skypointer.huaji.bean.BorrowBook
2018-11-29 11:45:13.654 [restartedMain] INFO  org.apache.coyote.http11.Http11NioProtocol - Initializing ProtocolHandler ["http-nio-8855"]
2018-11-29 11:45:13.666 [restartedMain] INFO  org.apache.coyote.http11.Http11NioProtocol - Starting ProtocolHandler [http-nio-8855]
2018-11-29 11:45:13.672 [restartedMain] INFO  org.apache.tomcat.util.net.NioSelectorPool - Using a shared selector for servlet write/read
2018-11-29 11:45:13.692 [restartedMain] INFO  com.skypointer.huaji.HuajiApplication - Started HuajiApplication in 4.688 seconds (JVM running for 5.525)
2018-11-29 11:45:17.043 [http-nio-8855-exec-1] INFO  org.apache.tomcat.util.http.parser.Cookie - A cookie header was received [1541061299; Hm_lvt_90194188523e0a2d04ad3ad170c83f30=1541041745,1541130442,1541512053,1541730580; JSESSIONID=7FF8ED12E120F218C7412EDFC8B56EE3] that contained an invalid cookie. That cookie will be ignored.Note: further occurrences of this error will be logged at DEBUG level.
2018-11-29 11:45:17.050 [http-nio-8855-exec-1] INFO  org.apache.catalina.core.ContainerBase.[Tomcat].[localhost].[/] - Initializing Spring FrameworkServlet 'dispatcherServlet'
2018-11-29 11:53:27.526 [Thread-18] INFO  com.alibaba.druid.pool.DruidDataSource - {dataSource-1} closed
2018-11-29 11:53:31.257 [restartedMain] INFO  com.skypointer.huaji.HuajiApplication - Starting HuajiApplication on sosky-XPS-13-9360 with PID 3435 (/home/sosky/Documents/jinying-project/huaji2/target/classes started by sosky in /home/sosky/Documents/jinying-project/huaji2)
2018-11-29 11:53:31.264 [restartedMain] DEBUG com.skypointer.huaji.HuajiApplication - Running with Spring Boot v1.4.2.RELEASE, Spring v4.3.4.RELEASE
2018-11-29 11:53:31.264 [restartedMain] INFO  com.skypointer.huaji.HuajiApplication - No active profile set, falling back to default profiles: default
2018-11-29 11:53:31.437 [background-preinit] DEBUG org.jboss.logging - Logging Provider: org.jboss.logging.Slf4jLoggerProvider found via system property
2018-11-29 11:53:32.839 [restartedMain] INFO  org.apache.catalina.core.StandardService - Starting service Tomcat
2018-11-29 11:53:32.840 [restartedMain] INFO  org.apache.catalina.core.StandardEngine - Starting Servlet Engine: Apache Tomcat/8.5.6
2018-11-29 11:53:32.895 [localhost-startStop-1] INFO  org.apache.catalina.core.ContainerBase.[Tomcat].[localhost].[/] - Initializing Spring embedded WebApplicationContext
2018-11-29 11:53:33.371 [restartedMain] INFO  com.alibaba.druid.pool.DruidDataSource - {dataSource-1} inited
2018-11-29 11:53:33.764 [restartedMain] WARN  org.hibernate.mapping.RootClass - HHH000038: Composite-id class does not override equals(): com.skypointer.huaji.bean.BorrowBook
2018-11-29 11:53:33.765 [restartedMain] WARN  org.hibernate.mapping.RootClass - HHH000039: Composite-id class does not override hashCode(): com.skypointer.huaji.bean.BorrowBook
2018-11-29 11:53:35.079 [restartedMain] INFO  org.apache.coyote.http11.Http11NioProtocol - Initializing ProtocolHandler ["http-nio-8855"]
2018-11-29 11:53:35.085 [restartedMain] INFO  org.apache.coyote.http11.Http11NioProtocol - Starting ProtocolHandler [http-nio-8855]
2018-11-29 11:53:35.090 [restartedMain] INFO  org.apache.tomcat.util.net.NioSelectorPool - Using a shared selector for servlet write/read
2018-11-29 11:53:35.105 [restartedMain] INFO  com.skypointer.huaji.HuajiApplication - Started HuajiApplication in 4.099 seconds (JVM running for 4.815)
2018-11-29 11:53:47.922 [http-nio-8855-exec-1] INFO  org.apache.tomcat.util.http.parser.Cookie - A cookie header was received [1541061299; Hm_lvt_90194188523e0a2d04ad3ad170c83f30=1541041745,1541130442,1541512053,1541730580; JSESSIONID=7FF8ED12E120F218C7412EDFC8B56EE3] that contained an invalid cookie. That cookie will be ignored.Note: further occurrences of this error will be logged at DEBUG level.
2018-11-29 11:53:47.926 [http-nio-8855-exec-1] INFO  org.apache.catalina.core.ContainerBase.[Tomcat].[localhost].[/] - Initializing Spring FrameworkServlet 'dispatcherServlet'
2018-11-29 13:25:17.116 [Thread-17] INFO  com.alibaba.druid.pool.DruidDataSource - {dataSource-1} closed
