2018-12-26 15:26:50.772 [restartedMain] INFO  com.skypointer.huaji.HuajiApplication - Starting HuajiApplication on sosky-XPS-13-9360 with PID 8098 (/home/sosky/Documents/jinying-project/huaji2/target/classes started by sosky in /home/sosky/Documents/jinying-project/huaji2)
2018-12-26 15:26:50.779 [restartedMain] DEBUG com.skypointer.huaji.HuajiApplication - Running with Spring Boot v1.4.2.RELEASE, Spring v4.3.4.RELEASE
2018-12-26 15:26:50.781 [restartedMain] INFO  com.skypointer.huaji.HuajiApplication - No active profile set, falling back to default profiles: default
2018-12-26 15:26:51.120 [background-preinit] DEBUG org.jboss.logging - Logging Provider: org.jboss.logging.Slf4jLoggerProvider found via system property
2018-12-26 15:26:52.632 [restartedMain] INFO  org.apache.catalina.core.StandardService - Starting service Tomcat
2018-12-26 15:26:52.632 [restartedMain] INFO  org.apache.catalina.core.StandardEngine - Starting Servlet Engine: Apache Tomcat/8.5.6
2018-12-26 15:26:52.693 [localhost-startStop-1] INFO  org.apache.catalina.core.ContainerBase.[Tomcat].[localhost].[/] - Initializing Spring embedded WebApplicationContext
2018-12-26 15:26:53.232 [restartedMain] INFO  com.alibaba.druid.pool.DruidDataSource - {dataSource-1} inited
2018-12-26 15:26:53.621 [restartedMain] WARN  org.hibernate.mapping.RootClass - HHH000038: Composite-id class does not override equals(): com.skypointer.huaji.bean.BorrowBook
2018-12-26 15:26:53.621 [restartedMain] WARN  org.hibernate.mapping.RootClass - HHH000039: Composite-id class does not override hashCode(): com.skypointer.huaji.bean.BorrowBook
2018-12-26 15:26:54.951 [restartedMain] INFO  org.apache.coyote.http11.Http11NioProtocol - Initializing ProtocolHandler ["http-nio-8855"]
2018-12-26 15:26:54.958 [restartedMain] INFO  org.apache.coyote.http11.Http11NioProtocol - Starting ProtocolHandler [http-nio-8855]
2018-12-26 15:26:54.962 [restartedMain] INFO  org.apache.tomcat.util.net.NioSelectorPool - Using a shared selector for servlet write/read
2018-12-26 15:26:54.977 [restartedMain] INFO  com.skypointer.huaji.HuajiApplication - Started HuajiApplication in 4.74 seconds (JVM running for 5.719)
2018-12-26 15:27:29.300 [http-nio-8855-exec-1] INFO  org.apache.tomcat.util.http.parser.Cookie - A cookie header was received [1541061299; Hm_lvt_90194188523e0a2d04ad3ad170c83f30=1541041745,1541130442,1541512053,1541730580] that contained an invalid cookie. That cookie will be ignored.Note: further occurrences of this error will be logged at DEBUG level.
2018-12-26 15:27:29.306 [http-nio-8855-exec-1] INFO  org.apache.catalina.core.ContainerBase.[Tomcat].[localhost].[/] - Initializing Spring FrameworkServlet 'dispatcherServlet'
2018-12-26 15:47:17.371 [Thread-17] INFO  com.alibaba.druid.pool.DruidDataSource - {dataSource-1} closed
2018-12-26 15:47:20.638 [restartedMain] INFO  com.skypointer.huaji.HuajiApplication - Starting HuajiApplication on sosky-XPS-13-9360 with PID 10789 (/home/sosky/Documents/jinying-project/huaji2/target/classes started by sosky in /home/sosky/Documents/jinying-project/huaji2)
2018-12-26 15:47:20.642 [restartedMain] DEBUG com.skypointer.huaji.HuajiApplication - Running with Spring Boot v1.4.2.RELEASE, Spring v4.3.4.RELEASE
2018-12-26 15:47:20.643 [restartedMain] INFO  com.skypointer.huaji.HuajiApplication - No active profile set, falling back to default profiles: default
2018-12-26 15:47:21.112 [background-preinit] DEBUG org.jboss.logging - Logging Provider: org.jboss.logging.Slf4jLoggerProvider found via system property
2018-12-26 15:47:23.185 [restartedMain] INFO  org.apache.catalina.core.StandardService - Starting service Tomcat
2018-12-26 15:47:23.186 [restartedMain] INFO  org.apache.catalina.core.StandardEngine - Starting Servlet Engine: Apache Tomcat/8.5.6
2018-12-26 15:47:23.244 [localhost-startStop-1] INFO  org.apache.catalina.core.ContainerBase.[Tomcat].[localhost].[/] - Initializing Spring embedded WebApplicationContext
2018-12-26 15:47:23.779 [restartedMain] INFO  com.alibaba.druid.pool.DruidDataSource - {dataSource-1} inited
2018-12-26 15:47:24.208 [restartedMain] WARN  org.hibernate.mapping.RootClass - HHH000038: Composite-id class does not override equals(): com.skypointer.huaji.bean.BorrowBook
2018-12-26 15:47:24.208 [restartedMain] WARN  org.hibernate.mapping.RootClass - HHH000039: Composite-id class does not override hashCode(): com.skypointer.huaji.bean.BorrowBook
2018-12-26 15:47:25.703 [restartedMain] INFO  org.apache.coyote.http11.Http11NioProtocol - Initializing ProtocolHandler ["http-nio-8855"]
2018-12-26 15:47:25.711 [restartedMain] INFO  org.apache.coyote.http11.Http11NioProtocol - Starting ProtocolHandler [http-nio-8855]
2018-12-26 15:47:25.716 [restartedMain] INFO  org.apache.tomcat.util.net.NioSelectorPool - Using a shared selector for servlet write/read
2018-12-26 15:47:25.738 [restartedMain] INFO  com.skypointer.huaji.HuajiApplication - Started HuajiApplication in 5.622 seconds (JVM running for 7.067)
2018-12-26 15:55:18.505 [Thread-19] INFO  com.alibaba.druid.pool.DruidDataSource - {dataSource-1} closed
2018-12-26 15:55:21.196 [restartedMain] INFO  com.skypointer.huaji.HuajiApplication - Starting HuajiApplication on sosky-XPS-13-9360 with PID 11527 (/home/sosky/Documents/jinying-project/huaji2/target/classes started by sosky in /home/sosky/Documents/jinying-project/huaji2)
2018-12-26 15:55:21.199 [restartedMain] DEBUG com.skypointer.huaji.HuajiApplication - Running with Spring Boot v1.4.2.RELEASE, Spring v4.3.4.RELEASE
2018-12-26 15:55:21.199 [restartedMain] INFO  com.skypointer.huaji.HuajiApplication - No active profile set, falling back to default profiles: default
2018-12-26 15:55:21.532 [background-preinit] DEBUG org.jboss.logging - Logging Provider: org.jboss.logging.Slf4jLoggerProvider found via system property
2018-12-26 15:55:23.537 [restartedMain] INFO  org.apache.catalina.core.StandardService - Starting service Tomcat
2018-12-26 15:55:23.538 [restartedMain] INFO  org.apache.catalina.core.StandardEngine - Starting Servlet Engine: Apache Tomcat/8.5.6
2018-12-26 15:55:23.594 [localhost-startStop-1] INFO  org.apache.catalina.core.ContainerBase.[Tomcat].[localhost].[/] - Initializing Spring embedded WebApplicationContext
2018-12-26 15:55:24.177 [restartedMain] INFO  com.alibaba.druid.pool.DruidDataSource - {dataSource-1} inited
2018-12-26 15:55:24.579 [restartedMain] WARN  org.hibernate.mapping.RootClass - HHH000038: Composite-id class does not override equals(): com.skypointer.huaji.bean.BorrowBook
2018-12-26 15:55:24.579 [restartedMain] WARN  org.hibernate.mapping.RootClass - HHH000039: Composite-id class does not override hashCode(): com.skypointer.huaji.bean.BorrowBook
2018-12-26 15:55:26.213 [restartedMain] INFO  org.apache.coyote.http11.Http11NioProtocol - Initializing ProtocolHandler ["http-nio-8855"]
2018-12-26 15:55:26.220 [restartedMain] INFO  org.apache.coyote.http11.Http11NioProtocol - Starting ProtocolHandler [http-nio-8855]
2018-12-26 15:55:26.225 [restartedMain] INFO  org.apache.tomcat.util.net.NioSelectorPool - Using a shared selector for servlet write/read
2018-12-26 15:55:26.241 [restartedMain] INFO  com.skypointer.huaji.HuajiApplication - Started HuajiApplication in 5.448 seconds (JVM running for 6.628)
2018-12-26 15:55:32.375 [http-nio-8855-exec-1] INFO  org.apache.tomcat.util.http.parser.Cookie - A cookie header was received [1541061299; Hm_lvt_90194188523e0a2d04ad3ad170c83f30=1541041745,1541130442,1541512053,1541730580; JSESSIONID=77B4FCD5FAA0E72F3E418065223A9B95] that contained an invalid cookie. That cookie will be ignored.Note: further occurrences of this error will be logged at DEBUG level.
2018-12-26 15:55:32.381 [http-nio-8855-exec-1] INFO  org.apache.catalina.core.ContainerBase.[Tomcat].[localhost].[/] - Initializing Spring FrameworkServlet 'dispatcherServlet'
2018-12-26 15:57:08.207 [Thread-20] INFO  com.alibaba.druid.pool.DruidDataSource - {dataSource-1} closed
2018-12-26 15:57:10.434 [restartedMain] INFO  com.skypointer.huaji.HuajiApplication - Starting HuajiApplication on sosky-XPS-13-9360 with PID 11796 (/home/sosky/Documents/jinying-project/huaji2/target/classes started by sosky in /home/sosky/Documents/jinying-project/huaji2)
2018-12-26 15:57:10.441 [restartedMain] DEBUG com.skypointer.huaji.HuajiApplication - Running with Spring Boot v1.4.2.RELEASE, Spring v4.3.4.RELEASE
2018-12-26 15:57:10.442 [restartedMain] INFO  com.skypointer.huaji.HuajiApplication - No active profile set, falling back to default profiles: default
2018-12-26 15:57:10.709 [background-preinit] DEBUG org.jboss.logging - Logging Provider: org.jboss.logging.Slf4jLoggerProvider found via system property
2018-12-26 15:57:12.764 [restartedMain] INFO  org.apache.catalina.core.StandardService - Starting service Tomcat
2018-12-26 15:57:12.765 [restartedMain] INFO  org.apache.catalina.core.StandardEngine - Starting Servlet Engine: Apache Tomcat/8.5.6
2018-12-26 15:57:12.820 [localhost-startStop-1] INFO  org.apache.catalina.core.ContainerBase.[Tomcat].[localhost].[/] - Initializing Spring embedded WebApplicationContext
2018-12-26 15:57:13.291 [restartedMain] INFO  com.alibaba.druid.pool.DruidDataSource - {dataSource-1} inited
2018-12-26 15:57:13.667 [restartedMain] WARN  org.hibernate.mapping.RootClass - HHH000038: Composite-id class does not override equals(): com.skypointer.huaji.bean.BorrowBook
2018-12-26 15:57:13.667 [restartedMain] WARN  org.hibernate.mapping.RootClass - HHH000039: Composite-id class does not override hashCode(): com.skypointer.huaji.bean.BorrowBook
2018-12-26 15:57:15.138 [restartedMain] INFO  org.apache.coyote.http11.Http11NioProtocol - Initializing ProtocolHandler ["http-nio-8855"]
2018-12-26 15:57:15.147 [restartedMain] INFO  org.apache.coyote.http11.Http11NioProtocol - Starting ProtocolHandler [http-nio-8855]
2018-12-26 15:57:15.152 [restartedMain] INFO  org.apache.tomcat.util.net.NioSelectorPool - Using a shared selector for servlet write/read
2018-12-26 15:57:15.168 [restartedMain] INFO  com.skypointer.huaji.HuajiApplication - Started HuajiApplication in 5.067 seconds (JVM running for 6.03)
2018-12-26 15:57:22.589 [http-nio-8855-exec-1] INFO  org.apache.tomcat.util.http.parser.Cookie - A cookie header was received [1541061299; Hm_lvt_90194188523e0a2d04ad3ad170c83f30=1541041745,1541130442,1541512053,1541730580; JSESSIONID=77B4FCD5FAA0E72F3E418065223A9B95] that contained an invalid cookie. That cookie will be ignored.Note: further occurrences of this error will be logged at DEBUG level.
2018-12-26 15:57:22.600 [http-nio-8855-exec-1] INFO  org.apache.catalina.core.ContainerBase.[Tomcat].[localhost].[/] - Initializing Spring FrameworkServlet 'dispatcherServlet'
2018-12-26 16:04:14.112 [Thread-18] INFO  com.alibaba.druid.pool.DruidDataSource - {dataSource-1} closed
2018-12-26 16:04:16.463 [restartedMain] INFO  com.skypointer.huaji.HuajiApplication - Starting HuajiApplication on sosky-XPS-13-9360 with PID 12183 (/home/sosky/Documents/jinying-project/huaji2/target/classes started by sosky in /home/sosky/Documents/jinying-project/huaji2)
2018-12-26 16:04:16.466 [restartedMain] DEBUG com.skypointer.huaji.HuajiApplication - Running with Spring Boot v1.4.2.RELEASE, Spring v4.3.4.RELEASE
2018-12-26 16:04:16.466 [restartedMain] INFO  com.skypointer.huaji.HuajiApplication - No active profile set, falling back to default profiles: default
2018-12-26 16:04:16.740 [background-preinit] DEBUG org.jboss.logging - Logging Provider: org.jboss.logging.Slf4jLoggerProvider found via system property
2018-12-26 16:04:18.538 [restartedMain] INFO  org.apache.catalina.core.StandardService - Starting service Tomcat
2018-12-26 16:04:18.539 [restartedMain] INFO  org.apache.catalina.core.StandardEngine - Starting Servlet Engine: Apache Tomcat/8.5.6
2018-12-26 16:04:18.596 [localhost-startStop-1] INFO  org.apache.catalina.core.ContainerBase.[Tomcat].[localhost].[/] - Initializing Spring embedded WebApplicationContext
2018-12-26 16:04:19.129 [restartedMain] INFO  com.alibaba.druid.pool.DruidDataSource - {dataSource-1} inited
2018-12-26 16:04:19.512 [restartedMain] WARN  org.hibernate.mapping.RootClass - HHH000038: Composite-id class does not override equals(): com.skypointer.huaji.bean.BorrowBook
2018-12-26 16:04:19.512 [restartedMain] WARN  org.hibernate.mapping.RootClass - HHH000039: Composite-id class does not override hashCode(): com.skypointer.huaji.bean.BorrowBook
2018-12-26 16:04:21.013 [restartedMain] INFO  org.apache.coyote.http11.Http11NioProtocol - Initializing ProtocolHandler ["http-nio-8855"]
2018-12-26 16:04:21.020 [restartedMain] INFO  org.apache.coyote.http11.Http11NioProtocol - Starting ProtocolHandler [http-nio-8855]
2018-12-26 16:04:21.026 [restartedMain] INFO  org.apache.tomcat.util.net.NioSelectorPool - Using a shared selector for servlet write/read
2018-12-26 16:04:21.059 [restartedMain] INFO  com.skypointer.huaji.HuajiApplication - Started HuajiApplication in 4.94 seconds (JVM running for 5.914)
2018-12-26 16:04:28.713 [http-nio-8855-exec-1] INFO  org.apache.tomcat.util.http.parser.Cookie - A cookie header was received [1541061299; Hm_lvt_90194188523e0a2d04ad3ad170c83f30=1541041745,1541130442,1541512053,1541730580; JSESSIONID=77B4FCD5FAA0E72F3E418065223A9B95] that contained an invalid cookie. That cookie will be ignored.Note: further occurrences of this error will be logged at DEBUG level.
2018-12-26 16:04:28.719 [http-nio-8855-exec-1] INFO  org.apache.catalina.core.ContainerBase.[Tomcat].[localhost].[/] - Initializing Spring FrameworkServlet 'dispatcherServlet'
2018-12-26 16:05:25.392 [Thread-18] INFO  com.alibaba.druid.pool.DruidDataSource - {dataSource-1} closed
2018-12-26 16:05:27.651 [restartedMain] INFO  com.skypointer.huaji.HuajiApplication - Starting HuajiApplication on sosky-XPS-13-9360 with PID 12379 (/home/sosky/Documents/jinying-project/huaji2/target/classes started by sosky in /home/sosky/Documents/jinying-project/huaji2)
2018-12-26 16:05:27.655 [restartedMain] DEBUG com.skypointer.huaji.HuajiApplication - Running with Spring Boot v1.4.2.RELEASE, Spring v4.3.4.RELEASE
2018-12-26 16:05:27.655 [restartedMain] INFO  com.skypointer.huaji.HuajiApplication - No active profile set, falling back to default profiles: default
2018-12-26 16:05:27.942 [background-preinit] DEBUG org.jboss.logging - Logging Provider: org.jboss.logging.Slf4jLoggerProvider found via system property
2018-12-26 16:05:29.737 [restartedMain] INFO  org.apache.catalina.core.StandardService - Starting service Tomcat
2018-12-26 16:05:29.738 [restartedMain] INFO  org.apache.catalina.core.StandardEngine - Starting Servlet Engine: Apache Tomcat/8.5.6
2018-12-26 16:05:29.798 [localhost-startStop-1] INFO  org.apache.catalina.core.ContainerBase.[Tomcat].[localhost].[/] - Initializing Spring embedded WebApplicationContext
2018-12-26 16:05:30.288 [restartedMain] INFO  com.alibaba.druid.pool.DruidDataSource - {dataSource-1} inited
2018-12-26 16:05:30.704 [restartedMain] WARN  org.hibernate.mapping.RootClass - HHH000038: Composite-id class does not override equals(): com.skypointer.huaji.bean.BorrowBook
2018-12-26 16:05:30.705 [restartedMain] WARN  org.hibernate.mapping.RootClass - HHH000039: Composite-id class does not override hashCode(): com.skypointer.huaji.bean.BorrowBook
2018-12-26 16:05:32.054 [restartedMain] INFO  org.apache.coyote.http11.Http11NioProtocol - Initializing ProtocolHandler ["http-nio-8855"]
2018-12-26 16:05:32.060 [restartedMain] INFO  org.apache.coyote.http11.Http11NioProtocol - Starting ProtocolHandler [http-nio-8855]
2018-12-26 16:05:32.065 [restartedMain] INFO  org.apache.tomcat.util.net.NioSelectorPool - Using a shared selector for servlet write/read
2018-12-26 16:05:32.080 [restartedMain] INFO  com.skypointer.huaji.HuajiApplication - Started HuajiApplication in 4.736 seconds (JVM running for 5.718)
2018-12-26 16:05:44.788 [http-nio-8855-exec-1] INFO  org.apache.tomcat.util.http.parser.Cookie - A cookie header was received [1541061299; Hm_lvt_90194188523e0a2d04ad3ad170c83f30=1541041745,1541130442,1541512053,1541730580; JSESSIONID=77B4FCD5FAA0E72F3E418065223A9B95] that contained an invalid cookie. That cookie will be ignored.Note: further occurrences of this error will be logged at DEBUG level.
2018-12-26 16:05:44.793 [http-nio-8855-exec-1] INFO  org.apache.catalina.core.ContainerBase.[Tomcat].[localhost].[/] - Initializing Spring FrameworkServlet 'dispatcherServlet'
2018-12-26 16:08:05.614 [Thread-18] INFO  com.alibaba.druid.pool.DruidDataSource - {dataSource-1} closed
2018-12-26 16:08:07.922 [restartedMain] INFO  com.skypointer.huaji.HuajiApplication - Starting HuajiApplication on sosky-XPS-13-9360 with PID 12651 (/home/sosky/Documents/jinying-project/huaji2/target/classes started by sosky in /home/sosky/Documents/jinying-project/huaji2)
2018-12-26 16:08:07.925 [restartedMain] DEBUG com.skypointer.huaji.HuajiApplication - Running with Spring Boot v1.4.2.RELEASE, Spring v4.3.4.RELEASE
2018-12-26 16:08:07.926 [restartedMain] INFO  com.skypointer.huaji.HuajiApplication - No active profile set, falling back to default profiles: default
2018-12-26 16:08:08.178 [background-preinit] DEBUG org.jboss.logging - Logging Provider: org.jboss.logging.Slf4jLoggerProvider found via system property
2018-12-26 16:08:10.027 [restartedMain] INFO  org.apache.catalina.core.StandardService - Starting service Tomcat
2018-12-26 16:08:10.027 [restartedMain] INFO  org.apache.catalina.core.StandardEngine - Starting Servlet Engine: Apache Tomcat/8.5.6
2018-12-26 16:08:10.071 [localhost-startStop-1] INFO  org.apache.catalina.core.ContainerBase.[Tomcat].[localhost].[/] - Initializing Spring embedded WebApplicationContext
2018-12-26 16:08:10.573 [restartedMain] INFO  com.alibaba.druid.pool.DruidDataSource - {dataSource-1} inited
2018-12-26 16:08:10.959 [restartedMain] WARN  org.hibernate.mapping.RootClass - HHH000038: Composite-id class does not override equals(): com.skypointer.huaji.bean.BorrowBook
2018-12-26 16:08:10.960 [restartedMain] WARN  org.hibernate.mapping.RootClass - HHH000039: Composite-id class does not override hashCode(): com.skypointer.huaji.bean.BorrowBook
2018-12-26 16:08:12.347 [restartedMain] INFO  org.apache.coyote.http11.Http11NioProtocol - Initializing ProtocolHandler ["http-nio-8855"]
2018-12-26 16:08:12.354 [restartedMain] INFO  org.apache.coyote.http11.Http11NioProtocol - Starting ProtocolHandler [http-nio-8855]
2018-12-26 16:08:12.360 [restartedMain] INFO  org.apache.tomcat.util.net.NioSelectorPool - Using a shared selector for servlet write/read
2018-12-26 16:08:12.377 [restartedMain] INFO  com.skypointer.huaji.HuajiApplication - Started HuajiApplication in 4.831 seconds (JVM running for 5.826)
2018-12-26 16:08:29.829 [http-nio-8855-exec-1] INFO  org.apache.tomcat.util.http.parser.Cookie - A cookie header was received [1541061299; Hm_lvt_90194188523e0a2d04ad3ad170c83f30=1541041745,1541130442,1541512053,1541730580; JSESSIONID=77B4FCD5FAA0E72F3E418065223A9B95] that contained an invalid cookie. That cookie will be ignored.Note: further occurrences of this error will be logged at DEBUG level.
2018-12-26 16:08:29.834 [http-nio-8855-exec-1] INFO  org.apache.catalina.core.ContainerBase.[Tomcat].[localhost].[/] - Initializing Spring FrameworkServlet 'dispatcherServlet'
2018-12-26 16:08:55.309 [Thread-19] INFO  com.alibaba.druid.pool.DruidDataSource - {dataSource-1} closed
2018-12-26 16:08:57.590 [restartedMain] INFO  com.skypointer.huaji.HuajiApplication - Starting HuajiApplication on sosky-XPS-13-9360 with PID 12840 (/home/sosky/Documents/jinying-project/huaji2/target/classes started by sosky in /home/sosky/Documents/jinying-project/huaji2)
2018-12-26 16:08:57.595 [restartedMain] DEBUG com.skypointer.huaji.HuajiApplication - Running with Spring Boot v1.4.2.RELEASE, Spring v4.3.4.RELEASE
2018-12-26 16:08:57.595 [restartedMain] INFO  com.skypointer.huaji.HuajiApplication - No active profile set, falling back to default profiles: default
2018-12-26 16:08:57.888 [background-preinit] DEBUG org.jboss.logging - Logging Provider: org.jboss.logging.Slf4jLoggerProvider found via system property
2018-12-26 16:08:59.738 [restartedMain] INFO  org.apache.catalina.core.StandardService - Starting service Tomcat
2018-12-26 16:08:59.739 [restartedMain] INFO  org.apache.catalina.core.StandardEngine - Starting Servlet Engine: Apache Tomcat/8.5.6
2018-12-26 16:08:59.815 [localhost-startStop-1] INFO  org.apache.catalina.core.ContainerBase.[Tomcat].[localhost].[/] - Initializing Spring embedded WebApplicationContext
2018-12-26 16:09:00.337 [restartedMain] INFO  com.alibaba.druid.pool.DruidDataSource - {dataSource-1} inited
2018-12-26 16:09:00.737 [restartedMain] WARN  org.hibernate.mapping.RootClass - HHH000038: Composite-id class does not override equals(): com.skypointer.huaji.bean.BorrowBook
2018-12-26 16:09:00.738 [restartedMain] WARN  org.hibernate.mapping.RootClass - HHH000039: Composite-id class does not override hashCode(): com.skypointer.huaji.bean.BorrowBook
2018-12-26 16:09:02.056 [restartedMain] INFO  org.apache.coyote.http11.Http11NioProtocol - Initializing ProtocolHandler ["http-nio-8855"]
2018-12-26 16:09:02.062 [restartedMain] INFO  org.apache.coyote.http11.Http11NioProtocol - Starting ProtocolHandler [http-nio-8855]
2018-12-26 16:09:02.067 [restartedMain] INFO  org.apache.tomcat.util.net.NioSelectorPool - Using a shared selector for servlet write/read
2018-12-26 16:09:02.082 [restartedMain] INFO  com.skypointer.huaji.HuajiApplication - Started HuajiApplication in 4.869 seconds (JVM running for 5.811)
2018-12-26 16:19:30.102 [Thread-18] INFO  com.alibaba.druid.pool.DruidDataSource - {dataSource-1} closed
2018-12-26 16:19:32.936 [restartedMain] INFO  com.skypointer.huaji.HuajiApplication - Starting HuajiApplication on sosky-XPS-13-9360 with PID 13519 (/home/sosky/Documents/jinying-project/huaji2/target/classes started by sosky in /home/sosky/Documents/jinying-project/huaji2)
2018-12-26 16:19:32.939 [restartedMain] DEBUG com.skypointer.huaji.HuajiApplication - Running with Spring Boot v1.4.2.RELEASE, Spring v4.3.4.RELEASE
2018-12-26 16:19:32.939 [restartedMain] INFO  com.skypointer.huaji.HuajiApplication - No active profile set, falling back to default profiles: default
2018-12-26 16:19:33.231 [background-preinit] DEBUG org.jboss.logging - Logging Provider: org.jboss.logging.Slf4jLoggerProvider found via system property
2018-12-26 16:19:34.947 [restartedMain] INFO  org.apache.catalina.core.StandardService - Starting service Tomcat
2018-12-26 16:19:34.948 [restartedMain] INFO  org.apache.catalina.core.StandardEngine - Starting Servlet Engine: Apache Tomcat/8.5.6
2018-12-26 16:19:34.996 [localhost-startStop-1] INFO  org.apache.catalina.core.ContainerBase.[Tomcat].[localhost].[/] - Initializing Spring embedded WebApplicationContext
2018-12-26 16:19:35.534 [restartedMain] INFO  com.alibaba.druid.pool.DruidDataSource - {dataSource-1} inited
2018-12-26 16:19:35.883 [restartedMain] WARN  org.hibernate.mapping.RootClass - HHH000038: Composite-id class does not override equals(): com.skypointer.huaji.bean.BorrowBook
2018-12-26 16:19:35.883 [restartedMain] WARN  org.hibernate.mapping.RootClass - HHH000039: Composite-id class does not override hashCode(): com.skypointer.huaji.bean.BorrowBook
2018-12-26 16:19:37.222 [restartedMain] INFO  org.apache.coyote.http11.Http11NioProtocol - Initializing ProtocolHandler ["http-nio-8855"]
2018-12-26 16:19:37.230 [restartedMain] INFO  org.apache.coyote.http11.Http11NioProtocol - Starting ProtocolHandler [http-nio-8855]
2018-12-26 16:19:37.235 [restartedMain] INFO  org.apache.tomcat.util.net.NioSelectorPool - Using a shared selector for servlet write/read
2018-12-26 16:19:37.249 [restartedMain] INFO  com.skypointer.huaji.HuajiApplication - Started HuajiApplication in 4.731 seconds (JVM running for 5.973)
2018-12-26 16:19:46.806 [http-nio-8855-exec-1] INFO  org.apache.tomcat.util.http.parser.Cookie - A cookie header was received [1541061299; Hm_lvt_90194188523e0a2d04ad3ad170c83f30=1541041745,1541130442,1541512053,1541730580; JSESSIONID=77B4FCD5FAA0E72F3E418065223A9B95] that contained an invalid cookie. That cookie will be ignored.Note: further occurrences of this error will be logged at DEBUG level.
2018-12-26 16:19:46.811 [http-nio-8855-exec-1] INFO  org.apache.catalina.core.ContainerBase.[Tomcat].[localhost].[/] - Initializing Spring FrameworkServlet 'dispatcherServlet'
2018-12-26 16:20:33.120 [Thread-18] INFO  com.alibaba.druid.pool.DruidDataSource - {dataSource-1} closed
2018-12-26 16:20:35.386 [restartedMain] INFO  com.skypointer.huaji.HuajiApplication - Starting HuajiApplication on sosky-XPS-13-9360 with PID 13680 (/home/sosky/Documents/jinying-project/huaji2/target/classes started by sosky in /home/sosky/Documents/jinying-project/huaji2)
2018-12-26 16:20:35.389 [restartedMain] DEBUG com.skypointer.huaji.HuajiApplication - Running with Spring Boot v1.4.2.RELEASE, Spring v4.3.4.RELEASE
2018-12-26 16:20:35.390 [restartedMain] INFO  com.skypointer.huaji.HuajiApplication - No active profile set, falling back to default profiles: default
2018-12-26 16:20:35.647 [background-preinit] DEBUG org.jboss.logging - Logging Provider: org.jboss.logging.Slf4jLoggerProvider found via system property
2018-12-26 16:20:37.623 [restartedMain] INFO  org.apache.catalina.core.StandardService - Starting service Tomcat
2018-12-26 16:20:37.624 [restartedMain] INFO  org.apache.catalina.core.StandardEngine - Starting Servlet Engine: Apache Tomcat/8.5.6
2018-12-26 16:20:37.700 [localhost-startStop-1] INFO  org.apache.catalina.core.ContainerBase.[Tomcat].[localhost].[/] - Initializing Spring embedded WebApplicationContext
2018-12-26 16:20:38.237 [restartedMain] INFO  com.alibaba.druid.pool.DruidDataSource - {dataSource-1} inited
2018-12-26 16:20:38.667 [restartedMain] WARN  org.hibernate.mapping.RootClass - HHH000038: Composite-id class does not override equals(): com.skypointer.huaji.bean.BorrowBook
2018-12-26 16:20:38.667 [restartedMain] WARN  org.hibernate.mapping.RootClass - HHH000039: Composite-id class does not override hashCode(): com.skypointer.huaji.bean.BorrowBook
2018-12-26 16:20:40.098 [restartedMain] INFO  org.apache.coyote.http11.Http11NioProtocol - Initializing ProtocolHandler ["http-nio-8855"]
2018-12-26 16:20:40.107 [restartedMain] INFO  org.apache.coyote.http11.Http11NioProtocol - Starting ProtocolHandler [http-nio-8855]
2018-12-26 16:20:40.112 [restartedMain] INFO  org.apache.tomcat.util.net.NioSelectorPool - Using a shared selector for servlet write/read
2018-12-26 16:20:40.129 [restartedMain] INFO  com.skypointer.huaji.HuajiApplication - Started HuajiApplication in 5.131 seconds (JVM running for 5.996)
2018-12-26 16:20:40.797 [http-nio-8855-exec-1] INFO  org.apache.tomcat.util.http.parser.Cookie - A cookie header was received [1541061299; Hm_lvt_90194188523e0a2d04ad3ad170c83f30=1541041745,1541130442,1541512053,1541730580; JSESSIONID=77B4FCD5FAA0E72F3E418065223A9B95] that contained an invalid cookie. That cookie will be ignored.Note: further occurrences of this error will be logged at DEBUG level.
2018-12-26 16:20:40.805 [http-nio-8855-exec-1] INFO  org.apache.catalina.core.ContainerBase.[Tomcat].[localhost].[/] - Initializing Spring FrameworkServlet 'dispatcherServlet'
