2018-07-15 00:04:17.419 [Thread-17] INFO  com.alibaba.druid.pool.DruidDataSource - {dataSource-1} closed
2018-07-15 23:26:27.433 [restartedMain] INFO  com.skypointer.huaji.HuajiApplication - Starting HuajiApplication on sosky-XPS-13-9360 with PID 8540 (/home/sosky/Documents/jinying-project/huaji2/target/classes started by sosky in /home/sosky/Documents/jinying-project/huaji2)
2018-07-15 23:26:27.436 [restartedMain] DEBUG com.skypointer.huaji.HuajiApplication - Running with Spring Boot v1.4.2.RELEASE, Spring v4.3.4.RELEASE
2018-07-15 23:26:27.436 [restartedMain] INFO  com.skypointer.huaji.HuajiApplication - No active profile set, falling back to default profiles: default
2018-07-15 23:26:27.655 [background-preinit] DEBUG org.jboss.logging - Logging Provider: org.jboss.logging.Slf4jLoggerProvider found via system property
2018-07-15 23:26:29.767 [restartedMain] INFO  org.apache.catalina.core.StandardService - Starting service Tomcat
2018-07-15 23:26:29.767 [restartedMain] INFO  org.apache.catalina.core.StandardEngine - Starting Servlet Engine: Apache Tomcat/8.5.6
2018-07-15 23:26:29.820 [localhost-startStop-1] INFO  org.apache.catalina.core.ContainerBase.[Tomcat].[localhost].[/] - Initializing Spring embedded WebApplicationContext
2018-07-15 23:26:30.349 [restartedMain] INFO  com.alibaba.druid.pool.DruidDataSource - {dataSource-1} inited
2018-07-15 23:26:30.754 [restartedMain] WARN  org.hibernate.mapping.RootClass - HHH000038: Composite-id class does not override equals(): com.skypointer.huaji.bean.BorrowBook
2018-07-15 23:26:30.755 [restartedMain] WARN  org.hibernate.mapping.RootClass - HHH000039: Composite-id class does not override hashCode(): com.skypointer.huaji.bean.BorrowBook
2018-07-15 23:26:32.120 [restartedMain] INFO  org.apache.coyote.http11.Http11NioProtocol - Initializing ProtocolHandler ["http-nio-8855"]
2018-07-15 23:26:32.127 [restartedMain] INFO  org.apache.coyote.http11.Http11NioProtocol - Starting ProtocolHandler [http-nio-8855]
2018-07-15 23:26:32.131 [restartedMain] INFO  org.apache.tomcat.util.net.NioSelectorPool - Using a shared selector for servlet write/read
2018-07-15 23:26:32.146 [restartedMain] INFO  com.skypointer.huaji.HuajiApplication - Started HuajiApplication in 5.047 seconds (JVM running for 5.253)
2018-07-15 23:28:11.709 [Thread-16] INFO  com.alibaba.druid.pool.DruidDataSource - {dataSource-1} closed
2018-07-15 23:28:13.599 [restartedMain] INFO  com.skypointer.huaji.HuajiApplication - Starting HuajiApplication on sosky-XPS-13-9360 with PID 8983 (/home/sosky/Documents/jinying-project/huaji2/target/classes started by sosky in /home/sosky/Documents/jinying-project/huaji2)
2018-07-15 23:28:13.602 [restartedMain] DEBUG com.skypointer.huaji.HuajiApplication - Running with Spring Boot v1.4.2.RELEASE, Spring v4.3.4.RELEASE
2018-07-15 23:28:13.602 [restartedMain] INFO  com.skypointer.huaji.HuajiApplication - No active profile set, falling back to default profiles: default
2018-07-15 23:28:13.790 [background-preinit] DEBUG org.jboss.logging - Logging Provider: org.jboss.logging.Slf4jLoggerProvider found via system property
2018-07-15 23:28:15.312 [restartedMain] INFO  org.apache.catalina.core.StandardService - Starting service Tomcat
2018-07-15 23:28:15.313 [restartedMain] INFO  org.apache.catalina.core.StandardEngine - Starting Servlet Engine: Apache Tomcat/8.5.6
2018-07-15 23:28:15.366 [localhost-startStop-1] INFO  org.apache.catalina.core.ContainerBase.[Tomcat].[localhost].[/] - Initializing Spring embedded WebApplicationContext
2018-07-15 23:28:15.960 [restartedMain] INFO  com.alibaba.druid.pool.DruidDataSource - {dataSource-1} inited
2018-07-15 23:28:16.375 [restartedMain] WARN  org.hibernate.mapping.RootClass - HHH000038: Composite-id class does not override equals(): com.skypointer.huaji.bean.BorrowBook
2018-07-15 23:28:16.375 [restartedMain] WARN  org.hibernate.mapping.RootClass - HHH000039: Composite-id class does not override hashCode(): com.skypointer.huaji.bean.BorrowBook
2018-07-15 23:28:17.891 [restartedMain] INFO  org.apache.coyote.http11.Http11NioProtocol - Initializing ProtocolHandler ["http-nio-8855"]
2018-07-15 23:28:17.901 [restartedMain] INFO  org.apache.coyote.http11.Http11NioProtocol - Starting ProtocolHandler [http-nio-8855]
2018-07-15 23:28:17.906 [restartedMain] INFO  org.apache.tomcat.util.net.NioSelectorPool - Using a shared selector for servlet write/read
2018-07-15 23:28:17.923 [restartedMain] INFO  com.skypointer.huaji.HuajiApplication - Started HuajiApplication in 4.594 seconds (JVM running for 5.402)
2018-07-15 23:28:25.924 [http-nio-8855-exec-1] INFO  org.apache.catalina.core.ContainerBase.[Tomcat].[localhost].[/] - Initializing Spring FrameworkServlet 'dispatcherServlet'
2018-07-15 23:28:58.086 [Thread-17] INFO  com.alibaba.druid.pool.DruidDataSource - {dataSource-1} closed
