2018-07-09 01:15:49.838 [restartedMain] INFO  com.skypointer.huaji.HuajiApplication - Starting HuajiApplication on sosky-XPS-13-9360 with PID 9306 (/home/sosky/Documents/jinying-project/huaji2/target/classes started by sosky in /home/sosky/Documents/jinying-project/huaji2)
2018-07-09 01:15:49.842 [restartedMain] DEBUG com.skypointer.huaji.HuajiApplication - Running with Spring Boot v1.4.2.RELEASE, Spring v4.3.4.RELEASE
2018-07-09 01:15:49.842 [restartedMain] INFO  com.skypointer.huaji.HuajiApplication - No active profile set, falling back to default profiles: default
2018-07-09 01:15:50.056 [background-preinit] DEBUG org.jboss.logging - Logging Provider: org.jboss.logging.Slf4jLoggerProvider found via system property
2018-07-09 01:15:51.548 [restartedMain] INFO  org.apache.catalina.core.StandardService - Starting service Tomcat
2018-07-09 01:15:51.549 [restartedMain] INFO  org.apache.catalina.core.StandardEngine - Starting Servlet Engine: Apache Tomcat/8.5.6
2018-07-09 01:15:51.600 [localhost-startStop-1] INFO  org.apache.catalina.core.ContainerBase.[Tomcat].[localhost].[/] - Initializing Spring embedded WebApplicationContext
2018-07-09 01:15:52.170 [restartedMain] INFO  com.alibaba.druid.pool.DruidDataSource - {dataSource-1} inited
2018-07-09 01:15:52.586 [restartedMain] WARN  org.hibernate.mapping.RootClass - HHH000038: Composite-id class does not override equals(): com.skypointer.huaji.bean.BorrowBook
2018-07-09 01:15:52.587 [restartedMain] WARN  org.hibernate.mapping.RootClass - HHH000039: Composite-id class does not override hashCode(): com.skypointer.huaji.bean.BorrowBook
2018-07-09 01:15:53.935 [restartedMain] WARN  org.springframework.boot.autoconfigure.freemarker.FreeMarkerAutoConfiguration - Cannot find template location(s): [classpath:/templates/] (please add some templates, check your FreeMarker configuration, or set spring.freemarker.checkTemplateLocation=false)
2018-07-09 01:15:54.086 [restartedMain] INFO  org.apache.coyote.http11.Http11NioProtocol - Initializing ProtocolHandler ["http-nio-8855"]
2018-07-09 01:15:54.093 [restartedMain] INFO  org.apache.coyote.http11.Http11NioProtocol - Starting ProtocolHandler [http-nio-8855]
2018-07-09 01:15:54.099 [restartedMain] INFO  org.apache.tomcat.util.net.NioSelectorPool - Using a shared selector for servlet write/read
2018-07-09 01:15:54.114 [restartedMain] INFO  com.skypointer.huaji.HuajiApplication - Started HuajiApplication in 4.675 seconds (JVM running for 5.527)
2018-07-09 01:15:58.725 [Thread-17] INFO  com.alibaba.druid.pool.DruidDataSource - {dataSource-1} closed
2018-07-09 01:43:41.069 [restartedMain] INFO  com.skypointer.huaji.HuajiApplication - Starting HuajiApplication on sosky-XPS-13-9360 with PID 11854 (/home/sosky/Documents/jinying-project/huaji2/target/classes started by sosky in /home/sosky/Documents/jinying-project/huaji2)
2018-07-09 01:43:41.071 [restartedMain] DEBUG com.skypointer.huaji.HuajiApplication - Running with Spring Boot v1.4.2.RELEASE, Spring v4.3.4.RELEASE
2018-07-09 01:43:41.072 [restartedMain] INFO  com.skypointer.huaji.HuajiApplication - No active profile set, falling back to default profiles: default
2018-07-09 01:43:41.260 [background-preinit] DEBUG org.jboss.logging - Logging Provider: org.jboss.logging.Slf4jLoggerProvider found via system property
2018-07-09 01:43:42.706 [restartedMain] INFO  org.apache.catalina.core.StandardService - Starting service Tomcat
2018-07-09 01:43:42.707 [restartedMain] INFO  org.apache.catalina.core.StandardEngine - Starting Servlet Engine: Apache Tomcat/8.5.6
2018-07-09 01:43:42.752 [localhost-startStop-1] INFO  org.apache.catalina.core.ContainerBase.[Tomcat].[localhost].[/] - Initializing Spring embedded WebApplicationContext
2018-07-09 01:43:43.283 [restartedMain] INFO  com.alibaba.druid.pool.DruidDataSource - {dataSource-1} inited
2018-07-09 01:43:43.674 [restartedMain] WARN  org.hibernate.mapping.RootClass - HHH000038: Composite-id class does not override equals(): com.skypointer.huaji.bean.BorrowBook
2018-07-09 01:43:43.674 [restartedMain] WARN  org.hibernate.mapping.RootClass - HHH000039: Composite-id class does not override hashCode(): com.skypointer.huaji.bean.BorrowBook
2018-07-09 01:43:45.066 [restartedMain] WARN  org.springframework.boot.devtools.autoconfigure.OptionalLiveReloadServer - Unable to start LiveReload server
2018-07-09 01:43:45.142 [restartedMain] INFO  org.apache.coyote.http11.Http11NioProtocol - Initializing ProtocolHandler ["http-nio-8855"]
2018-07-09 01:43:45.152 [restartedMain] INFO  org.apache.coyote.http11.Http11NioProtocol - Starting ProtocolHandler [http-nio-8855]
2018-07-09 01:43:45.156 [restartedMain] ERROR org.apache.coyote.http11.Http11NioProtocol - Failed to start end point associated with ProtocolHandler [http-nio-8855]
java.net.BindException: Address already in use
	at sun.nio.ch.Net.bind0(Native Method)
	at sun.nio.ch.Net.bind(Net.java:433)
	at sun.nio.ch.Net.bind(Net.java:425)
	at sun.nio.ch.ServerSocketChannelImpl.bind(ServerSocketChannelImpl.java:223)
	at sun.nio.ch.ServerSocketAdaptor.bind(ServerSocketAdaptor.java:74)
	at org.apache.tomcat.util.net.NioEndpoint.bind(NioEndpoint.java:228)
	at org.apache.tomcat.util.net.AbstractEndpoint.start(AbstractEndpoint.java:874)
	at org.apache.coyote.AbstractProtocol.start(AbstractProtocol.java:590)
	at org.apache.catalina.connector.Connector.startInternal(Connector.java:969)
	at org.apache.catalina.util.LifecycleBase.start(LifecycleBase.java:150)
	at org.apache.catalina.core.StandardService.addConnector(StandardService.java:225)
	at org.springframework.boot.context.embedded.tomcat.TomcatEmbeddedServletContainer.addPreviouslyRemovedConnectors(TomcatEmbeddedServletContainer.java:233)
	at org.springframework.boot.context.embedded.tomcat.TomcatEmbeddedServletContainer.start(TomcatEmbeddedServletContainer.java:178)
	at org.springframework.boot.context.embedded.EmbeddedWebApplicationContext.startEmbeddedServletContainer(EmbeddedWebApplicationContext.java:297)
	at org.springframework.boot.context.embedded.EmbeddedWebApplicationContext.finishRefresh(EmbeddedWebApplicationContext.java:145)
	at org.springframework.context.support.AbstractApplicationContext.refresh(AbstractApplicationContext.java:545)
	at org.springframework.boot.context.embedded.EmbeddedWebApplicationContext.refresh(EmbeddedWebApplicationContext.java:122)
	at org.springframework.boot.SpringApplication.refresh(SpringApplication.java:761)
	at org.springframework.boot.SpringApplication.refreshContext(SpringApplication.java:371)
	at org.springframework.boot.SpringApplication.run(SpringApplication.java:315)
	at org.springframework.boot.SpringApplication.run(SpringApplication.java:1186)
	at org.springframework.boot.SpringApplication.run(SpringApplication.java:1175)
	at com.skypointer.huaji.HuajiApplication.main(HuajiApplication.java:10)
	at sun.reflect.NativeMethodAccessorImpl.invoke0(Native Method)
	at sun.reflect.NativeMethodAccessorImpl.invoke(NativeMethodAccessorImpl.java:62)
	at sun.reflect.DelegatingMethodAccessorImpl.invoke(DelegatingMethodAccessorImpl.java:43)
	at java.lang.reflect.Method.invoke(Method.java:498)
	at org.springframework.boot.devtools.restart.RestartLauncher.run(RestartLauncher.java:49)
2018-07-09 01:43:45.157 [restartedMain] ERROR org.apache.catalina.core.StandardService - Failed to start connector [Connector[HTTP/1.1-8855]]
org.apache.catalina.LifecycleException: Failed to start component [Connector[HTTP/1.1-8855]]
	at org.apache.catalina.util.LifecycleBase.start(LifecycleBase.java:167)
	at org.apache.catalina.core.StandardService.addConnector(StandardService.java:225)
	at org.springframework.boot.context.embedded.tomcat.TomcatEmbeddedServletContainer.addPreviouslyRemovedConnectors(TomcatEmbeddedServletContainer.java:233)
	at org.springframework.boot.context.embedded.tomcat.TomcatEmbeddedServletContainer.start(TomcatEmbeddedServletContainer.java:178)
	at org.springframework.boot.context.embedded.EmbeddedWebApplicationContext.startEmbeddedServletContainer(EmbeddedWebApplicationContext.java:297)
	at org.springframework.boot.context.embedded.EmbeddedWebApplicationContext.finishRefresh(EmbeddedWebApplicationContext.java:145)
	at org.springframework.context.support.AbstractApplicationContext.refresh(AbstractApplicationContext.java:545)
	at org.springframework.boot.context.embedded.EmbeddedWebApplicationContext.refresh(EmbeddedWebApplicationContext.java:122)
	at org.springframework.boot.SpringApplication.refresh(SpringApplication.java:761)
	at org.springframework.boot.SpringApplication.refreshContext(SpringApplication.java:371)
	at org.springframework.boot.SpringApplication.run(SpringApplication.java:315)
	at org.springframework.boot.SpringApplication.run(SpringApplication.java:1186)
	at org.springframework.boot.SpringApplication.run(SpringApplication.java:1175)
	at com.skypointer.huaji.HuajiApplication.main(HuajiApplication.java:10)
	at sun.reflect.NativeMethodAccessorImpl.invoke0(Native Method)
	at sun.reflect.NativeMethodAccessorImpl.invoke(NativeMethodAccessorImpl.java:62)
	at sun.reflect.DelegatingMethodAccessorImpl.invoke(DelegatingMethodAccessorImpl.java:43)
	at java.lang.reflect.Method.invoke(Method.java:498)
	at org.springframework.boot.devtools.restart.RestartLauncher.run(RestartLauncher.java:49)
Caused by: org.apache.catalina.LifecycleException: service.getName(): "Tomcat";  Protocol handler start failed
	at org.apache.catalina.connector.Connector.startInternal(Connector.java:976)
	at org.apache.catalina.util.LifecycleBase.start(LifecycleBase.java:150)
	... 18 common frames omitted
Caused by: java.net.BindException: Address already in use
	at sun.nio.ch.Net.bind0(Native Method)
	at sun.nio.ch.Net.bind(Net.java:433)
	at sun.nio.ch.Net.bind(Net.java:425)
	at sun.nio.ch.ServerSocketChannelImpl.bind(ServerSocketChannelImpl.java:223)
	at sun.nio.ch.ServerSocketAdaptor.bind(ServerSocketAdaptor.java:74)
	at org.apache.tomcat.util.net.NioEndpoint.bind(NioEndpoint.java:228)
	at org.apache.tomcat.util.net.AbstractEndpoint.start(AbstractEndpoint.java:874)
	at org.apache.coyote.AbstractProtocol.start(AbstractProtocol.java:590)
	at org.apache.catalina.connector.Connector.startInternal(Connector.java:969)
	... 19 common frames omitted
2018-07-09 01:43:45.163 [restartedMain] INFO  org.apache.coyote.http11.Http11NioProtocol - Pausing ProtocolHandler ["http-nio-8855"]
2018-07-09 01:43:45.163 [restartedMain] INFO  org.apache.catalina.core.StandardService - Stopping service Tomcat
2018-07-09 01:43:45.169 [restartedMain] INFO  org.apache.catalina.util.LifecycleBase - The stop() method was called on component [StandardServer[-1]] after stop() had already been called. The second call will be ignored.
2018-07-09 01:43:45.170 [restartedMain] INFO  org.apache.coyote.http11.Http11NioProtocol - Stopping ProtocolHandler ["http-nio-8855"]
2018-07-09 01:43:45.170 [restartedMain] INFO  org.apache.coyote.http11.Http11NioProtocol - Destroying ProtocolHandler ["http-nio-8855"]
2018-07-09 01:43:45.175 [restartedMain] ERROR org.springframework.boot.diagnostics.LoggingFailureAnalysisReporter - 

***************************
APPLICATION FAILED TO START
***************************

Description:

The Tomcat connector configured to listen on port 8855 failed to start. The port may already be in use or the connector may be misconfigured.

Action:

Verify the connector's configuration, identify and stop any process that's listening on port 8855, or configure this application to listen on another port.

2018-07-09 01:43:45.183 [restartedMain] INFO  com.alibaba.druid.pool.DruidDataSource - {dataSource-1} closed
2018-07-09 01:44:22.501 [restartedMain] INFO  com.skypointer.huaji.HuajiApplication - Starting HuajiApplication on sosky-XPS-13-9360 with PID 11983 (/home/sosky/Documents/jinying-project/huaji2/target/classes started by sosky in /home/sosky/Documents/jinying-project/huaji2)
2018-07-09 01:44:22.504 [restartedMain] DEBUG com.skypointer.huaji.HuajiApplication - Running with Spring Boot v1.4.2.RELEASE, Spring v4.3.4.RELEASE
2018-07-09 01:44:22.504 [restartedMain] INFO  com.skypointer.huaji.HuajiApplication - No active profile set, falling back to default profiles: default
2018-07-09 01:44:22.692 [background-preinit] DEBUG org.jboss.logging - Logging Provider: org.jboss.logging.Slf4jLoggerProvider found via system property
2018-07-09 01:44:24.123 [restartedMain] INFO  org.apache.catalina.core.StandardService - Starting service Tomcat
2018-07-09 01:44:24.124 [restartedMain] INFO  org.apache.catalina.core.StandardEngine - Starting Servlet Engine: Apache Tomcat/8.5.6
2018-07-09 01:44:24.181 [localhost-startStop-1] INFO  org.apache.catalina.core.ContainerBase.[Tomcat].[localhost].[/] - Initializing Spring embedded WebApplicationContext
2018-07-09 01:44:24.687 [restartedMain] INFO  com.alibaba.druid.pool.DruidDataSource - {dataSource-1} inited
2018-07-09 01:44:25.120 [restartedMain] WARN  org.hibernate.mapping.RootClass - HHH000038: Composite-id class does not override equals(): com.skypointer.huaji.bean.BorrowBook
2018-07-09 01:44:25.120 [restartedMain] WARN  org.hibernate.mapping.RootClass - HHH000039: Composite-id class does not override hashCode(): com.skypointer.huaji.bean.BorrowBook
2018-07-09 01:44:26.551 [restartedMain] INFO  org.apache.coyote.http11.Http11NioProtocol - Initializing ProtocolHandler ["http-nio-8855"]
2018-07-09 01:44:26.558 [restartedMain] INFO  org.apache.coyote.http11.Http11NioProtocol - Starting ProtocolHandler [http-nio-8855]
2018-07-09 01:44:26.563 [restartedMain] INFO  org.apache.tomcat.util.net.NioSelectorPool - Using a shared selector for servlet write/read
2018-07-09 01:44:26.579 [restartedMain] INFO  com.skypointer.huaji.HuajiApplication - Started HuajiApplication in 4.338 seconds (JVM running for 5.033)
2018-07-09 01:44:31.565 [http-nio-8855-exec-1] INFO  org.apache.catalina.core.ContainerBase.[Tomcat].[localhost].[/] - Initializing Spring FrameworkServlet 'dispatcherServlet'
2018-07-09 01:44:31.640 [http-nio-8855-exec-1] DEBUG org.hibernate.SQL - select user0_.id as id1_5_, user0_.create_time as create_t2_5_, user0_.delete_status as delete_s3_5_, user0_.locked as locked4_5_, user0_.password as password5_5_, user0_.telephone as telephon6_5_, user0_.update_time as update_t7_5_, user0_.user_code as user_cod8_5_, user0_.user_name as user_nam9_5_ from tb_user user0_
2018-07-09 01:44:31.679 [http-nio-8855-exec-1] DEBUG org.hibernate.SQL - select roles0_.user_id as user_id1_6_0_, roles0_.role_id as role_id2_6_0_, role1_.id as id1_3_1_, role1_.create_time as create_t2_3_1_, role1_.description as descript3_3_1_, role1_.name as name4_3_1_, role1_.role_key as role_key5_3_1_, role1_.status as status6_3_1_, role1_.update_time as update_t7_3_1_ from tb_user_role roles0_ inner join tb_role role1_ on roles0_.role_id=role1_.id where roles0_.user_id=?
2018-07-09 01:44:31.693 [http-nio-8855-exec-1] DEBUG org.hibernate.SQL - select roles0_.user_id as user_id1_6_0_, roles0_.role_id as role_id2_6_0_, role1_.id as id1_3_1_, role1_.create_time as create_t2_3_1_, role1_.description as descript3_3_1_, role1_.name as name4_3_1_, role1_.role_key as role_key5_3_1_, role1_.status as status6_3_1_, role1_.update_time as update_t7_3_1_ from tb_user_role roles0_ inner join tb_role role1_ on roles0_.role_id=role1_.id where roles0_.user_id=?
2018-07-09 01:44:31.695 [http-nio-8855-exec-1] DEBUG org.hibernate.SQL - select roles0_.user_id as user_id1_6_0_, roles0_.role_id as role_id2_6_0_, role1_.id as id1_3_1_, role1_.create_time as create_t2_3_1_, role1_.description as descript3_3_1_, role1_.name as name4_3_1_, role1_.role_key as role_key5_3_1_, role1_.status as status6_3_1_, role1_.update_time as update_t7_3_1_ from tb_user_role roles0_ inner join tb_role role1_ on roles0_.role_id=role1_.id where roles0_.user_id=?
2018-07-09 01:44:31.696 [http-nio-8855-exec-1] DEBUG com.skypointer.huaji.controller.page.IndexController - [User{id=1, userName='admin', userCode='admin', password='3931MUEQD1939MQMLM4AISPVNE', telephone='18888888888', deleteStatus=0, locked=0, createTime=2017-01-09 17:26:41.0, updateTime=2017-04-20 22:52:12.0, roles=[com.skypointer.huaji.bean.Role@1a8ca843]}, User{id=2, userName='James', userCode='1418140303', password='22IVQ4M4SLA8QI8MP4ISSPQUKJ', telephone='183222222', deleteStatus=0, locked=0, createTime=2017-04-20 22:48:34.0, updateTime=2017-06-29 02:29:10.0, roles=[com.skypointer.huaji.bean.Role@13684ea8]}, User{id=12, userName='Jon', userCode='1418140304', password='22IVQ4M4SLA8QI8MP4ISSPQUKJ', telephone='1832203000', deleteStatus=0, locked=0, createTime=2017-05-04 19:31:10.0, updateTime=2017-06-29 02:29:31.0, roles=[com.skypointer.huaji.bean.Role@13684ea8]}]
2018-07-09 01:44:55.366 [http-nio-8855-exec-8] DEBUG org.hibernate.SQL - select user0_.id as id1_5_, user0_.create_time as create_t2_5_, user0_.delete_status as delete_s3_5_, user0_.locked as locked4_5_, user0_.password as password5_5_, user0_.telephone as telephon6_5_, user0_.update_time as update_t7_5_, user0_.user_code as user_cod8_5_, user0_.user_name as user_nam9_5_ from tb_user user0_
2018-07-09 01:44:55.371 [http-nio-8855-exec-8] DEBUG org.hibernate.SQL - select roles0_.user_id as user_id1_6_0_, roles0_.role_id as role_id2_6_0_, role1_.id as id1_3_1_, role1_.create_time as create_t2_3_1_, role1_.description as descript3_3_1_, role1_.name as name4_3_1_, role1_.role_key as role_key5_3_1_, role1_.status as status6_3_1_, role1_.update_time as update_t7_3_1_ from tb_user_role roles0_ inner join tb_role role1_ on roles0_.role_id=role1_.id where roles0_.user_id=?
2018-07-09 01:44:55.375 [http-nio-8855-exec-8] DEBUG org.hibernate.SQL - select roles0_.user_id as user_id1_6_0_, roles0_.role_id as role_id2_6_0_, role1_.id as id1_3_1_, role1_.create_time as create_t2_3_1_, role1_.description as descript3_3_1_, role1_.name as name4_3_1_, role1_.role_key as role_key5_3_1_, role1_.status as status6_3_1_, role1_.update_time as update_t7_3_1_ from tb_user_role roles0_ inner join tb_role role1_ on roles0_.role_id=role1_.id where roles0_.user_id=?
2018-07-09 01:44:55.377 [http-nio-8855-exec-8] DEBUG org.hibernate.SQL - select roles0_.user_id as user_id1_6_0_, roles0_.role_id as role_id2_6_0_, role1_.id as id1_3_1_, role1_.create_time as create_t2_3_1_, role1_.description as descript3_3_1_, role1_.name as name4_3_1_, role1_.role_key as role_key5_3_1_, role1_.status as status6_3_1_, role1_.update_time as update_t7_3_1_ from tb_user_role roles0_ inner join tb_role role1_ on roles0_.role_id=role1_.id where roles0_.user_id=?
2018-07-09 01:44:55.379 [http-nio-8855-exec-8] DEBUG com.skypointer.huaji.controller.page.IndexController - [User{id=1, userName='admin', userCode='admin', password='3931MUEQD1939MQMLM4AISPVNE', telephone='18888888888', deleteStatus=0, locked=0, createTime=2017-01-09 17:26:41.0, updateTime=2017-04-20 22:52:12.0, roles=[com.skypointer.huaji.bean.Role@707a1392]}, User{id=2, userName='James', userCode='1418140303', password='22IVQ4M4SLA8QI8MP4ISSPQUKJ', telephone='183222222', deleteStatus=0, locked=0, createTime=2017-04-20 22:48:34.0, updateTime=2017-06-29 02:29:10.0, roles=[com.skypointer.huaji.bean.Role@2a00611d]}, User{id=12, userName='Jon', userCode='1418140304', password='22IVQ4M4SLA8QI8MP4ISSPQUKJ', telephone='1832203000', deleteStatus=0, locked=0, createTime=2017-05-04 19:31:10.0, updateTime=2017-06-29 02:29:31.0, roles=[com.skypointer.huaji.bean.Role@2a00611d]}]
2018-07-09 01:45:15.720 [http-nio-8855-exec-10] DEBUG org.hibernate.SQL - select user0_.id as id1_5_, user0_.create_time as create_t2_5_, user0_.delete_status as delete_s3_5_, user0_.locked as locked4_5_, user0_.password as password5_5_, user0_.telephone as telephon6_5_, user0_.update_time as update_t7_5_, user0_.user_code as user_cod8_5_, user0_.user_name as user_nam9_5_ from tb_user user0_
2018-07-09 01:45:15.723 [http-nio-8855-exec-10] DEBUG org.hibernate.SQL - select roles0_.user_id as user_id1_6_0_, roles0_.role_id as role_id2_6_0_, role1_.id as id1_3_1_, role1_.create_time as create_t2_3_1_, role1_.description as descript3_3_1_, role1_.name as name4_3_1_, role1_.role_key as role_key5_3_1_, role1_.status as status6_3_1_, role1_.update_time as update_t7_3_1_ from tb_user_role roles0_ inner join tb_role role1_ on roles0_.role_id=role1_.id where roles0_.user_id=?
2018-07-09 01:45:15.724 [http-nio-8855-exec-10] DEBUG org.hibernate.SQL - select roles0_.user_id as user_id1_6_0_, roles0_.role_id as role_id2_6_0_, role1_.id as id1_3_1_, role1_.create_time as create_t2_3_1_, role1_.description as descript3_3_1_, role1_.name as name4_3_1_, role1_.role_key as role_key5_3_1_, role1_.status as status6_3_1_, role1_.update_time as update_t7_3_1_ from tb_user_role roles0_ inner join tb_role role1_ on roles0_.role_id=role1_.id where roles0_.user_id=?
2018-07-09 01:45:15.726 [http-nio-8855-exec-10] DEBUG org.hibernate.SQL - select roles0_.user_id as user_id1_6_0_, roles0_.role_id as role_id2_6_0_, role1_.id as id1_3_1_, role1_.create_time as create_t2_3_1_, role1_.description as descript3_3_1_, role1_.name as name4_3_1_, role1_.role_key as role_key5_3_1_, role1_.status as status6_3_1_, role1_.update_time as update_t7_3_1_ from tb_user_role roles0_ inner join tb_role role1_ on roles0_.role_id=role1_.id where roles0_.user_id=?
2018-07-09 01:45:15.728 [http-nio-8855-exec-10] DEBUG com.skypointer.huaji.controller.page.IndexController - [User{id=1, userName='admin', userCode='admin', password='3931MUEQD1939MQMLM4AISPVNE', telephone='18888888888', deleteStatus=0, locked=0, createTime=2017-01-09 17:26:41.0, updateTime=2017-04-20 22:52:12.0, roles=[com.skypointer.huaji.bean.Role@1fed18ba]}, User{id=2, userName='James', userCode='1418140303', password='22IVQ4M4SLA8QI8MP4ISSPQUKJ', telephone='183222222', deleteStatus=0, locked=0, createTime=2017-04-20 22:48:34.0, updateTime=2017-06-29 02:29:10.0, roles=[com.skypointer.huaji.bean.Role@107443df]}, User{id=12, userName='Jon', userCode='1418140304', password='22IVQ4M4SLA8QI8MP4ISSPQUKJ', telephone='1832203000', deleteStatus=0, locked=0, createTime=2017-05-04 19:31:10.0, updateTime=2017-06-29 02:29:31.0, roles=[com.skypointer.huaji.bean.Role@107443df]}]
2018-07-09 01:45:15.735 [http-nio-8855-exec-10] ERROR org.apache.catalina.core.ContainerBase.[Tomcat].[localhost].[/].[dispatcherServlet] - Servlet.service() for servlet [dispatcherServlet] in context with path [] threw exception [Circular view path [index]: would dispatch back to the current handler URL [/index] again. Check your ViewResolver setup! (Hint: This may be the result of an unspecified view, due to default view name generation.)] with root cause
javax.servlet.ServletException: Circular view path [index]: would dispatch back to the current handler URL [/index] again. Check your ViewResolver setup! (Hint: This may be the result of an unspecified view, due to default view name generation.)
	at org.springframework.web.servlet.view.InternalResourceView.prepareForRendering(InternalResourceView.java:205)
	at org.springframework.web.servlet.view.InternalResourceView.renderMergedOutputModel(InternalResourceView.java:145)
	at org.springframework.web.servlet.view.AbstractView.render(AbstractView.java:303)
	at org.springframework.web.servlet.DispatcherServlet.render(DispatcherServlet.java:1257)
	at org.springframework.web.servlet.DispatcherServlet.processDispatchResult(DispatcherServlet.java:1037)
	at org.springframework.web.servlet.DispatcherServlet.doDispatch(DispatcherServlet.java:980)
	at org.springframework.web.servlet.DispatcherServlet.doService(DispatcherServlet.java:897)
	at org.springframework.web.servlet.FrameworkServlet.processRequest(FrameworkServlet.java:970)
	at org.springframework.web.servlet.FrameworkServlet.doGet(FrameworkServlet.java:861)
	at javax.servlet.http.HttpServlet.service(HttpServlet.java:622)
	at org.springframework.web.servlet.FrameworkServlet.service(FrameworkServlet.java:846)
	at javax.servlet.http.HttpServlet.service(HttpServlet.java:729)
	at org.apache.catalina.core.ApplicationFilterChain.internalDoFilter(ApplicationFilterChain.java:230)
	at org.apache.catalina.core.ApplicationFilterChain.doFilter(ApplicationFilterChain.java:165)
	at org.apache.tomcat.websocket.server.WsFilter.doFilter(WsFilter.java:52)
	at org.apache.catalina.core.ApplicationFilterChain.internalDoFilter(ApplicationFilterChain.java:192)
	at org.apache.catalina.core.ApplicationFilterChain.doFilter(ApplicationFilterChain.java:165)
	at org.springframework.orm.jpa.support.OpenEntityManagerInViewFilter.doFilterInternal(OpenEntityManagerInViewFilter.java:178)
	at org.springframework.web.filter.OncePerRequestFilter.doFilter(OncePerRequestFilter.java:107)
	at org.apache.catalina.core.ApplicationFilterChain.internalDoFilter(ApplicationFilterChain.java:192)
	at org.apache.catalina.core.ApplicationFilterChain.doFilter(ApplicationFilterChain.java:165)
	at org.springframework.web.filter.RequestContextFilter.doFilterInternal(RequestContextFilter.java:99)
	at org.springframework.web.filter.OncePerRequestFilter.doFilter(OncePerRequestFilter.java:107)
	at org.apache.catalina.core.ApplicationFilterChain.internalDoFilter(ApplicationFilterChain.java:192)
	at org.apache.catalina.core.ApplicationFilterChain.doFilter(ApplicationFilterChain.java:165)
	at org.springframework.web.filter.HttpPutFormContentFilter.doFilterInternal(HttpPutFormContentFilter.java:89)
	at org.springframework.web.filter.OncePerRequestFilter.doFilter(OncePerRequestFilter.java:107)
	at org.apache.catalina.core.ApplicationFilterChain.internalDoFilter(ApplicationFilterChain.java:192)
	at org.apache.catalina.core.ApplicationFilterChain.doFilter(ApplicationFilterChain.java:165)
	at org.springframework.web.filter.HiddenHttpMethodFilter.doFilterInternal(HiddenHttpMethodFilter.java:77)
	at org.springframework.web.filter.OncePerRequestFilter.doFilter(OncePerRequestFilter.java:107)
	at org.apache.catalina.core.ApplicationFilterChain.internalDoFilter(ApplicationFilterChain.java:192)
	at org.apache.catalina.core.ApplicationFilterChain.doFilter(ApplicationFilterChain.java:165)
	at org.springframework.web.filter.CharacterEncodingFilter.doFilterInternal(CharacterEncodingFilter.java:197)
	at org.springframework.web.filter.OncePerRequestFilter.doFilter(OncePerRequestFilter.java:107)
	at org.apache.catalina.core.ApplicationFilterChain.internalDoFilter(ApplicationFilterChain.java:192)
	at org.apache.catalina.core.ApplicationFilterChain.doFilter(ApplicationFilterChain.java:165)
	at org.apache.catalina.core.StandardWrapperValve.invoke(StandardWrapperValve.java:198)
	at org.apache.catalina.core.StandardContextValve.invoke(StandardContextValve.java:108)
	at org.apache.catalina.authenticator.AuthenticatorBase.invoke(AuthenticatorBase.java:472)
	at org.apache.catalina.core.StandardHostValve.invoke(StandardHostValve.java:140)
	at org.apache.catalina.valves.ErrorReportValve.invoke(ErrorReportValve.java:79)
	at org.apache.catalina.core.StandardEngineValve.invoke(StandardEngineValve.java:87)
	at org.apache.catalina.connector.CoyoteAdapter.service(CoyoteAdapter.java:349)
	at org.apache.coyote.http11.Http11Processor.service(Http11Processor.java:784)
	at org.apache.coyote.AbstractProcessorLight.process(AbstractProcessorLight.java:66)
	at org.apache.coyote.AbstractProtocol$ConnectionHandler.process(AbstractProtocol.java:802)
	at org.apache.tomcat.util.net.NioEndpoint$SocketProcessor.doRun(NioEndpoint.java:1410)
	at org.apache.tomcat.util.net.SocketProcessorBase.run(SocketProcessorBase.java:49)
	at java.util.concurrent.ThreadPoolExecutor.runWorker(ThreadPoolExecutor.java:1149)
	at java.util.concurrent.ThreadPoolExecutor$Worker.run(ThreadPoolExecutor.java:624)
	at org.apache.tomcat.util.threads.TaskThread$WrappingRunnable.run(TaskThread.java:61)
	at java.lang.Thread.run(Thread.java:748)
2018-07-09 01:45:20.418 [http-nio-8855-exec-7] DEBUG org.hibernate.SQL - select user0_.id as id1_5_, user0_.create_time as create_t2_5_, user0_.delete_status as delete_s3_5_, user0_.locked as locked4_5_, user0_.password as password5_5_, user0_.telephone as telephon6_5_, user0_.update_time as update_t7_5_, user0_.user_code as user_cod8_5_, user0_.user_name as user_nam9_5_ from tb_user user0_
2018-07-09 01:45:20.424 [http-nio-8855-exec-7] DEBUG org.hibernate.SQL - select roles0_.user_id as user_id1_6_0_, roles0_.role_id as role_id2_6_0_, role1_.id as id1_3_1_, role1_.create_time as create_t2_3_1_, role1_.description as descript3_3_1_, role1_.name as name4_3_1_, role1_.role_key as role_key5_3_1_, role1_.status as status6_3_1_, role1_.update_time as update_t7_3_1_ from tb_user_role roles0_ inner join tb_role role1_ on roles0_.role_id=role1_.id where roles0_.user_id=?
2018-07-09 01:45:20.426 [http-nio-8855-exec-7] DEBUG org.hibernate.SQL - select roles0_.user_id as user_id1_6_0_, roles0_.role_id as role_id2_6_0_, role1_.id as id1_3_1_, role1_.create_time as create_t2_3_1_, role1_.description as descript3_3_1_, role1_.name as name4_3_1_, role1_.role_key as role_key5_3_1_, role1_.status as status6_3_1_, role1_.update_time as update_t7_3_1_ from tb_user_role roles0_ inner join tb_role role1_ on roles0_.role_id=role1_.id where roles0_.user_id=?
2018-07-09 01:45:20.428 [http-nio-8855-exec-7] DEBUG org.hibernate.SQL - select roles0_.user_id as user_id1_6_0_, roles0_.role_id as role_id2_6_0_, role1_.id as id1_3_1_, role1_.create_time as create_t2_3_1_, role1_.description as descript3_3_1_, role1_.name as name4_3_1_, role1_.role_key as role_key5_3_1_, role1_.status as status6_3_1_, role1_.update_time as update_t7_3_1_ from tb_user_role roles0_ inner join tb_role role1_ on roles0_.role_id=role1_.id where roles0_.user_id=?
2018-07-09 01:45:20.430 [http-nio-8855-exec-7] DEBUG com.skypointer.huaji.controller.page.IndexController - [User{id=1, userName='admin', userCode='admin', password='3931MUEQD1939MQMLM4AISPVNE', telephone='18888888888', deleteStatus=0, locked=0, createTime=2017-01-09 17:26:41.0, updateTime=2017-04-20 22:52:12.0, roles=[com.skypointer.huaji.bean.Role@79eba8aa]}, User{id=2, userName='James', userCode='1418140303', password='22IVQ4M4SLA8QI8MP4ISSPQUKJ', telephone='183222222', deleteStatus=0, locked=0, createTime=2017-04-20 22:48:34.0, updateTime=2017-06-29 02:29:10.0, roles=[com.skypointer.huaji.bean.Role@74be12bb]}, User{id=12, userName='Jon', userCode='1418140304', password='22IVQ4M4SLA8QI8MP4ISSPQUKJ', telephone='1832203000', deleteStatus=0, locked=0, createTime=2017-05-04 19:31:10.0, updateTime=2017-06-29 02:29:31.0, roles=[com.skypointer.huaji.bean.Role@74be12bb]}]
2018-07-09 01:46:12.465 [http-nio-8855-exec-9] DEBUG org.hibernate.SQL - select user0_.id as id1_5_, user0_.create_time as create_t2_5_, user0_.delete_status as delete_s3_5_, user0_.locked as locked4_5_, user0_.password as password5_5_, user0_.telephone as telephon6_5_, user0_.update_time as update_t7_5_, user0_.user_code as user_cod8_5_, user0_.user_name as user_nam9_5_ from tb_user user0_
2018-07-09 01:46:12.474 [http-nio-8855-exec-9] DEBUG org.hibernate.SQL - select roles0_.user_id as user_id1_6_0_, roles0_.role_id as role_id2_6_0_, role1_.id as id1_3_1_, role1_.create_time as create_t2_3_1_, role1_.description as descript3_3_1_, role1_.name as name4_3_1_, role1_.role_key as role_key5_3_1_, role1_.status as status6_3_1_, role1_.update_time as update_t7_3_1_ from tb_user_role roles0_ inner join tb_role role1_ on roles0_.role_id=role1_.id where roles0_.user_id=?
2018-07-09 01:46:12.478 [http-nio-8855-exec-9] DEBUG org.hibernate.SQL - select roles0_.user_id as user_id1_6_0_, roles0_.role_id as role_id2_6_0_, role1_.id as id1_3_1_, role1_.create_time as create_t2_3_1_, role1_.description as descript3_3_1_, role1_.name as name4_3_1_, role1_.role_key as role_key5_3_1_, role1_.status as status6_3_1_, role1_.update_time as update_t7_3_1_ from tb_user_role roles0_ inner join tb_role role1_ on roles0_.role_id=role1_.id where roles0_.user_id=?
2018-07-09 01:46:12.480 [http-nio-8855-exec-9] DEBUG org.hibernate.SQL - select roles0_.user_id as user_id1_6_0_, roles0_.role_id as role_id2_6_0_, role1_.id as id1_3_1_, role1_.create_time as create_t2_3_1_, role1_.description as descript3_3_1_, role1_.name as name4_3_1_, role1_.role_key as role_key5_3_1_, role1_.status as status6_3_1_, role1_.update_time as update_t7_3_1_ from tb_user_role roles0_ inner join tb_role role1_ on roles0_.role_id=role1_.id where roles0_.user_id=?
2018-07-09 01:46:12.482 [http-nio-8855-exec-9] DEBUG com.skypointer.huaji.controller.page.IndexController - [User{id=1, userName='admin', userCode='admin', password='3931MUEQD1939MQMLM4AISPVNE', telephone='18888888888', deleteStatus=0, locked=0, createTime=2017-01-09 17:26:41.0, updateTime=2017-04-20 22:52:12.0, roles=[com.skypointer.huaji.bean.Role@2beaff84]}, User{id=2, userName='James', userCode='1418140303', password='22IVQ4M4SLA8QI8MP4ISSPQUKJ', telephone='183222222', deleteStatus=0, locked=0, createTime=2017-04-20 22:48:34.0, updateTime=2017-06-29 02:29:10.0, roles=[com.skypointer.huaji.bean.Role@72144489]}, User{id=12, userName='Jon', userCode='1418140304', password='22IVQ4M4SLA8QI8MP4ISSPQUKJ', telephone='1832203000', deleteStatus=0, locked=0, createTime=2017-05-04 19:31:10.0, updateTime=2017-06-29 02:29:31.0, roles=[com.skypointer.huaji.bean.Role@72144489]}]
2018-07-09 01:46:17.007 [Thread-17] INFO  com.alibaba.druid.pool.DruidDataSource - {dataSource-1} closed
2018-07-09 01:46:19.741 [restartedMain] INFO  com.skypointer.huaji.HuajiApplication - Starting HuajiApplication on sosky-XPS-13-9360 with PID 12254 (/home/sosky/Documents/jinying-project/huaji2/target/classes started by sosky in /home/sosky/Documents/jinying-project/huaji2)
2018-07-09 01:46:19.744 [restartedMain] DEBUG com.skypointer.huaji.HuajiApplication - Running with Spring Boot v1.4.2.RELEASE, Spring v4.3.4.RELEASE
2018-07-09 01:46:19.744 [restartedMain] INFO  com.skypointer.huaji.HuajiApplication - No active profile set, falling back to default profiles: default
2018-07-09 01:46:19.914 [background-preinit] DEBUG org.jboss.logging - Logging Provider: org.jboss.logging.Slf4jLoggerProvider found via system property
2018-07-09 01:46:21.290 [restartedMain] INFO  org.apache.catalina.core.StandardService - Starting service Tomcat
2018-07-09 01:46:21.291 [restartedMain] INFO  org.apache.catalina.core.StandardEngine - Starting Servlet Engine: Apache Tomcat/8.5.6
2018-07-09 01:46:21.334 [localhost-startStop-1] INFO  org.apache.catalina.core.ContainerBase.[Tomcat].[localhost].[/] - Initializing Spring embedded WebApplicationContext
2018-07-09 01:46:21.804 [restartedMain] INFO  com.alibaba.druid.pool.DruidDataSource - {dataSource-1} inited
2018-07-09 01:46:22.164 [restartedMain] WARN  org.hibernate.mapping.RootClass - HHH000038: Composite-id class does not override equals(): com.skypointer.huaji.bean.BorrowBook
2018-07-09 01:46:22.164 [restartedMain] WARN  org.hibernate.mapping.RootClass - HHH000039: Composite-id class does not override hashCode(): com.skypointer.huaji.bean.BorrowBook
2018-07-09 01:46:23.523 [restartedMain] INFO  org.apache.coyote.http11.Http11NioProtocol - Initializing ProtocolHandler ["http-nio-8855"]
2018-07-09 01:46:23.529 [restartedMain] INFO  org.apache.coyote.http11.Http11NioProtocol - Starting ProtocolHandler [http-nio-8855]
2018-07-09 01:46:23.533 [restartedMain] INFO  org.apache.tomcat.util.net.NioSelectorPool - Using a shared selector for servlet write/read
2018-07-09 01:46:23.548 [restartedMain] INFO  com.skypointer.huaji.HuajiApplication - Started HuajiApplication in 4.102 seconds (JVM running for 4.762)
2018-07-09 01:46:26.828 [http-nio-8855-exec-1] INFO  org.apache.catalina.core.ContainerBase.[Tomcat].[localhost].[/] - Initializing Spring FrameworkServlet 'dispatcherServlet'
2018-07-09 01:46:26.894 [http-nio-8855-exec-1] DEBUG org.hibernate.SQL - select user0_.id as id1_5_, user0_.create_time as create_t2_5_, user0_.delete_status as delete_s3_5_, user0_.locked as locked4_5_, user0_.password as password5_5_, user0_.telephone as telephon6_5_, user0_.update_time as update_t7_5_, user0_.user_code as user_cod8_5_, user0_.user_name as user_nam9_5_ from tb_user user0_
2018-07-09 01:46:26.931 [http-nio-8855-exec-1] DEBUG org.hibernate.SQL - select roles0_.user_id as user_id1_6_0_, roles0_.role_id as role_id2_6_0_, role1_.id as id1_3_1_, role1_.create_time as create_t2_3_1_, role1_.description as descript3_3_1_, role1_.name as name4_3_1_, role1_.role_key as role_key5_3_1_, role1_.status as status6_3_1_, role1_.update_time as update_t7_3_1_ from tb_user_role roles0_ inner join tb_role role1_ on roles0_.role_id=role1_.id where roles0_.user_id=?
2018-07-09 01:46:26.939 [http-nio-8855-exec-1] DEBUG org.hibernate.SQL - select roles0_.user_id as user_id1_6_0_, roles0_.role_id as role_id2_6_0_, role1_.id as id1_3_1_, role1_.create_time as create_t2_3_1_, role1_.description as descript3_3_1_, role1_.name as name4_3_1_, role1_.role_key as role_key5_3_1_, role1_.status as status6_3_1_, role1_.update_time as update_t7_3_1_ from tb_user_role roles0_ inner join tb_role role1_ on roles0_.role_id=role1_.id where roles0_.user_id=?
2018-07-09 01:46:26.941 [http-nio-8855-exec-1] DEBUG org.hibernate.SQL - select roles0_.user_id as user_id1_6_0_, roles0_.role_id as role_id2_6_0_, role1_.id as id1_3_1_, role1_.create_time as create_t2_3_1_, role1_.description as descript3_3_1_, role1_.name as name4_3_1_, role1_.role_key as role_key5_3_1_, role1_.status as status6_3_1_, role1_.update_time as update_t7_3_1_ from tb_user_role roles0_ inner join tb_role role1_ on roles0_.role_id=role1_.id where roles0_.user_id=?
2018-07-09 01:46:26.942 [http-nio-8855-exec-1] DEBUG com.skypointer.huaji.controller.page.IndexController - [User{id=1, userName='admin', userCode='admin', password='3931MUEQD1939MQMLM4AISPVNE', telephone='18888888888', deleteStatus=0, locked=0, createTime=2017-01-09 17:26:41.0, updateTime=2017-04-20 22:52:12.0, roles=[com.skypointer.huaji.bean.Role@42a26755]}, User{id=2, userName='James', userCode='1418140303', password='22IVQ4M4SLA8QI8MP4ISSPQUKJ', telephone='183222222', deleteStatus=0, locked=0, createTime=2017-04-20 22:48:34.0, updateTime=2017-06-29 02:29:10.0, roles=[com.skypointer.huaji.bean.Role@79546d42]}, User{id=12, userName='Jon', userCode='1418140304', password='22IVQ4M4SLA8QI8MP4ISSPQUKJ', telephone='1832203000', deleteStatus=0, locked=0, createTime=2017-05-04 19:31:10.0, updateTime=2017-06-29 02:29:31.0, roles=[com.skypointer.huaji.bean.Role@79546d42]}]
2018-07-09 01:47:34.024 [Thread-17] INFO  com.alibaba.druid.pool.DruidDataSource - {dataSource-1} closed
2018-07-09 09:24:27.635 [restartedMain] INFO  com.skypointer.huaji.HuajiApplication - Starting HuajiApplication on sosky-XPS-13-9360 with PID 2658 (/home/sosky/Documents/jinying-project/huaji2/target/classes started by sosky in /home/sosky/Documents/jinying-project/huaji2)
2018-07-09 09:24:27.642 [restartedMain] DEBUG com.skypointer.huaji.HuajiApplication - Running with Spring Boot v1.4.2.RELEASE, Spring v4.3.4.RELEASE
2018-07-09 09:24:27.643 [restartedMain] INFO  com.skypointer.huaji.HuajiApplication - No active profile set, falling back to default profiles: default
2018-07-09 09:24:27.912 [background-preinit] DEBUG org.jboss.logging - Logging Provider: org.jboss.logging.Slf4jLoggerProvider found via system property
2018-07-09 09:24:29.399 [restartedMain] INFO  org.apache.catalina.core.StandardService - Starting service Tomcat
2018-07-09 09:24:29.400 [restartedMain] INFO  org.apache.catalina.core.StandardEngine - Starting Servlet Engine: Apache Tomcat/8.5.6
2018-07-09 09:24:29.454 [localhost-startStop-1] INFO  org.apache.catalina.core.ContainerBase.[Tomcat].[localhost].[/] - Initializing Spring embedded WebApplicationContext
2018-07-09 09:24:30.005 [restartedMain] INFO  com.alibaba.druid.pool.DruidDataSource - {dataSource-1} inited
2018-07-09 09:24:30.487 [restartedMain] WARN  org.hibernate.mapping.RootClass - HHH000038: Composite-id class does not override equals(): com.skypointer.huaji.bean.BorrowBook
2018-07-09 09:24:30.487 [restartedMain] WARN  org.hibernate.mapping.RootClass - HHH000039: Composite-id class does not override hashCode(): com.skypointer.huaji.bean.BorrowBook
2018-07-09 09:24:31.943 [restartedMain] INFO  org.apache.coyote.http11.Http11NioProtocol - Initializing ProtocolHandler ["http-nio-8855"]
2018-07-09 09:24:31.951 [restartedMain] INFO  org.apache.coyote.http11.Http11NioProtocol - Starting ProtocolHandler [http-nio-8855]
2018-07-09 09:24:31.958 [restartedMain] INFO  org.apache.tomcat.util.net.NioSelectorPool - Using a shared selector for servlet write/read
2018-07-09 09:24:31.973 [restartedMain] INFO  com.skypointer.huaji.HuajiApplication - Started HuajiApplication in 4.69 seconds (JVM running for 5.978)
2018-07-09 09:24:45.204 [http-nio-8855-exec-1] INFO  org.apache.catalina.core.ContainerBase.[Tomcat].[localhost].[/] - Initializing Spring FrameworkServlet 'dispatcherServlet'
2018-07-09 09:24:45.305 [http-nio-8855-exec-1] DEBUG org.hibernate.SQL - select user0_.id as id1_5_, user0_.create_time as create_t2_5_, user0_.delete_status as delete_s3_5_, user0_.locked as locked4_5_, user0_.password as password5_5_, user0_.telephone as telephon6_5_, user0_.update_time as update_t7_5_, user0_.user_code as user_cod8_5_, user0_.user_name as user_nam9_5_ from tb_user user0_
2018-07-09 09:24:45.340 [http-nio-8855-exec-1] DEBUG org.hibernate.SQL - select roles0_.user_id as user_id1_6_0_, roles0_.role_id as role_id2_6_0_, role1_.id as id1_3_1_, role1_.create_time as create_t2_3_1_, role1_.description as descript3_3_1_, role1_.name as name4_3_1_, role1_.role_key as role_key5_3_1_, role1_.status as status6_3_1_, role1_.update_time as update_t7_3_1_ from tb_user_role roles0_ inner join tb_role role1_ on roles0_.role_id=role1_.id where roles0_.user_id=?
2018-07-09 09:24:45.350 [http-nio-8855-exec-1] DEBUG org.hibernate.SQL - select roles0_.user_id as user_id1_6_0_, roles0_.role_id as role_id2_6_0_, role1_.id as id1_3_1_, role1_.create_time as create_t2_3_1_, role1_.description as descript3_3_1_, role1_.name as name4_3_1_, role1_.role_key as role_key5_3_1_, role1_.status as status6_3_1_, role1_.update_time as update_t7_3_1_ from tb_user_role roles0_ inner join tb_role role1_ on roles0_.role_id=role1_.id where roles0_.user_id=?
2018-07-09 09:24:45.351 [http-nio-8855-exec-1] DEBUG org.hibernate.SQL - select roles0_.user_id as user_id1_6_0_, roles0_.role_id as role_id2_6_0_, role1_.id as id1_3_1_, role1_.create_time as create_t2_3_1_, role1_.description as descript3_3_1_, role1_.name as name4_3_1_, role1_.role_key as role_key5_3_1_, role1_.status as status6_3_1_, role1_.update_time as update_t7_3_1_ from tb_user_role roles0_ inner join tb_role role1_ on roles0_.role_id=role1_.id where roles0_.user_id=?
2018-07-09 09:24:45.352 [http-nio-8855-exec-1] DEBUG com.skypointer.huaji.controller.page.IndexController - [User{id=1, userName='admin', userCode='admin', password='3931MUEQD1939MQMLM4AISPVNE', telephone='18888888888', deleteStatus=0, locked=0, createTime=2017-01-09 17:26:41.0, updateTime=2017-04-20 22:52:12.0, roles=[com.skypointer.huaji.bean.Role@4538d370]}, User{id=2, userName='James', userCode='1418140303', password='22IVQ4M4SLA8QI8MP4ISSPQUKJ', telephone='183222222', deleteStatus=0, locked=0, createTime=2017-04-20 22:48:34.0, updateTime=2017-06-29 02:29:10.0, roles=[com.skypointer.huaji.bean.Role@62723bf2]}, User{id=12, userName='Jon', userCode='1418140304', password='22IVQ4M4SLA8QI8MP4ISSPQUKJ', telephone='1832203000', deleteStatus=0, locked=0, createTime=2017-05-04 19:31:10.0, updateTime=2017-06-29 02:29:31.0, roles=[com.skypointer.huaji.bean.Role@62723bf2]}]
2018-07-09 09:28:27.543 [Thread-18] INFO  com.alibaba.druid.pool.DruidDataSource - {dataSource-1} closed
