2018-11-26 14:16:48.502 [restartedMain] INFO  com.skypointer.huaji.HuajiApplication - Starting HuajiApplication on sosky-XPS-13-9360 with PID 4007 (/home/sosky/Documents/jinying-project/huaji2/target/classes started by sosky in /home/sosky/Documents/jinying-project/huaji2)
2018-11-26 14:16:48.508 [restartedMain] DEBUG com.skypointer.huaji.HuajiApplication - Running with Spring Boot v1.4.2.RELEASE, Spring v4.3.4.RELEASE
2018-11-26 14:16:48.508 [restartedMain] INFO  com.skypointer.huaji.HuajiApplication - No active profile set, falling back to default profiles: default
2018-11-26 14:16:48.794 [background-preinit] DEBUG org.jboss.logging - Logging Provider: org.jboss.logging.Slf4jLoggerProvider found via system property
2018-11-26 14:16:50.406 [restartedMain] INFO  org.apache.catalina.core.StandardService - Starting service Tomcat
2018-11-26 14:16:50.407 [restartedMain] INFO  org.apache.catalina.core.StandardEngine - Starting Servlet Engine: Apache Tomcat/8.5.6
2018-11-26 14:16:50.463 [localhost-startStop-1] INFO  org.apache.catalina.core.ContainerBase.[Tomcat].[localhost].[/] - Initializing Spring embedded WebApplicationContext
2018-11-26 14:16:50.959 [restartedMain] INFO  com.alibaba.druid.pool.DruidDataSource - {dataSource-1} inited
2018-11-26 14:16:51.361 [restartedMain] WARN  org.hibernate.mapping.RootClass - HHH000038: Composite-id class does not override equals(): com.skypointer.huaji.bean.BorrowBook
2018-11-26 14:16:51.361 [restartedMain] WARN  org.hibernate.mapping.RootClass - HHH000039: Composite-id class does not override hashCode(): com.skypointer.huaji.bean.BorrowBook
2018-11-26 14:16:52.705 [restartedMain] INFO  org.apache.coyote.http11.Http11NioProtocol - Initializing ProtocolHandler ["http-nio-8855"]
2018-11-26 14:16:52.715 [restartedMain] INFO  org.apache.coyote.http11.Http11NioProtocol - Starting ProtocolHandler [http-nio-8855]
2018-11-26 14:16:52.720 [restartedMain] INFO  org.apache.tomcat.util.net.NioSelectorPool - Using a shared selector for servlet write/read
2018-11-26 14:16:52.735 [restartedMain] INFO  com.skypointer.huaji.HuajiApplication - Started HuajiApplication in 4.674 seconds (JVM running for 5.535)
2018-11-26 14:21:17.018 [http-nio-8855-exec-1] INFO  org.apache.tomcat.util.http.parser.Cookie - A cookie header was received [1541061299; Hm_lvt_90194188523e0a2d04ad3ad170c83f30=1541041745,1541130442,1541512053,1541730580] that contained an invalid cookie. That cookie will be ignored.Note: further occurrences of this error will be logged at DEBUG level.
2018-11-26 14:21:17.023 [http-nio-8855-exec-1] INFO  org.apache.catalina.core.ContainerBase.[Tomcat].[localhost].[/] - Initializing Spring FrameworkServlet 'dispatcherServlet'
2018-11-26 14:21:33.465 [Thread-17] INFO  com.alibaba.druid.pool.DruidDataSource - {dataSource-1} closed
2018-11-26 14:21:35.532 [restartedMain] INFO  com.skypointer.huaji.HuajiApplication - Starting HuajiApplication on sosky-XPS-13-9360 with PID 4594 (/home/sosky/Documents/jinying-project/huaji2/target/classes started by sosky in /home/sosky/Documents/jinying-project/huaji2)
2018-11-26 14:21:35.538 [restartedMain] DEBUG com.skypointer.huaji.HuajiApplication - Running with Spring Boot v1.4.2.RELEASE, Spring v4.3.4.RELEASE
2018-11-26 14:21:35.538 [restartedMain] INFO  com.skypointer.huaji.HuajiApplication - No active profile set, falling back to default profiles: default
2018-11-26 14:21:35.678 [background-preinit] DEBUG org.jboss.logging - Logging Provider: org.jboss.logging.Slf4jLoggerProvider found via system property
2018-11-26 14:21:37.059 [restartedMain] INFO  org.apache.catalina.core.StandardService - Starting service Tomcat
2018-11-26 14:21:37.060 [restartedMain] INFO  org.apache.catalina.core.StandardEngine - Starting Servlet Engine: Apache Tomcat/8.5.6
2018-11-26 14:21:37.113 [localhost-startStop-1] INFO  org.apache.catalina.core.ContainerBase.[Tomcat].[localhost].[/] - Initializing Spring embedded WebApplicationContext
2018-11-26 14:21:37.600 [restartedMain] INFO  com.alibaba.druid.pool.DruidDataSource - {dataSource-1} inited
2018-11-26 14:21:37.951 [restartedMain] WARN  org.hibernate.mapping.RootClass - HHH000038: Composite-id class does not override equals(): com.skypointer.huaji.bean.BorrowBook
2018-11-26 14:21:37.951 [restartedMain] WARN  org.hibernate.mapping.RootClass - HHH000039: Composite-id class does not override hashCode(): com.skypointer.huaji.bean.BorrowBook
2018-11-26 14:21:39.242 [restartedMain] INFO  org.apache.coyote.http11.Http11NioProtocol - Initializing ProtocolHandler ["http-nio-8855"]
2018-11-26 14:21:39.248 [restartedMain] INFO  org.apache.coyote.http11.Http11NioProtocol - Starting ProtocolHandler [http-nio-8855]
2018-11-26 14:21:39.252 [restartedMain] INFO  org.apache.tomcat.util.net.NioSelectorPool - Using a shared selector for servlet write/read
2018-11-26 14:21:39.265 [restartedMain] INFO  com.skypointer.huaji.HuajiApplication - Started HuajiApplication in 3.982 seconds (JVM running for 4.724)
2018-11-26 14:25:24.430 [http-nio-8855-exec-1] INFO  org.apache.tomcat.util.http.parser.Cookie - A cookie header was received [1541061299; Hm_lvt_90194188523e0a2d04ad3ad170c83f30=1541041745,1541130442,1541512053,1541730580] that contained an invalid cookie. That cookie will be ignored.Note: further occurrences of this error will be logged at DEBUG level.
2018-11-26 14:25:24.436 [http-nio-8855-exec-1] INFO  org.apache.catalina.core.ContainerBase.[Tomcat].[localhost].[/] - Initializing Spring FrameworkServlet 'dispatcherServlet'
2018-11-26 14:32:34.812 [Thread-16] INFO  com.alibaba.druid.pool.DruidDataSource - {dataSource-1} closed
2018-11-26 14:32:37.095 [restartedMain] INFO  com.skypointer.huaji.HuajiApplication - Starting HuajiApplication on sosky-XPS-13-9360 with PID 4968 (/home/sosky/Documents/jinying-project/huaji2/target/classes started by sosky in /home/sosky/Documents/jinying-project/huaji2)
2018-11-26 14:32:37.098 [restartedMain] DEBUG com.skypointer.huaji.HuajiApplication - Running with Spring Boot v1.4.2.RELEASE, Spring v4.3.4.RELEASE
2018-11-26 14:32:37.098 [restartedMain] INFO  com.skypointer.huaji.HuajiApplication - No active profile set, falling back to default profiles: default
2018-11-26 14:32:37.260 [background-preinit] DEBUG org.jboss.logging - Logging Provider: org.jboss.logging.Slf4jLoggerProvider found via system property
2018-11-26 14:32:38.776 [restartedMain] INFO  org.apache.catalina.core.StandardService - Starting service Tomcat
2018-11-26 14:32:38.776 [restartedMain] INFO  org.apache.catalina.core.StandardEngine - Starting Servlet Engine: Apache Tomcat/8.5.6
2018-11-26 14:32:38.823 [localhost-startStop-1] INFO  org.apache.catalina.core.ContainerBase.[Tomcat].[localhost].[/] - Initializing Spring embedded WebApplicationContext
2018-11-26 14:32:39.331 [restartedMain] INFO  com.alibaba.druid.pool.DruidDataSource - {dataSource-1} inited
2018-11-26 14:32:39.733 [restartedMain] WARN  org.hibernate.mapping.RootClass - HHH000038: Composite-id class does not override equals(): com.skypointer.huaji.bean.BorrowBook
2018-11-26 14:32:39.733 [restartedMain] WARN  org.hibernate.mapping.RootClass - HHH000039: Composite-id class does not override hashCode(): com.skypointer.huaji.bean.BorrowBook
2018-11-26 14:32:41.180 [restartedMain] INFO  org.apache.coyote.http11.Http11NioProtocol - Initializing ProtocolHandler ["http-nio-8855"]
2018-11-26 14:32:41.186 [restartedMain] INFO  org.apache.coyote.http11.Http11NioProtocol - Starting ProtocolHandler [http-nio-8855]
2018-11-26 14:32:41.190 [restartedMain] INFO  org.apache.tomcat.util.net.NioSelectorPool - Using a shared selector for servlet write/read
2018-11-26 14:32:41.203 [restartedMain] INFO  com.skypointer.huaji.HuajiApplication - Started HuajiApplication in 4.363 seconds (JVM running for 5.138)
2018-11-26 14:32:41.550 [http-nio-8855-exec-1] INFO  org.apache.tomcat.util.http.parser.Cookie - A cookie header was received [1541061299; Hm_lvt_90194188523e0a2d04ad3ad170c83f30=1541041745,1541130442,1541512053,1541730580] that contained an invalid cookie. That cookie will be ignored.Note: further occurrences of this error will be logged at DEBUG level.
2018-11-26 14:32:41.555 [http-nio-8855-exec-1] INFO  org.apache.catalina.core.ContainerBase.[Tomcat].[localhost].[/] - Initializing Spring FrameworkServlet 'dispatcherServlet'
2018-11-26 15:12:19.415 [Thread-17] INFO  com.alibaba.druid.pool.DruidDataSource - {dataSource-1} closed
