2018-11-22 08:50:44.287 [restartedMain] INFO  com.skypointer.huaji.HuajiApplication - Starting HuajiApplication on sosky-XPS-13-9360 with PID 5956 (/home/sosky/Documents/jinying-project/huaji2/target/classes started by sosky in /home/sosky/Documents/jinying-project/huaji2)
2018-11-22 08:50:44.296 [restartedMain] DEBUG com.skypointer.huaji.HuajiApplication - Running with Spring Boot v1.4.2.RELEASE, Spring v4.3.4.RELEASE
2018-11-22 08:50:44.296 [restartedMain] INFO  com.skypointer.huaji.HuajiApplication - No active profile set, falling back to default profiles: default
2018-11-22 08:50:44.525 [background-preinit] DEBUG org.jboss.logging - Logging Provider: org.jboss.logging.Slf4jLoggerProvider found via system property
2018-11-22 08:50:45.883 [restartedMain] INFO  org.apache.catalina.core.StandardService - Starting service Tomcat
2018-11-22 08:50:45.883 [restartedMain] INFO  org.apache.catalina.core.StandardEngine - Starting Servlet Engine: Apache Tomcat/8.5.6
2018-11-22 08:50:45.936 [localhost-startStop-1] INFO  org.apache.catalina.core.ContainerBase.[Tomcat].[localhost].[/] - Initializing Spring embedded WebApplicationContext
2018-11-22 08:50:46.436 [restartedMain] INFO  com.alibaba.druid.pool.DruidDataSource - {dataSource-1} inited
2018-11-22 08:50:46.839 [restartedMain] WARN  org.hibernate.mapping.RootClass - HHH000038: Composite-id class does not override equals(): com.skypointer.huaji.bean.BorrowBook
2018-11-22 08:50:46.839 [restartedMain] WARN  org.hibernate.mapping.RootClass - HHH000039: Composite-id class does not override hashCode(): com.skypointer.huaji.bean.BorrowBook
2018-11-22 08:50:48.113 [restartedMain] INFO  org.apache.coyote.http11.Http11NioProtocol - Initializing ProtocolHandler ["http-nio-8855"]
2018-11-22 08:50:48.119 [restartedMain] INFO  org.apache.coyote.http11.Http11NioProtocol - Starting ProtocolHandler [http-nio-8855]
2018-11-22 08:50:48.124 [restartedMain] INFO  org.apache.tomcat.util.net.NioSelectorPool - Using a shared selector for servlet write/read
2018-11-22 08:50:48.137 [restartedMain] INFO  com.skypointer.huaji.HuajiApplication - Started HuajiApplication in 4.411 seconds (JVM running for 5.291)
2018-11-22 08:51:21.594 [http-nio-8855-exec-1] INFO  org.apache.tomcat.util.http.parser.Cookie - A cookie header was received [1541061299; Hm_lvt_90194188523e0a2d04ad3ad170c83f30=1541041745,1541130442,1541512053,1541730580] that contained an invalid cookie. That cookie will be ignored.Note: further occurrences of this error will be logged at DEBUG level.
2018-11-22 08:51:21.601 [http-nio-8855-exec-1] INFO  org.apache.catalina.core.ContainerBase.[Tomcat].[localhost].[/] - Initializing Spring FrameworkServlet 'dispatcherServlet'
2018-11-22 08:52:46.198 [Thread-16] INFO  com.alibaba.druid.pool.DruidDataSource - {dataSource-1} closed
2018-11-22 08:52:48.423 [restartedMain] INFO  com.skypointer.huaji.HuajiApplication - Starting HuajiApplication on sosky-XPS-13-9360 with PID 6210 (/home/sosky/Documents/jinying-project/huaji2/target/classes started by sosky in /home/sosky/Documents/jinying-project/huaji2)
2018-11-22 08:52:48.431 [restartedMain] DEBUG com.skypointer.huaji.HuajiApplication - Running with Spring Boot v1.4.2.RELEASE, Spring v4.3.4.RELEASE
2018-11-22 08:52:48.431 [restartedMain] INFO  com.skypointer.huaji.HuajiApplication - No active profile set, falling back to default profiles: default
2018-11-22 08:52:48.648 [background-preinit] DEBUG org.jboss.logging - Logging Provider: org.jboss.logging.Slf4jLoggerProvider found via system property
2018-11-22 08:52:50.125 [restartedMain] INFO  org.apache.catalina.core.StandardService - Starting service Tomcat
2018-11-22 08:52:50.126 [restartedMain] INFO  org.apache.catalina.core.StandardEngine - Starting Servlet Engine: Apache Tomcat/8.5.6
2018-11-22 08:52:50.169 [localhost-startStop-1] INFO  org.apache.catalina.core.ContainerBase.[Tomcat].[localhost].[/] - Initializing Spring embedded WebApplicationContext
2018-11-22 08:52:50.619 [restartedMain] INFO  com.alibaba.druid.pool.DruidDataSource - {dataSource-1} inited
2018-11-22 08:52:50.953 [restartedMain] WARN  org.hibernate.mapping.RootClass - HHH000038: Composite-id class does not override equals(): com.skypointer.huaji.bean.BorrowBook
2018-11-22 08:52:50.954 [restartedMain] WARN  org.hibernate.mapping.RootClass - HHH000039: Composite-id class does not override hashCode(): com.skypointer.huaji.bean.BorrowBook
2018-11-22 08:52:52.203 [restartedMain] INFO  org.apache.coyote.http11.Http11NioProtocol - Initializing ProtocolHandler ["http-nio-8855"]
2018-11-22 08:52:52.210 [restartedMain] INFO  org.apache.coyote.http11.Http11NioProtocol - Starting ProtocolHandler [http-nio-8855]
2018-11-22 08:52:52.215 [restartedMain] INFO  org.apache.tomcat.util.net.NioSelectorPool - Using a shared selector for servlet write/read
2018-11-22 08:52:52.228 [restartedMain] INFO  com.skypointer.huaji.HuajiApplication - Started HuajiApplication in 4.055 seconds (JVM running for 5.023)
2018-11-22 08:53:01.394 [http-nio-8855-exec-1] INFO  org.apache.tomcat.util.http.parser.Cookie - A cookie header was received [1541061299; Hm_lvt_90194188523e0a2d04ad3ad170c83f30=1541041745,1541130442,1541512053,1541730580] that contained an invalid cookie. That cookie will be ignored.Note: further occurrences of this error will be logged at DEBUG level.
2018-11-22 08:53:01.399 [http-nio-8855-exec-1] INFO  org.apache.catalina.core.ContainerBase.[Tomcat].[localhost].[/] - Initializing Spring FrameworkServlet 'dispatcherServlet'
2018-11-22 08:55:32.218 [Thread-17] INFO  com.alibaba.druid.pool.DruidDataSource - {dataSource-1} closed
2018-11-22 08:55:34.458 [restartedMain] INFO  com.skypointer.huaji.HuajiApplication - Starting HuajiApplication on sosky-XPS-13-9360 with PID 6515 (/home/sosky/Documents/jinying-project/huaji2/target/classes started by sosky in /home/sosky/Documents/jinying-project/huaji2)
2018-11-22 08:55:34.461 [restartedMain] DEBUG com.skypointer.huaji.HuajiApplication - Running with Spring Boot v1.4.2.RELEASE, Spring v4.3.4.RELEASE
2018-11-22 08:55:34.461 [restartedMain] INFO  com.skypointer.huaji.HuajiApplication - No active profile set, falling back to default profiles: default
2018-11-22 08:55:34.676 [background-preinit] DEBUG org.jboss.logging - Logging Provider: org.jboss.logging.Slf4jLoggerProvider found via system property
2018-11-22 08:55:36.190 [restartedMain] INFO  org.apache.catalina.core.StandardService - Starting service Tomcat
2018-11-22 08:55:36.190 [restartedMain] INFO  org.apache.catalina.core.StandardEngine - Starting Servlet Engine: Apache Tomcat/8.5.6
2018-11-22 08:55:36.232 [localhost-startStop-1] INFO  org.apache.catalina.core.ContainerBase.[Tomcat].[localhost].[/] - Initializing Spring embedded WebApplicationContext
2018-11-22 08:55:36.686 [restartedMain] INFO  com.alibaba.druid.pool.DruidDataSource - {dataSource-1} inited
2018-11-22 08:55:37.032 [restartedMain] WARN  org.hibernate.mapping.RootClass - HHH000038: Composite-id class does not override equals(): com.skypointer.huaji.bean.BorrowBook
2018-11-22 08:55:37.033 [restartedMain] WARN  org.hibernate.mapping.RootClass - HHH000039: Composite-id class does not override hashCode(): com.skypointer.huaji.bean.BorrowBook
2018-11-22 08:55:38.253 [restartedMain] INFO  org.apache.coyote.http11.Http11NioProtocol - Initializing ProtocolHandler ["http-nio-8855"]
2018-11-22 08:55:38.259 [restartedMain] INFO  org.apache.coyote.http11.Http11NioProtocol - Starting ProtocolHandler [http-nio-8855]
2018-11-22 08:55:38.263 [restartedMain] INFO  org.apache.tomcat.util.net.NioSelectorPool - Using a shared selector for servlet write/read
2018-11-22 08:55:38.275 [restartedMain] INFO  com.skypointer.huaji.HuajiApplication - Started HuajiApplication in 4.097 seconds (JVM running for 5.203)
2018-11-22 08:55:44.521 [http-nio-8855-exec-1] INFO  org.apache.tomcat.util.http.parser.Cookie - A cookie header was received [1541061299; Hm_lvt_90194188523e0a2d04ad3ad170c83f30=1541041745,1541130442,1541512053,1541730580] that contained an invalid cookie. That cookie will be ignored.Note: further occurrences of this error will be logged at DEBUG level.
2018-11-22 08:55:44.526 [http-nio-8855-exec-1] INFO  org.apache.catalina.core.ContainerBase.[Tomcat].[localhost].[/] - Initializing Spring FrameworkServlet 'dispatcherServlet'
2018-11-22 09:12:08.597 [Thread-16] INFO  com.alibaba.druid.pool.DruidDataSource - {dataSource-1} closed
2018-11-22 09:12:10.615 [restartedMain] INFO  com.skypointer.huaji.HuajiApplication - Starting HuajiApplication on sosky-XPS-13-9360 with PID 7959 (/home/sosky/Documents/jinying-project/huaji2/target/classes started by sosky in /home/sosky/Documents/jinying-project/huaji2)
2018-11-22 09:12:10.622 [restartedMain] DEBUG com.skypointer.huaji.HuajiApplication - Running with Spring Boot v1.4.2.RELEASE, Spring v4.3.4.RELEASE
2018-11-22 09:12:10.622 [restartedMain] INFO  com.skypointer.huaji.HuajiApplication - No active profile set, falling back to default profiles: default
2018-11-22 09:12:10.831 [background-preinit] DEBUG org.jboss.logging - Logging Provider: org.jboss.logging.Slf4jLoggerProvider found via system property
2018-11-22 09:12:12.410 [restartedMain] INFO  org.apache.catalina.core.StandardService - Starting service Tomcat
2018-11-22 09:12:12.411 [restartedMain] INFO  org.apache.catalina.core.StandardEngine - Starting Servlet Engine: Apache Tomcat/8.5.6
2018-11-22 09:12:12.457 [localhost-startStop-1] INFO  org.apache.catalina.core.ContainerBase.[Tomcat].[localhost].[/] - Initializing Spring embedded WebApplicationContext
2018-11-22 09:12:12.947 [restartedMain] INFO  com.alibaba.druid.pool.DruidDataSource - {dataSource-1} inited
2018-11-22 09:12:13.374 [restartedMain] WARN  org.hibernate.mapping.RootClass - HHH000038: Composite-id class does not override equals(): com.skypointer.huaji.bean.BorrowBook
2018-11-22 09:12:13.374 [restartedMain] WARN  org.hibernate.mapping.RootClass - HHH000039: Composite-id class does not override hashCode(): com.skypointer.huaji.bean.BorrowBook
2018-11-22 09:12:14.876 [restartedMain] INFO  org.apache.coyote.http11.Http11NioProtocol - Initializing ProtocolHandler ["http-nio-8855"]
2018-11-22 09:12:14.883 [restartedMain] INFO  org.apache.coyote.http11.Http11NioProtocol - Starting ProtocolHandler [http-nio-8855]
2018-11-22 09:12:14.888 [restartedMain] INFO  org.apache.tomcat.util.net.NioSelectorPool - Using a shared selector for servlet write/read
2018-11-22 09:12:14.901 [restartedMain] INFO  com.skypointer.huaji.HuajiApplication - Started HuajiApplication in 4.564 seconds (JVM running for 5.389)
2018-11-22 09:12:17.129 [http-nio-8855-exec-1] INFO  org.apache.tomcat.util.http.parser.Cookie - A cookie header was received [1541061299; Hm_lvt_90194188523e0a2d04ad3ad170c83f30=1541041745,1541130442,1541512053,1541730580] that contained an invalid cookie. That cookie will be ignored.Note: further occurrences of this error will be logged at DEBUG level.
2018-11-22 09:12:17.134 [http-nio-8855-exec-1] INFO  org.apache.catalina.core.ContainerBase.[Tomcat].[localhost].[/] - Initializing Spring FrameworkServlet 'dispatcherServlet'
2018-11-22 09:18:26.904 [Thread-18] INFO  com.alibaba.druid.pool.DruidDataSource - {dataSource-1} closed
2018-11-22 09:18:28.969 [restartedMain] INFO  com.skypointer.huaji.HuajiApplication - Starting HuajiApplication on sosky-XPS-13-9360 with PID 8677 (/home/sosky/Documents/jinying-project/huaji2/target/classes started by sosky in /home/sosky/Documents/jinying-project/huaji2)
2018-11-22 09:18:28.971 [restartedMain] DEBUG com.skypointer.huaji.HuajiApplication - Running with Spring Boot v1.4.2.RELEASE, Spring v4.3.4.RELEASE
2018-11-22 09:18:28.972 [restartedMain] INFO  com.skypointer.huaji.HuajiApplication - No active profile set, falling back to default profiles: default
2018-11-22 09:18:29.177 [background-preinit] DEBUG org.jboss.logging - Logging Provider: org.jboss.logging.Slf4jLoggerProvider found via system property
2018-11-22 09:18:30.489 [restartedMain] INFO  org.apache.catalina.core.StandardService - Starting service Tomcat
2018-11-22 09:18:30.490 [restartedMain] INFO  org.apache.catalina.core.StandardEngine - Starting Servlet Engine: Apache Tomcat/8.5.6
2018-11-22 09:18:30.549 [localhost-startStop-1] INFO  org.apache.catalina.core.ContainerBase.[Tomcat].[localhost].[/] - Initializing Spring embedded WebApplicationContext
2018-11-22 09:18:30.993 [restartedMain] INFO  com.alibaba.druid.pool.DruidDataSource - {dataSource-1} inited
2018-11-22 09:18:31.355 [restartedMain] WARN  org.hibernate.mapping.RootClass - HHH000038: Composite-id class does not override equals(): com.skypointer.huaji.bean.BorrowBook
2018-11-22 09:18:31.355 [restartedMain] WARN  org.hibernate.mapping.RootClass - HHH000039: Composite-id class does not override hashCode(): com.skypointer.huaji.bean.BorrowBook
2018-11-22 09:18:32.579 [restartedMain] INFO  org.apache.coyote.http11.Http11NioProtocol - Initializing ProtocolHandler ["http-nio-8855"]
2018-11-22 09:18:32.585 [restartedMain] INFO  org.apache.coyote.http11.Http11NioProtocol - Starting ProtocolHandler [http-nio-8855]
2018-11-22 09:18:32.590 [restartedMain] INFO  org.apache.tomcat.util.net.NioSelectorPool - Using a shared selector for servlet write/read
2018-11-22 09:18:32.603 [restartedMain] INFO  com.skypointer.huaji.HuajiApplication - Started HuajiApplication in 3.94 seconds (JVM running for 4.868)
2018-11-22 09:18:49.776 [http-nio-8855-exec-1] INFO  org.apache.tomcat.util.http.parser.Cookie - A cookie header was received [1541061299; Hm_lvt_90194188523e0a2d04ad3ad170c83f30=1541041745,1541130442,1541512053,1541730580] that contained an invalid cookie. That cookie will be ignored.Note: further occurrences of this error will be logged at DEBUG level.
2018-11-22 09:18:49.782 [http-nio-8855-exec-1] INFO  org.apache.catalina.core.ContainerBase.[Tomcat].[localhost].[/] - Initializing Spring FrameworkServlet 'dispatcherServlet'
2018-11-22 09:19:39.596 [Thread-16] INFO  com.alibaba.druid.pool.DruidDataSource - {dataSource-1} closed
2018-11-22 09:19:41.551 [restartedMain] INFO  com.skypointer.huaji.HuajiApplication - Starting HuajiApplication on sosky-XPS-13-9360 with PID 9068 (/home/sosky/Documents/jinying-project/huaji2/target/classes started by sosky in /home/sosky/Documents/jinying-project/huaji2)
2018-11-22 09:19:41.557 [restartedMain] DEBUG com.skypointer.huaji.HuajiApplication - Running with Spring Boot v1.4.2.RELEASE, Spring v4.3.4.RELEASE
2018-11-22 09:19:41.557 [restartedMain] INFO  com.skypointer.huaji.HuajiApplication - No active profile set, falling back to default profiles: default
2018-11-22 09:19:41.752 [background-preinit] DEBUG org.jboss.logging - Logging Provider: org.jboss.logging.Slf4jLoggerProvider found via system property
2018-11-22 09:19:43.362 [restartedMain] INFO  org.apache.catalina.core.StandardService - Starting service Tomcat
2018-11-22 09:19:43.362 [restartedMain] INFO  org.apache.catalina.core.StandardEngine - Starting Servlet Engine: Apache Tomcat/8.5.6
2018-11-22 09:19:43.403 [localhost-startStop-1] INFO  org.apache.catalina.core.ContainerBase.[Tomcat].[localhost].[/] - Initializing Spring embedded WebApplicationContext
2018-11-22 09:19:43.865 [restartedMain] INFO  com.alibaba.druid.pool.DruidDataSource - {dataSource-1} inited
2018-11-22 09:19:44.187 [restartedMain] WARN  org.hibernate.mapping.RootClass - HHH000038: Composite-id class does not override equals(): com.skypointer.huaji.bean.BorrowBook
2018-11-22 09:19:44.187 [restartedMain] WARN  org.hibernate.mapping.RootClass - HHH000039: Composite-id class does not override hashCode(): com.skypointer.huaji.bean.BorrowBook
2018-11-22 09:19:45.421 [restartedMain] INFO  org.apache.coyote.http11.Http11NioProtocol - Initializing ProtocolHandler ["http-nio-8855"]
2018-11-22 09:19:45.427 [restartedMain] INFO  org.apache.coyote.http11.Http11NioProtocol - Starting ProtocolHandler [http-nio-8855]
2018-11-22 09:19:45.431 [restartedMain] INFO  org.apache.tomcat.util.net.NioSelectorPool - Using a shared selector for servlet write/read
2018-11-22 09:19:45.444 [restartedMain] INFO  com.skypointer.huaji.HuajiApplication - Started HuajiApplication in 4.189 seconds (JVM running for 4.968)
2018-11-22 09:19:48.785 [http-nio-8855-exec-1] INFO  org.apache.tomcat.util.http.parser.Cookie - A cookie header was received [1541061299; Hm_lvt_90194188523e0a2d04ad3ad170c83f30=1541041745,1541130442,1541512053,1541730580] that contained an invalid cookie. That cookie will be ignored.Note: further occurrences of this error will be logged at DEBUG level.
2018-11-22 09:19:48.790 [http-nio-8855-exec-1] INFO  org.apache.catalina.core.ContainerBase.[Tomcat].[localhost].[/] - Initializing Spring FrameworkServlet 'dispatcherServlet'
2018-11-22 09:20:08.170 [Thread-17] INFO  com.alibaba.druid.pool.DruidDataSource - {dataSource-1} closed
2018-11-22 09:20:10.147 [restartedMain] INFO  com.skypointer.huaji.HuajiApplication - Starting HuajiApplication on sosky-XPS-13-9360 with PID 9302 (/home/sosky/Documents/jinying-project/huaji2/target/classes started by sosky in /home/sosky/Documents/jinying-project/huaji2)
2018-11-22 09:20:10.149 [restartedMain] DEBUG com.skypointer.huaji.HuajiApplication - Running with Spring Boot v1.4.2.RELEASE, Spring v4.3.4.RELEASE
2018-11-22 09:20:10.150 [restartedMain] INFO  com.skypointer.huaji.HuajiApplication - No active profile set, falling back to default profiles: default
2018-11-22 09:20:10.357 [background-preinit] DEBUG org.jboss.logging - Logging Provider: org.jboss.logging.Slf4jLoggerProvider found via system property
2018-11-22 09:20:11.917 [restartedMain] INFO  org.apache.catalina.core.StandardService - Starting service Tomcat
2018-11-22 09:20:11.917 [restartedMain] INFO  org.apache.catalina.core.StandardEngine - Starting Servlet Engine: Apache Tomcat/8.5.6
2018-11-22 09:20:11.971 [localhost-startStop-1] INFO  org.apache.catalina.core.ContainerBase.[Tomcat].[localhost].[/] - Initializing Spring embedded WebApplicationContext
2018-11-22 09:20:12.536 [restartedMain] INFO  com.alibaba.druid.pool.DruidDataSource - {dataSource-1} inited
2018-11-22 09:20:13.019 [restartedMain] WARN  org.hibernate.mapping.RootClass - HHH000038: Composite-id class does not override equals(): com.skypointer.huaji.bean.BorrowBook
2018-11-22 09:20:13.020 [restartedMain] WARN  org.hibernate.mapping.RootClass - HHH000039: Composite-id class does not override hashCode(): com.skypointer.huaji.bean.BorrowBook
2018-11-22 09:20:14.312 [restartedMain] INFO  org.apache.coyote.http11.Http11NioProtocol - Initializing ProtocolHandler ["http-nio-8855"]
2018-11-22 09:20:14.318 [restartedMain] INFO  org.apache.coyote.http11.Http11NioProtocol - Starting ProtocolHandler [http-nio-8855]
2018-11-22 09:20:14.323 [restartedMain] INFO  org.apache.tomcat.util.net.NioSelectorPool - Using a shared selector for servlet write/read
2018-11-22 09:20:14.336 [restartedMain] INFO  com.skypointer.huaji.HuajiApplication - Started HuajiApplication in 4.462 seconds (JVM running for 5.208)
2018-11-22 09:20:25.055 [http-nio-8855-exec-1] INFO  org.apache.tomcat.util.http.parser.Cookie - A cookie header was received [1541061299; Hm_lvt_90194188523e0a2d04ad3ad170c83f30=1541041745,1541130442,1541512053,1541730580] that contained an invalid cookie. That cookie will be ignored.Note: further occurrences of this error will be logged at DEBUG level.
2018-11-22 09:20:25.061 [http-nio-8855-exec-1] INFO  org.apache.catalina.core.ContainerBase.[Tomcat].[localhost].[/] - Initializing Spring FrameworkServlet 'dispatcherServlet'
2018-11-22 09:31:34.327 [Thread-17] INFO  com.alibaba.druid.pool.DruidDataSource - {dataSource-1} closed
2018-11-22 09:31:37.106 [restartedMain] INFO  com.skypointer.huaji.HuajiApplication - Starting HuajiApplication on sosky-XPS-13-9360 with PID 10169 (/home/sosky/Documents/jinying-project/huaji2/target/classes started by sosky in /home/sosky/Documents/jinying-project/huaji2)
2018-11-22 09:31:37.110 [restartedMain] DEBUG com.skypointer.huaji.HuajiApplication - Running with Spring Boot v1.4.2.RELEASE, Spring v4.3.4.RELEASE
2018-11-22 09:31:37.110 [restartedMain] INFO  com.skypointer.huaji.HuajiApplication - No active profile set, falling back to default profiles: default
2018-11-22 09:31:37.361 [background-preinit] DEBUG org.jboss.logging - Logging Provider: org.jboss.logging.Slf4jLoggerProvider found via system property
2018-11-22 09:31:39.187 [restartedMain] INFO  org.apache.catalina.core.StandardService - Starting service Tomcat
2018-11-22 09:31:39.188 [restartedMain] INFO  org.apache.catalina.core.StandardEngine - Starting Servlet Engine: Apache Tomcat/8.5.6
2018-11-22 09:31:39.242 [localhost-startStop-1] INFO  org.apache.catalina.core.ContainerBase.[Tomcat].[localhost].[/] - Initializing Spring embedded WebApplicationContext
2018-11-22 09:31:39.841 [restartedMain] INFO  com.alibaba.druid.pool.DruidDataSource - {dataSource-1} inited
2018-11-22 09:31:40.254 [restartedMain] WARN  org.hibernate.mapping.RootClass - HHH000038: Composite-id class does not override equals(): com.skypointer.huaji.bean.BorrowBook
2018-11-22 09:31:40.254 [restartedMain] WARN  org.hibernate.mapping.RootClass - HHH000039: Composite-id class does not override hashCode(): com.skypointer.huaji.bean.BorrowBook
2018-11-22 09:31:41.914 [restartedMain] INFO  org.apache.coyote.http11.Http11NioProtocol - Initializing ProtocolHandler ["http-nio-8855"]
2018-11-22 09:31:41.923 [restartedMain] INFO  org.apache.coyote.http11.Http11NioProtocol - Starting ProtocolHandler [http-nio-8855]
2018-11-22 09:31:41.929 [restartedMain] INFO  org.apache.tomcat.util.net.NioSelectorPool - Using a shared selector for servlet write/read
2018-11-22 09:31:41.945 [restartedMain] INFO  com.skypointer.huaji.HuajiApplication - Started HuajiApplication in 5.296 seconds (JVM running for 6.629)
2018-11-22 09:31:42.913 [http-nio-8855-exec-1] INFO  org.apache.tomcat.util.http.parser.Cookie - A cookie header was received [1541061299; Hm_lvt_90194188523e0a2d04ad3ad170c83f30=1541041745,1541130442,1541512053,1541730580] that contained an invalid cookie. That cookie will be ignored.Note: further occurrences of this error will be logged at DEBUG level.
2018-11-22 09:31:42.920 [http-nio-8855-exec-1] INFO  org.apache.catalina.core.ContainerBase.[Tomcat].[localhost].[/] - Initializing Spring FrameworkServlet 'dispatcherServlet'
2018-11-22 09:38:01.072 [Thread-20] INFO  com.alibaba.druid.pool.DruidDataSource - {dataSource-1} closed
2018-11-22 09:38:03.823 [restartedMain] INFO  com.skypointer.huaji.HuajiApplication - Starting HuajiApplication on sosky-XPS-13-9360 with PID 10518 (/home/sosky/Documents/jinying-project/huaji2/target/classes started by sosky in /home/sosky/Documents/jinying-project/huaji2)
2018-11-22 09:38:03.827 [restartedMain] DEBUG com.skypointer.huaji.HuajiApplication - Running with Spring Boot v1.4.2.RELEASE, Spring v4.3.4.RELEASE
2018-11-22 09:38:03.828 [restartedMain] INFO  com.skypointer.huaji.HuajiApplication - No active profile set, falling back to default profiles: default
2018-11-22 09:38:04.195 [background-preinit] DEBUG org.jboss.logging - Logging Provider: org.jboss.logging.Slf4jLoggerProvider found via system property
2018-11-22 09:38:05.996 [restartedMain] INFO  org.apache.catalina.core.StandardService - Starting service Tomcat
2018-11-22 09:38:05.997 [restartedMain] INFO  org.apache.catalina.core.StandardEngine - Starting Servlet Engine: Apache Tomcat/8.5.6
2018-11-22 09:38:06.042 [localhost-startStop-1] INFO  org.apache.catalina.core.ContainerBase.[Tomcat].[localhost].[/] - Initializing Spring embedded WebApplicationContext
2018-11-22 09:38:06.513 [restartedMain] INFO  com.alibaba.druid.pool.DruidDataSource - {dataSource-1} inited
2018-11-22 09:38:06.870 [restartedMain] WARN  org.hibernate.mapping.RootClass - HHH000038: Composite-id class does not override equals(): com.skypointer.huaji.bean.BorrowBook
2018-11-22 09:38:06.870 [restartedMain] WARN  org.hibernate.mapping.RootClass - HHH000039: Composite-id class does not override hashCode(): com.skypointer.huaji.bean.BorrowBook
2018-11-22 09:38:08.334 [restartedMain] INFO  org.apache.coyote.http11.Http11NioProtocol - Initializing ProtocolHandler ["http-nio-8855"]
2018-11-22 09:38:08.341 [restartedMain] INFO  org.apache.coyote.http11.Http11NioProtocol - Starting ProtocolHandler [http-nio-8855]
2018-11-22 09:38:08.345 [restartedMain] INFO  org.apache.tomcat.util.net.NioSelectorPool - Using a shared selector for servlet write/read
2018-11-22 09:38:08.359 [restartedMain] INFO  com.skypointer.huaji.HuajiApplication - Started HuajiApplication in 4.901 seconds (JVM running for 5.985)
2018-11-22 09:38:09.904 [http-nio-8855-exec-1] INFO  org.apache.tomcat.util.http.parser.Cookie - A cookie header was received [1541061299; Hm_lvt_90194188523e0a2d04ad3ad170c83f30=1541041745,1541130442,1541512053,1541730580] that contained an invalid cookie. That cookie will be ignored.Note: further occurrences of this error will be logged at DEBUG level.
2018-11-22 09:38:09.910 [http-nio-8855-exec-1] INFO  org.apache.catalina.core.ContainerBase.[Tomcat].[localhost].[/] - Initializing Spring FrameworkServlet 'dispatcherServlet'
2018-11-22 09:40:51.258 [Thread-19] INFO  com.alibaba.druid.pool.DruidDataSource - {dataSource-1} closed
2018-11-22 09:40:53.639 [restartedMain] INFO  com.skypointer.huaji.HuajiApplication - Starting HuajiApplication on sosky-XPS-13-9360 with PID 10817 (/home/sosky/Documents/jinying-project/huaji2/target/classes started by sosky in /home/sosky/Documents/jinying-project/huaji2)
2018-11-22 09:40:53.641 [restartedMain] DEBUG com.skypointer.huaji.HuajiApplication - Running with Spring Boot v1.4.2.RELEASE, Spring v4.3.4.RELEASE
2018-11-22 09:40:53.641 [restartedMain] INFO  com.skypointer.huaji.HuajiApplication - No active profile set, falling back to default profiles: default
2018-11-22 09:40:53.860 [background-preinit] DEBUG org.jboss.logging - Logging Provider: org.jboss.logging.Slf4jLoggerProvider found via system property
2018-11-22 09:40:55.606 [restartedMain] INFO  org.apache.catalina.core.StandardService - Starting service Tomcat
2018-11-22 09:40:55.608 [restartedMain] INFO  org.apache.catalina.core.StandardEngine - Starting Servlet Engine: Apache Tomcat/8.5.6
2018-11-22 09:40:55.677 [localhost-startStop-1] INFO  org.apache.catalina.core.ContainerBase.[Tomcat].[localhost].[/] - Initializing Spring embedded WebApplicationContext
2018-11-22 09:40:56.253 [restartedMain] INFO  com.alibaba.druid.pool.DruidDataSource - {dataSource-1} inited
2018-11-22 09:40:56.631 [restartedMain] WARN  org.hibernate.mapping.RootClass - HHH000038: Composite-id class does not override equals(): com.skypointer.huaji.bean.BorrowBook
2018-11-22 09:40:56.631 [restartedMain] WARN  org.hibernate.mapping.RootClass - HHH000039: Composite-id class does not override hashCode(): com.skypointer.huaji.bean.BorrowBook
2018-11-22 09:40:58.000 [restartedMain] INFO  org.apache.coyote.http11.Http11NioProtocol - Initializing ProtocolHandler ["http-nio-8855"]
2018-11-22 09:40:58.006 [restartedMain] INFO  org.apache.coyote.http11.Http11NioProtocol - Starting ProtocolHandler [http-nio-8855]
2018-11-22 09:40:58.010 [restartedMain] INFO  org.apache.tomcat.util.net.NioSelectorPool - Using a shared selector for servlet write/read
2018-11-22 09:40:58.023 [restartedMain] INFO  com.skypointer.huaji.HuajiApplication - Started HuajiApplication in 4.652 seconds (JVM running for 5.508)
2018-11-22 09:41:00.020 [http-nio-8855-exec-1] INFO  org.apache.tomcat.util.http.parser.Cookie - A cookie header was received [1541061299; Hm_lvt_90194188523e0a2d04ad3ad170c83f30=1541041745,1541130442,1541512053,1541730580] that contained an invalid cookie. That cookie will be ignored.Note: further occurrences of this error will be logged at DEBUG level.
2018-11-22 09:41:00.028 [http-nio-8855-exec-1] INFO  org.apache.catalina.core.ContainerBase.[Tomcat].[localhost].[/] - Initializing Spring FrameworkServlet 'dispatcherServlet'
2018-11-22 09:44:38.716 [Thread-18] INFO  com.alibaba.druid.pool.DruidDataSource - {dataSource-1} closed
2018-11-22 09:44:40.819 [restartedMain] INFO  com.skypointer.huaji.HuajiApplication - Starting HuajiApplication on sosky-XPS-13-9360 with PID 11079 (/home/sosky/Documents/jinying-project/huaji2/target/classes started by sosky in /home/sosky/Documents/jinying-project/huaji2)
2018-11-22 09:44:40.822 [restartedMain] DEBUG com.skypointer.huaji.HuajiApplication - Running with Spring Boot v1.4.2.RELEASE, Spring v4.3.4.RELEASE
2018-11-22 09:44:40.822 [restartedMain] INFO  com.skypointer.huaji.HuajiApplication - No active profile set, falling back to default profiles: default
2018-11-22 09:44:41.073 [background-preinit] DEBUG org.jboss.logging - Logging Provider: org.jboss.logging.Slf4jLoggerProvider found via system property
2018-11-22 09:44:42.540 [restartedMain] INFO  org.apache.catalina.core.StandardService - Starting service Tomcat
2018-11-22 09:44:42.541 [restartedMain] INFO  org.apache.catalina.core.StandardEngine - Starting Servlet Engine: Apache Tomcat/8.5.6
2018-11-22 09:44:42.595 [localhost-startStop-1] INFO  org.apache.catalina.core.ContainerBase.[Tomcat].[localhost].[/] - Initializing Spring embedded WebApplicationContext
2018-11-22 09:44:43.043 [restartedMain] INFO  com.alibaba.druid.pool.DruidDataSource - {dataSource-1} inited
2018-11-22 09:44:43.385 [restartedMain] WARN  org.hibernate.mapping.RootClass - HHH000038: Composite-id class does not override equals(): com.skypointer.huaji.bean.BorrowBook
2018-11-22 09:44:43.385 [restartedMain] WARN  org.hibernate.mapping.RootClass - HHH000039: Composite-id class does not override hashCode(): com.skypointer.huaji.bean.BorrowBook
2018-11-22 09:44:44.630 [restartedMain] INFO  org.apache.coyote.http11.Http11NioProtocol - Initializing ProtocolHandler ["http-nio-8855"]
2018-11-22 09:44:44.636 [restartedMain] INFO  org.apache.coyote.http11.Http11NioProtocol - Starting ProtocolHandler [http-nio-8855]
2018-11-22 09:44:44.640 [restartedMain] INFO  org.apache.tomcat.util.net.NioSelectorPool - Using a shared selector for servlet write/read
2018-11-22 09:44:44.653 [restartedMain] INFO  com.skypointer.huaji.HuajiApplication - Started HuajiApplication in 4.119 seconds (JVM running for 4.99)
2018-11-22 09:44:51.240 [http-nio-8855-exec-1] INFO  org.apache.tomcat.util.http.parser.Cookie - A cookie header was received [1541061299; Hm_lvt_90194188523e0a2d04ad3ad170c83f30=1541041745,1541130442,1541512053,1541730580] that contained an invalid cookie. That cookie will be ignored.Note: further occurrences of this error will be logged at DEBUG level.
2018-11-22 09:44:51.246 [http-nio-8855-exec-1] INFO  org.apache.catalina.core.ContainerBase.[Tomcat].[localhost].[/] - Initializing Spring FrameworkServlet 'dispatcherServlet'
2018-11-22 09:45:05.814 [Thread-17] INFO  com.alibaba.druid.pool.DruidDataSource - {dataSource-1} closed
2018-11-22 09:45:07.745 [restartedMain] INFO  com.skypointer.huaji.HuajiApplication - Starting HuajiApplication on sosky-XPS-13-9360 with PID 11234 (/home/sosky/Documents/jinying-project/huaji2/target/classes started by sosky in /home/sosky/Documents/jinying-project/huaji2)
2018-11-22 09:45:07.747 [restartedMain] DEBUG com.skypointer.huaji.HuajiApplication - Running with Spring Boot v1.4.2.RELEASE, Spring v4.3.4.RELEASE
2018-11-22 09:45:07.747 [restartedMain] INFO  com.skypointer.huaji.HuajiApplication - No active profile set, falling back to default profiles: default
2018-11-22 09:45:07.923 [background-preinit] DEBUG org.jboss.logging - Logging Provider: org.jboss.logging.Slf4jLoggerProvider found via system property
2018-11-22 09:45:09.504 [restartedMain] INFO  org.apache.catalina.core.StandardService - Starting service Tomcat
2018-11-22 09:45:09.504 [restartedMain] INFO  org.apache.catalina.core.StandardEngine - Starting Servlet Engine: Apache Tomcat/8.5.6
2018-11-22 09:45:09.559 [localhost-startStop-1] INFO  org.apache.catalina.core.ContainerBase.[Tomcat].[localhost].[/] - Initializing Spring embedded WebApplicationContext
2018-11-22 09:45:10.010 [restartedMain] INFO  com.alibaba.druid.pool.DruidDataSource - {dataSource-1} inited
2018-11-22 09:45:10.359 [restartedMain] WARN  org.hibernate.mapping.RootClass - HHH000038: Composite-id class does not override equals(): com.skypointer.huaji.bean.BorrowBook
2018-11-22 09:45:10.360 [restartedMain] WARN  org.hibernate.mapping.RootClass - HHH000039: Composite-id class does not override hashCode(): com.skypointer.huaji.bean.BorrowBook
2018-11-22 09:45:11.595 [restartedMain] INFO  org.apache.coyote.http11.Http11NioProtocol - Initializing ProtocolHandler ["http-nio-8855"]
2018-11-22 09:45:11.601 [restartedMain] INFO  org.apache.coyote.http11.Http11NioProtocol - Starting ProtocolHandler [http-nio-8855]
2018-11-22 09:45:11.605 [restartedMain] INFO  org.apache.tomcat.util.net.NioSelectorPool - Using a shared selector for servlet write/read
2018-11-22 09:45:11.618 [restartedMain] INFO  com.skypointer.huaji.HuajiApplication - Started HuajiApplication in 4.17 seconds (JVM running for 4.906)
2018-11-22 09:45:19.423 [http-nio-8855-exec-1] INFO  org.apache.tomcat.util.http.parser.Cookie - A cookie header was received [1541061299; Hm_lvt_90194188523e0a2d04ad3ad170c83f30=1541041745,1541130442,1541512053,1541730580] that contained an invalid cookie. That cookie will be ignored.Note: further occurrences of this error will be logged at DEBUG level.
2018-11-22 09:45:19.429 [http-nio-8855-exec-1] INFO  org.apache.catalina.core.ContainerBase.[Tomcat].[localhost].[/] - Initializing Spring FrameworkServlet 'dispatcherServlet'
2018-11-22 10:50:07.740 [Thread-17] INFO  com.alibaba.druid.pool.DruidDataSource - {dataSource-1} closed
2018-11-22 10:50:11.280 [restartedMain] INFO  com.skypointer.huaji.HuajiApplication - Starting HuajiApplication on sosky-XPS-13-9360 with PID 13865 (/home/sosky/Documents/jinying-project/huaji2/target/classes started by sosky in /home/sosky/Documents/jinying-project/huaji2)
2018-11-22 10:50:11.286 [restartedMain] DEBUG com.skypointer.huaji.HuajiApplication - Running with Spring Boot v1.4.2.RELEASE, Spring v4.3.4.RELEASE
2018-11-22 10:50:11.286 [restartedMain] INFO  com.skypointer.huaji.HuajiApplication - No active profile set, falling back to default profiles: default
2018-11-22 10:50:11.429 [background-preinit] DEBUG org.jboss.logging - Logging Provider: org.jboss.logging.Slf4jLoggerProvider found via system property
2018-11-22 10:50:13.187 [restartedMain] INFO  org.apache.catalina.core.StandardService - Starting service Tomcat
2018-11-22 10:50:13.189 [restartedMain] INFO  org.apache.catalina.core.StandardEngine - Starting Servlet Engine: Apache Tomcat/8.5.6
2018-11-22 10:50:13.255 [localhost-startStop-1] INFO  org.apache.catalina.core.ContainerBase.[Tomcat].[localhost].[/] - Initializing Spring embedded WebApplicationContext
2018-11-22 10:50:13.997 [restartedMain] INFO  com.alibaba.druid.pool.DruidDataSource - {dataSource-1} inited
2018-11-22 10:50:14.385 [restartedMain] WARN  org.hibernate.mapping.RootClass - HHH000038: Composite-id class does not override equals(): com.skypointer.huaji.bean.BorrowBook
2018-11-22 10:50:14.386 [restartedMain] WARN  org.hibernate.mapping.RootClass - HHH000039: Composite-id class does not override hashCode(): com.skypointer.huaji.bean.BorrowBook
2018-11-22 10:50:16.011 [restartedMain] INFO  org.apache.coyote.http11.Http11NioProtocol - Initializing ProtocolHandler ["http-nio-8855"]
2018-11-22 10:50:16.019 [restartedMain] INFO  org.apache.coyote.http11.Http11NioProtocol - Starting ProtocolHandler [http-nio-8855]
2018-11-22 10:50:16.025 [restartedMain] INFO  org.apache.tomcat.util.net.NioSelectorPool - Using a shared selector for servlet write/read
2018-11-22 10:50:16.041 [restartedMain] INFO  com.skypointer.huaji.HuajiApplication - Started HuajiApplication in 5.015 seconds (JVM running for 5.729)
2018-11-22 10:50:19.936 [http-nio-8855-exec-1] INFO  org.apache.tomcat.util.http.parser.Cookie - A cookie header was received [1541061299; Hm_lvt_90194188523e0a2d04ad3ad170c83f30=1541041745,1541130442,1541512053,1541730580] that contained an invalid cookie. That cookie will be ignored.Note: further occurrences of this error will be logged at DEBUG level.
2018-11-22 10:50:19.941 [http-nio-8855-exec-1] INFO  org.apache.catalina.core.ContainerBase.[Tomcat].[localhost].[/] - Initializing Spring FrameworkServlet 'dispatcherServlet'
2018-11-22 10:51:12.654 [Thread-19] INFO  com.alibaba.druid.pool.DruidDataSource - {dataSource-1} closed
2018-11-22 10:51:14.642 [restartedMain] INFO  com.skypointer.huaji.HuajiApplication - Starting HuajiApplication on sosky-XPS-13-9360 with PID 14071 (/home/sosky/Documents/jinying-project/huaji2/target/classes started by sosky in /home/sosky/Documents/jinying-project/huaji2)
2018-11-22 10:51:14.646 [restartedMain] DEBUG com.skypointer.huaji.HuajiApplication - Running with Spring Boot v1.4.2.RELEASE, Spring v4.3.4.RELEASE
2018-11-22 10:51:14.646 [restartedMain] INFO  com.skypointer.huaji.HuajiApplication - No active profile set, falling back to default profiles: default
2018-11-22 10:51:14.842 [background-preinit] DEBUG org.jboss.logging - Logging Provider: org.jboss.logging.Slf4jLoggerProvider found via system property
2018-11-22 10:51:16.531 [restartedMain] INFO  org.apache.catalina.core.StandardService - Starting service Tomcat
2018-11-22 10:51:16.532 [restartedMain] INFO  org.apache.catalina.core.StandardEngine - Starting Servlet Engine: Apache Tomcat/8.5.6
2018-11-22 10:51:16.595 [localhost-startStop-1] INFO  org.apache.catalina.core.ContainerBase.[Tomcat].[localhost].[/] - Initializing Spring embedded WebApplicationContext
2018-11-22 10:51:17.082 [restartedMain] INFO  com.alibaba.druid.pool.DruidDataSource - {dataSource-1} inited
2018-11-22 10:51:17.451 [restartedMain] WARN  org.hibernate.mapping.RootClass - HHH000038: Composite-id class does not override equals(): com.skypointer.huaji.bean.BorrowBook
2018-11-22 10:51:17.452 [restartedMain] WARN  org.hibernate.mapping.RootClass - HHH000039: Composite-id class does not override hashCode(): com.skypointer.huaji.bean.BorrowBook
2018-11-22 10:51:18.773 [restartedMain] INFO  org.apache.coyote.http11.Http11NioProtocol - Initializing ProtocolHandler ["http-nio-8855"]
2018-11-22 10:51:18.780 [restartedMain] INFO  org.apache.coyote.http11.Http11NioProtocol - Starting ProtocolHandler [http-nio-8855]
2018-11-22 10:51:18.785 [restartedMain] INFO  org.apache.tomcat.util.net.NioSelectorPool - Using a shared selector for servlet write/read
2018-11-22 10:51:18.799 [restartedMain] INFO  com.skypointer.huaji.HuajiApplication - Started HuajiApplication in 4.437 seconds (JVM running for 5.173)
2018-11-22 10:51:21.356 [http-nio-8855-exec-1] INFO  org.apache.tomcat.util.http.parser.Cookie - A cookie header was received [1541061299; Hm_lvt_90194188523e0a2d04ad3ad170c83f30=1541041745,1541130442,1541512053,1541730580] that contained an invalid cookie. That cookie will be ignored.Note: further occurrences of this error will be logged at DEBUG level.
2018-11-22 10:51:21.361 [http-nio-8855-exec-1] INFO  org.apache.catalina.core.ContainerBase.[Tomcat].[localhost].[/] - Initializing Spring FrameworkServlet 'dispatcherServlet'
2018-11-22 10:53:04.287 [Thread-17] INFO  com.alibaba.druid.pool.DruidDataSource - {dataSource-1} closed
2018-11-22 10:53:06.342 [restartedMain] INFO  com.skypointer.huaji.HuajiApplication - Starting HuajiApplication on sosky-XPS-13-9360 with PID 14369 (/home/sosky/Documents/jinying-project/huaji2/target/classes started by sosky in /home/sosky/Documents/jinying-project/huaji2)
2018-11-22 10:53:06.349 [restartedMain] DEBUG com.skypointer.huaji.HuajiApplication - Running with Spring Boot v1.4.2.RELEASE, Spring v4.3.4.RELEASE
2018-11-22 10:53:06.349 [restartedMain] INFO  com.skypointer.huaji.HuajiApplication - No active profile set, falling back to default profiles: default
2018-11-22 10:53:06.568 [background-preinit] DEBUG org.jboss.logging - Logging Provider: org.jboss.logging.Slf4jLoggerProvider found via system property
2018-11-22 10:53:08.135 [restartedMain] INFO  org.apache.catalina.core.StandardService - Starting service Tomcat
2018-11-22 10:53:08.136 [restartedMain] INFO  org.apache.catalina.core.StandardEngine - Starting Servlet Engine: Apache Tomcat/8.5.6
2018-11-22 10:53:08.217 [localhost-startStop-1] INFO  org.apache.catalina.core.ContainerBase.[Tomcat].[localhost].[/] - Initializing Spring embedded WebApplicationContext
2018-11-22 10:53:08.697 [restartedMain] INFO  com.alibaba.druid.pool.DruidDataSource - {dataSource-1} inited
2018-11-22 10:53:09.093 [restartedMain] WARN  org.hibernate.mapping.RootClass - HHH000038: Composite-id class does not override equals(): com.skypointer.huaji.bean.BorrowBook
2018-11-22 10:53:09.093 [restartedMain] WARN  org.hibernate.mapping.RootClass - HHH000039: Composite-id class does not override hashCode(): com.skypointer.huaji.bean.BorrowBook
2018-11-22 10:53:10.454 [restartedMain] INFO  org.apache.coyote.http11.Http11NioProtocol - Initializing ProtocolHandler ["http-nio-8855"]
2018-11-22 10:53:10.461 [restartedMain] INFO  org.apache.coyote.http11.Http11NioProtocol - Starting ProtocolHandler [http-nio-8855]
2018-11-22 10:53:10.466 [restartedMain] INFO  org.apache.tomcat.util.net.NioSelectorPool - Using a shared selector for servlet write/read
2018-11-22 10:53:10.485 [restartedMain] INFO  com.skypointer.huaji.HuajiApplication - Started HuajiApplication in 4.45 seconds (JVM running for 5.21)
2018-11-22 10:53:12.840 [http-nio-8855-exec-1] INFO  org.apache.tomcat.util.http.parser.Cookie - A cookie header was received [1541061299; Hm_lvt_90194188523e0a2d04ad3ad170c83f30=1541041745,1541130442,1541512053,1541730580] that contained an invalid cookie. That cookie will be ignored.Note: further occurrences of this error will be logged at DEBUG level.
2018-11-22 10:53:12.845 [http-nio-8855-exec-1] INFO  org.apache.catalina.core.ContainerBase.[Tomcat].[localhost].[/] - Initializing Spring FrameworkServlet 'dispatcherServlet'
2018-11-22 10:54:23.405 [Thread-18] INFO  com.alibaba.druid.pool.DruidDataSource - {dataSource-1} closed
2018-11-22 10:54:25.395 [restartedMain] INFO  com.skypointer.huaji.HuajiApplication - Starting HuajiApplication on sosky-XPS-13-9360 with PID 14619 (/home/sosky/Documents/jinying-project/huaji2/target/classes started by sosky in /home/sosky/Documents/jinying-project/huaji2)
2018-11-22 10:54:25.403 [restartedMain] DEBUG com.skypointer.huaji.HuajiApplication - Running with Spring Boot v1.4.2.RELEASE, Spring v4.3.4.RELEASE
2018-11-22 10:54:25.403 [restartedMain] INFO  com.skypointer.huaji.HuajiApplication - No active profile set, falling back to default profiles: default
2018-11-22 10:54:25.592 [background-preinit] DEBUG org.jboss.logging - Logging Provider: org.jboss.logging.Slf4jLoggerProvider found via system property
2018-11-22 10:54:27.048 [restartedMain] INFO  org.apache.catalina.core.StandardService - Starting service Tomcat
2018-11-22 10:54:27.048 [restartedMain] INFO  org.apache.catalina.core.StandardEngine - Starting Servlet Engine: Apache Tomcat/8.5.6
2018-11-22 10:54:27.115 [localhost-startStop-1] INFO  org.apache.catalina.core.ContainerBase.[Tomcat].[localhost].[/] - Initializing Spring embedded WebApplicationContext
2018-11-22 10:54:27.588 [restartedMain] INFO  com.alibaba.druid.pool.DruidDataSource - {dataSource-1} inited
2018-11-22 10:54:27.973 [restartedMain] WARN  org.hibernate.mapping.RootClass - HHH000038: Composite-id class does not override equals(): com.skypointer.huaji.bean.BorrowBook
2018-11-22 10:54:27.973 [restartedMain] WARN  org.hibernate.mapping.RootClass - HHH000039: Composite-id class does not override hashCode(): com.skypointer.huaji.bean.BorrowBook
2018-11-22 10:54:29.294 [restartedMain] INFO  org.apache.coyote.http11.Http11NioProtocol - Initializing ProtocolHandler ["http-nio-8855"]
2018-11-22 10:54:29.301 [restartedMain] INFO  org.apache.coyote.http11.Http11NioProtocol - Starting ProtocolHandler [http-nio-8855]
2018-11-22 10:54:29.307 [restartedMain] INFO  org.apache.tomcat.util.net.NioSelectorPool - Using a shared selector for servlet write/read
2018-11-22 10:54:29.320 [restartedMain] INFO  com.skypointer.huaji.HuajiApplication - Started HuajiApplication in 4.237 seconds (JVM running for 4.982)
2018-11-22 10:54:36.078 [http-nio-8855-exec-1] INFO  org.apache.tomcat.util.http.parser.Cookie - A cookie header was received [1541061299; Hm_lvt_90194188523e0a2d04ad3ad170c83f30=1541041745,1541130442,1541512053,1541730580] that contained an invalid cookie. That cookie will be ignored.Note: further occurrences of this error will be logged at DEBUG level.
2018-11-22 10:54:36.083 [http-nio-8855-exec-1] INFO  org.apache.catalina.core.ContainerBase.[Tomcat].[localhost].[/] - Initializing Spring FrameworkServlet 'dispatcherServlet'
2018-11-22 10:55:52.489 [Thread-17] INFO  com.alibaba.druid.pool.DruidDataSource - {dataSource-1} closed
2018-11-22 10:55:54.646 [restartedMain] INFO  com.skypointer.huaji.HuajiApplication - Starting HuajiApplication on sosky-XPS-13-9360 with PID 14806 (/home/sosky/Documents/jinying-project/huaji2/target/classes started by sosky in /home/sosky/Documents/jinying-project/huaji2)
2018-11-22 10:55:54.649 [restartedMain] DEBUG com.skypointer.huaji.HuajiApplication - Running with Spring Boot v1.4.2.RELEASE, Spring v4.3.4.RELEASE
2018-11-22 10:55:54.649 [restartedMain] INFO  com.skypointer.huaji.HuajiApplication - No active profile set, falling back to default profiles: default
2018-11-22 10:55:54.889 [background-preinit] DEBUG org.jboss.logging - Logging Provider: org.jboss.logging.Slf4jLoggerProvider found via system property
2018-11-22 10:55:56.544 [restartedMain] INFO  org.apache.catalina.core.StandardService - Starting service Tomcat
2018-11-22 10:55:56.545 [restartedMain] INFO  org.apache.catalina.core.StandardEngine - Starting Servlet Engine: Apache Tomcat/8.5.6
2018-11-22 10:55:56.606 [localhost-startStop-1] INFO  org.apache.catalina.core.ContainerBase.[Tomcat].[localhost].[/] - Initializing Spring embedded WebApplicationContext
2018-11-22 10:55:57.077 [restartedMain] INFO  com.alibaba.druid.pool.DruidDataSource - {dataSource-1} inited
2018-11-22 10:55:57.474 [restartedMain] WARN  org.hibernate.mapping.RootClass - HHH000038: Composite-id class does not override equals(): com.skypointer.huaji.bean.BorrowBook
2018-11-22 10:55:57.474 [restartedMain] WARN  org.hibernate.mapping.RootClass - HHH000039: Composite-id class does not override hashCode(): com.skypointer.huaji.bean.BorrowBook
2018-11-22 10:55:58.784 [restartedMain] INFO  org.apache.coyote.http11.Http11NioProtocol - Initializing ProtocolHandler ["http-nio-8855"]
2018-11-22 10:55:58.790 [restartedMain] INFO  org.apache.coyote.http11.Http11NioProtocol - Starting ProtocolHandler [http-nio-8855]
2018-11-22 10:55:58.795 [restartedMain] INFO  org.apache.tomcat.util.net.NioSelectorPool - Using a shared selector for servlet write/read
2018-11-22 10:55:58.809 [restartedMain] INFO  com.skypointer.huaji.HuajiApplication - Started HuajiApplication in 4.419 seconds (JVM running for 5.175)
2018-11-22 10:56:08.818 [http-nio-8855-exec-1] INFO  org.apache.tomcat.util.http.parser.Cookie - A cookie header was received [1541061299; Hm_lvt_90194188523e0a2d04ad3ad170c83f30=1541041745,1541130442,1541512053,1541730580] that contained an invalid cookie. That cookie will be ignored.Note: further occurrences of this error will be logged at DEBUG level.
2018-11-22 10:56:08.824 [http-nio-8855-exec-1] INFO  org.apache.catalina.core.ContainerBase.[Tomcat].[localhost].[/] - Initializing Spring FrameworkServlet 'dispatcherServlet'
2018-11-22 10:57:23.429 [Thread-17] INFO  com.alibaba.druid.pool.DruidDataSource - {dataSource-1} closed
2018-11-22 10:57:25.539 [restartedMain] INFO  com.skypointer.huaji.HuajiApplication - Starting HuajiApplication on sosky-XPS-13-9360 with PID 15022 (/home/sosky/Documents/jinying-project/huaji2/target/classes started by sosky in /home/sosky/Documents/jinying-project/huaji2)
2018-11-22 10:57:25.542 [restartedMain] DEBUG com.skypointer.huaji.HuajiApplication - Running with Spring Boot v1.4.2.RELEASE, Spring v4.3.4.RELEASE
2018-11-22 10:57:25.543 [restartedMain] INFO  com.skypointer.huaji.HuajiApplication - No active profile set, falling back to default profiles: default
2018-11-22 10:57:25.737 [background-preinit] DEBUG org.jboss.logging - Logging Provider: org.jboss.logging.Slf4jLoggerProvider found via system property
2018-11-22 10:57:27.417 [restartedMain] INFO  org.apache.catalina.core.StandardService - Starting service Tomcat
2018-11-22 10:57:27.418 [restartedMain] INFO  org.apache.catalina.core.StandardEngine - Starting Servlet Engine: Apache Tomcat/8.5.6
2018-11-22 10:57:27.475 [localhost-startStop-1] INFO  org.apache.catalina.core.ContainerBase.[Tomcat].[localhost].[/] - Initializing Spring embedded WebApplicationContext
2018-11-22 10:57:27.949 [restartedMain] INFO  com.alibaba.druid.pool.DruidDataSource - {dataSource-1} inited
2018-11-22 10:57:28.336 [restartedMain] WARN  org.hibernate.mapping.RootClass - HHH000038: Composite-id class does not override equals(): com.skypointer.huaji.bean.BorrowBook
2018-11-22 10:57:28.336 [restartedMain] WARN  org.hibernate.mapping.RootClass - HHH000039: Composite-id class does not override hashCode(): com.skypointer.huaji.bean.BorrowBook
2018-11-22 10:57:29.737 [restartedMain] INFO  org.apache.coyote.http11.Http11NioProtocol - Initializing ProtocolHandler ["http-nio-8855"]
2018-11-22 10:57:29.745 [restartedMain] INFO  org.apache.coyote.http11.Http11NioProtocol - Starting ProtocolHandler [http-nio-8855]
2018-11-22 10:57:29.749 [restartedMain] INFO  org.apache.tomcat.util.net.NioSelectorPool - Using a shared selector for servlet write/read
2018-11-22 10:57:29.764 [restartedMain] INFO  com.skypointer.huaji.HuajiApplication - Started HuajiApplication in 4.53 seconds (JVM running for 5.285)
2018-11-22 10:57:47.193 [http-nio-8855-exec-1] INFO  org.apache.tomcat.util.http.parser.Cookie - A cookie header was received [1541061299; Hm_lvt_90194188523e0a2d04ad3ad170c83f30=1541041745,1541130442,1541512053,1541730580] that contained an invalid cookie. That cookie will be ignored.Note: further occurrences of this error will be logged at DEBUG level.
2018-11-22 10:57:47.198 [http-nio-8855-exec-1] INFO  org.apache.catalina.core.ContainerBase.[Tomcat].[localhost].[/] - Initializing Spring FrameworkServlet 'dispatcherServlet'
2018-11-22 11:06:30.846 [Thread-18] INFO  com.alibaba.druid.pool.DruidDataSource - {dataSource-1} closed
2018-11-22 11:06:33.141 [restartedMain] INFO  com.skypointer.huaji.HuajiApplication - Starting HuajiApplication on sosky-XPS-13-9360 with PID 15342 (/home/sosky/Documents/jinying-project/huaji2/target/classes started by sosky in /home/sosky/Documents/jinying-project/huaji2)
2018-11-22 11:06:33.145 [restartedMain] DEBUG com.skypointer.huaji.HuajiApplication - Running with Spring Boot v1.4.2.RELEASE, Spring v4.3.4.RELEASE
2018-11-22 11:06:33.145 [restartedMain] INFO  com.skypointer.huaji.HuajiApplication - No active profile set, falling back to default profiles: default
2018-11-22 11:06:33.382 [background-preinit] DEBUG org.jboss.logging - Logging Provider: org.jboss.logging.Slf4jLoggerProvider found via system property
2018-11-22 11:06:35.477 [restartedMain] INFO  org.apache.catalina.core.StandardService - Starting service Tomcat
2018-11-22 11:06:35.477 [restartedMain] INFO  org.apache.catalina.core.StandardEngine - Starting Servlet Engine: Apache Tomcat/8.5.6
2018-11-22 11:06:35.541 [localhost-startStop-1] INFO  org.apache.catalina.core.ContainerBase.[Tomcat].[localhost].[/] - Initializing Spring embedded WebApplicationContext
2018-11-22 11:06:36.091 [restartedMain] INFO  com.alibaba.druid.pool.DruidDataSource - {dataSource-1} inited
2018-11-22 11:06:36.522 [restartedMain] WARN  org.hibernate.mapping.RootClass - HHH000038: Composite-id class does not override equals(): com.skypointer.huaji.bean.BorrowBook
2018-11-22 11:06:36.522 [restartedMain] WARN  org.hibernate.mapping.RootClass - HHH000039: Composite-id class does not override hashCode(): com.skypointer.huaji.bean.BorrowBook
2018-11-22 11:06:38.088 [restartedMain] INFO  org.apache.coyote.http11.Http11NioProtocol - Initializing ProtocolHandler ["http-nio-8855"]
2018-11-22 11:06:38.097 [restartedMain] INFO  org.apache.coyote.http11.Http11NioProtocol - Starting ProtocolHandler [http-nio-8855]
2018-11-22 11:06:38.103 [restartedMain] INFO  org.apache.tomcat.util.net.NioSelectorPool - Using a shared selector for servlet write/read
2018-11-22 11:06:38.118 [restartedMain] INFO  com.skypointer.huaji.HuajiApplication - Started HuajiApplication in 5.38 seconds (JVM running for 6.213)
2018-11-22 11:06:53.040 [http-nio-8855-exec-1] INFO  org.apache.tomcat.util.http.parser.Cookie - A cookie header was received [1541061299; Hm_lvt_90194188523e0a2d04ad3ad170c83f30=1541041745,1541130442,1541512053,1541730580] that contained an invalid cookie. That cookie will be ignored.Note: further occurrences of this error will be logged at DEBUG level.
2018-11-22 11:06:53.045 [http-nio-8855-exec-1] INFO  org.apache.catalina.core.ContainerBase.[Tomcat].[localhost].[/] - Initializing Spring FrameworkServlet 'dispatcherServlet'
2018-11-22 11:07:31.275 [Thread-19] INFO  com.alibaba.druid.pool.DruidDataSource - {dataSource-1} closed
2018-11-22 11:07:34.253 [restartedMain] INFO  com.skypointer.huaji.HuajiApplication - Starting HuajiApplication on sosky-XPS-13-9360 with PID 15520 (/home/sosky/Documents/jinying-project/huaji2/target/classes started by sosky in /home/sosky/Documents/jinying-project/huaji2)
2018-11-22 11:07:34.256 [restartedMain] DEBUG com.skypointer.huaji.HuajiApplication - Running with Spring Boot v1.4.2.RELEASE, Spring v4.3.4.RELEASE
2018-11-22 11:07:34.257 [restartedMain] INFO  com.skypointer.huaji.HuajiApplication - No active profile set, falling back to default profiles: default
2018-11-22 11:07:34.509 [background-preinit] DEBUG org.jboss.logging - Logging Provider: org.jboss.logging.Slf4jLoggerProvider found via system property
2018-11-22 11:07:36.512 [restartedMain] INFO  org.apache.catalina.core.StandardService - Starting service Tomcat
2018-11-22 11:07:36.513 [restartedMain] INFO  org.apache.catalina.core.StandardEngine - Starting Servlet Engine: Apache Tomcat/8.5.6
2018-11-22 11:07:36.577 [localhost-startStop-1] INFO  org.apache.catalina.core.ContainerBase.[Tomcat].[localhost].[/] - Initializing Spring embedded WebApplicationContext
2018-11-22 11:07:37.175 [restartedMain] INFO  com.alibaba.druid.pool.DruidDataSource - {dataSource-1} inited
2018-11-22 11:07:37.637 [restartedMain] WARN  org.hibernate.mapping.RootClass - HHH000038: Composite-id class does not override equals(): com.skypointer.huaji.bean.BorrowBook
2018-11-22 11:07:37.637 [restartedMain] WARN  org.hibernate.mapping.RootClass - HHH000039: Composite-id class does not override hashCode(): com.skypointer.huaji.bean.BorrowBook
2018-11-22 11:07:39.574 [restartedMain] INFO  org.apache.coyote.http11.Http11NioProtocol - Initializing ProtocolHandler ["http-nio-8855"]
2018-11-22 11:07:39.585 [restartedMain] INFO  org.apache.coyote.http11.Http11NioProtocol - Starting ProtocolHandler [http-nio-8855]
2018-11-22 11:07:39.592 [restartedMain] INFO  org.apache.tomcat.util.net.NioSelectorPool - Using a shared selector for servlet write/read
2018-11-22 11:07:39.615 [restartedMain] INFO  com.skypointer.huaji.HuajiApplication - Started HuajiApplication in 5.744 seconds (JVM running for 6.866)
2018-11-22 11:07:47.650 [http-nio-8855-exec-1] INFO  org.apache.tomcat.util.http.parser.Cookie - A cookie header was received [1541061299; Hm_lvt_90194188523e0a2d04ad3ad170c83f30=1541041745,1541130442,1541512053,1541730580] that contained an invalid cookie. That cookie will be ignored.Note: further occurrences of this error will be logged at DEBUG level.
2018-11-22 11:07:47.657 [http-nio-8855-exec-1] INFO  org.apache.catalina.core.ContainerBase.[Tomcat].[localhost].[/] - Initializing Spring FrameworkServlet 'dispatcherServlet'
2018-11-22 11:08:55.123 [Thread-20] INFO  com.alibaba.druid.pool.DruidDataSource - {dataSource-1} closed
2018-11-22 11:08:58.287 [restartedMain] INFO  com.skypointer.huaji.HuajiApplication - Starting HuajiApplication on sosky-XPS-13-9360 with PID 15763 (/home/sosky/Documents/jinying-project/huaji2/target/classes started by sosky in /home/sosky/Documents/jinying-project/huaji2)
2018-11-22 11:08:58.290 [restartedMain] DEBUG com.skypointer.huaji.HuajiApplication - Running with Spring Boot v1.4.2.RELEASE, Spring v4.3.4.RELEASE
2018-11-22 11:08:58.291 [restartedMain] INFO  com.skypointer.huaji.HuajiApplication - No active profile set, falling back to default profiles: default
2018-11-22 11:08:58.598 [background-preinit] DEBUG org.jboss.logging - Logging Provider: org.jboss.logging.Slf4jLoggerProvider found via system property
2018-11-22 11:09:01.116 [restartedMain] INFO  org.apache.catalina.core.StandardService - Starting service Tomcat
2018-11-22 11:09:01.118 [restartedMain] INFO  org.apache.catalina.core.StandardEngine - Starting Servlet Engine: Apache Tomcat/8.5.6
2018-11-22 11:09:01.211 [localhost-startStop-1] INFO  org.apache.catalina.core.ContainerBase.[Tomcat].[localhost].[/] - Initializing Spring embedded WebApplicationContext
2018-11-22 11:09:02.134 [restartedMain] INFO  com.alibaba.druid.pool.DruidDataSource - {dataSource-1} inited
2018-11-22 11:09:02.684 [restartedMain] WARN  org.hibernate.mapping.RootClass - HHH000038: Composite-id class does not override equals(): com.skypointer.huaji.bean.BorrowBook
2018-11-22 11:09:02.685 [restartedMain] WARN  org.hibernate.mapping.RootClass - HHH000039: Composite-id class does not override hashCode(): com.skypointer.huaji.bean.BorrowBook
2018-11-22 11:09:04.793 [restartedMain] INFO  org.apache.coyote.http11.Http11NioProtocol - Initializing ProtocolHandler ["http-nio-8855"]
2018-11-22 11:09:04.801 [restartedMain] INFO  org.apache.coyote.http11.Http11NioProtocol - Starting ProtocolHandler [http-nio-8855]
2018-11-22 11:09:04.806 [restartedMain] INFO  org.apache.tomcat.util.net.NioSelectorPool - Using a shared selector for servlet write/read
2018-11-22 11:09:04.826 [restartedMain] INFO  com.skypointer.huaji.HuajiApplication - Started HuajiApplication in 6.961 seconds (JVM running for 8.286)
2018-11-22 11:09:05.018 [http-nio-8855-exec-1] INFO  org.apache.tomcat.util.http.parser.Cookie - A cookie header was received [1541061299; Hm_lvt_90194188523e0a2d04ad3ad170c83f30=1541041745,1541130442,1541512053,1541730580] that contained an invalid cookie. That cookie will be ignored.Note: further occurrences of this error will be logged at DEBUG level.
2018-11-22 11:09:05.032 [http-nio-8855-exec-1] INFO  org.apache.catalina.core.ContainerBase.[Tomcat].[localhost].[/] - Initializing Spring FrameworkServlet 'dispatcherServlet'
2018-11-22 11:12:55.636 [Thread-22] INFO  com.alibaba.druid.pool.DruidDataSource - {dataSource-1} closed
2018-11-22 11:12:59.084 [restartedMain] INFO  com.skypointer.huaji.HuajiApplication - Starting HuajiApplication on sosky-XPS-13-9360 with PID 16037 (/home/sosky/Documents/jinying-project/huaji2/target/classes started by sosky in /home/sosky/Documents/jinying-project/huaji2)
2018-11-22 11:12:59.088 [restartedMain] DEBUG com.skypointer.huaji.HuajiApplication - Running with Spring Boot v1.4.2.RELEASE, Spring v4.3.4.RELEASE
2018-11-22 11:12:59.089 [restartedMain] INFO  com.skypointer.huaji.HuajiApplication - No active profile set, falling back to default profiles: default
2018-11-22 11:12:59.449 [background-preinit] DEBUG org.jboss.logging - Logging Provider: org.jboss.logging.Slf4jLoggerProvider found via system property
2018-11-22 11:13:01.883 [restartedMain] INFO  org.apache.catalina.core.StandardService - Starting service Tomcat
2018-11-22 11:13:01.884 [restartedMain] INFO  org.apache.catalina.core.StandardEngine - Starting Servlet Engine: Apache Tomcat/8.5.6
2018-11-22 11:13:02.000 [localhost-startStop-1] INFO  org.apache.catalina.core.ContainerBase.[Tomcat].[localhost].[/] - Initializing Spring embedded WebApplicationContext
2018-11-22 11:13:02.986 [restartedMain] INFO  com.alibaba.druid.pool.DruidDataSource - {dataSource-1} inited
2018-11-22 11:13:03.579 [restartedMain] WARN  org.hibernate.mapping.RootClass - HHH000038: Composite-id class does not override equals(): com.skypointer.huaji.bean.BorrowBook
2018-11-22 11:13:03.579 [restartedMain] WARN  org.hibernate.mapping.RootClass - HHH000039: Composite-id class does not override hashCode(): com.skypointer.huaji.bean.BorrowBook
2018-11-22 11:13:05.646 [restartedMain] INFO  org.apache.coyote.http11.Http11NioProtocol - Initializing ProtocolHandler ["http-nio-8855"]
2018-11-22 11:13:05.656 [restartedMain] INFO  org.apache.coyote.http11.Http11NioProtocol - Starting ProtocolHandler [http-nio-8855]
2018-11-22 11:13:05.662 [restartedMain] INFO  org.apache.tomcat.util.net.NioSelectorPool - Using a shared selector for servlet write/read
2018-11-22 11:13:05.680 [restartedMain] INFO  com.skypointer.huaji.HuajiApplication - Started HuajiApplication in 6.97 seconds (JVM running for 8.401)
2018-11-22 11:13:06.833 [http-nio-8855-exec-1] INFO  org.apache.tomcat.util.http.parser.Cookie - A cookie header was received [1541061299; Hm_lvt_90194188523e0a2d04ad3ad170c83f30=1541041745,1541130442,1541512053,1541730580] that contained an invalid cookie. That cookie will be ignored.Note: further occurrences of this error will be logged at DEBUG level.
2018-11-22 11:13:06.844 [http-nio-8855-exec-1] INFO  org.apache.catalina.core.ContainerBase.[Tomcat].[localhost].[/] - Initializing Spring FrameworkServlet 'dispatcherServlet'
2018-11-22 11:36:42.102 [Thread-23] INFO  com.alibaba.druid.pool.DruidDataSource - {dataSource-1} closed
2018-11-22 11:36:44.896 [restartedMain] INFO  com.skypointer.huaji.HuajiApplication - Starting HuajiApplication on sosky-XPS-13-9360 with PID 16587 (/home/sosky/Documents/jinying-project/huaji2/target/classes started by sosky in /home/sosky/Documents/jinying-project/huaji2)
2018-11-22 11:36:44.900 [restartedMain] DEBUG com.skypointer.huaji.HuajiApplication - Running with Spring Boot v1.4.2.RELEASE, Spring v4.3.4.RELEASE
2018-11-22 11:36:44.900 [restartedMain] INFO  com.skypointer.huaji.HuajiApplication - No active profile set, falling back to default profiles: default
2018-11-22 11:36:45.143 [background-preinit] DEBUG org.jboss.logging - Logging Provider: org.jboss.logging.Slf4jLoggerProvider found via system property
2018-11-22 11:36:46.772 [restartedMain] INFO  org.apache.catalina.core.StandardService - Starting service Tomcat
2018-11-22 11:36:46.773 [restartedMain] INFO  org.apache.catalina.core.StandardEngine - Starting Servlet Engine: Apache Tomcat/8.5.6
2018-11-22 11:36:46.850 [localhost-startStop-1] INFO  org.apache.catalina.core.ContainerBase.[Tomcat].[localhost].[/] - Initializing Spring embedded WebApplicationContext
2018-11-22 11:36:47.388 [restartedMain] INFO  com.alibaba.druid.pool.DruidDataSource - {dataSource-1} inited
2018-11-22 11:36:47.812 [restartedMain] WARN  org.hibernate.mapping.RootClass - HHH000038: Composite-id class does not override equals(): com.skypointer.huaji.bean.BorrowBook
2018-11-22 11:36:47.812 [restartedMain] WARN  org.hibernate.mapping.RootClass - HHH000039: Composite-id class does not override hashCode(): com.skypointer.huaji.bean.BorrowBook
2018-11-22 11:36:49.370 [restartedMain] INFO  org.apache.coyote.http11.Http11NioProtocol - Initializing ProtocolHandler ["http-nio-8855"]
2018-11-22 11:36:49.377 [restartedMain] INFO  org.apache.coyote.http11.Http11NioProtocol - Starting ProtocolHandler [http-nio-8855]
2018-11-22 11:36:49.381 [restartedMain] INFO  org.apache.tomcat.util.net.NioSelectorPool - Using a shared selector for servlet write/read
2018-11-22 11:36:49.397 [restartedMain] INFO  com.skypointer.huaji.HuajiApplication - Started HuajiApplication in 4.876 seconds (JVM running for 6.005)
2018-11-22 11:37:09.163 [http-nio-8855-exec-1] INFO  org.apache.tomcat.util.http.parser.Cookie - A cookie header was received [1541061299; Hm_lvt_90194188523e0a2d04ad3ad170c83f30=1541041745,1541130442,1541512053,1541730580] that contained an invalid cookie. That cookie will be ignored.Note: further occurrences of this error will be logged at DEBUG level.
2018-11-22 11:37:09.168 [http-nio-8855-exec-1] INFO  org.apache.catalina.core.ContainerBase.[Tomcat].[localhost].[/] - Initializing Spring FrameworkServlet 'dispatcherServlet'
2018-11-22 11:46:01.902 [Thread-19] INFO  com.alibaba.druid.pool.DruidDataSource - {dataSource-1} closed
2018-11-22 11:46:05.075 [restartedMain] INFO  com.skypointer.huaji.HuajiApplication - Starting HuajiApplication on sosky-XPS-13-9360 with PID 17120 (/home/sosky/Documents/jinying-project/huaji2/target/classes started by sosky in /home/sosky/Documents/jinying-project/huaji2)
2018-11-22 11:46:05.078 [restartedMain] DEBUG com.skypointer.huaji.HuajiApplication - Running with Spring Boot v1.4.2.RELEASE, Spring v4.3.4.RELEASE
2018-11-22 11:46:05.079 [restartedMain] INFO  com.skypointer.huaji.HuajiApplication - No active profile set, falling back to default profiles: default
2018-11-22 11:46:05.368 [background-preinit] DEBUG org.jboss.logging - Logging Provider: org.jboss.logging.Slf4jLoggerProvider found via system property
2018-11-22 11:46:08.050 [restartedMain] INFO  org.apache.catalina.core.StandardService - Starting service Tomcat
2018-11-22 11:46:08.051 [restartedMain] INFO  org.apache.catalina.core.StandardEngine - Starting Servlet Engine: Apache Tomcat/8.5.6
2018-11-22 11:46:08.109 [localhost-startStop-1] INFO  org.apache.catalina.core.ContainerBase.[Tomcat].[localhost].[/] - Initializing Spring embedded WebApplicationContext
2018-11-22 11:46:08.772 [restartedMain] INFO  com.alibaba.druid.pool.DruidDataSource - {dataSource-1} inited
2018-11-22 11:46:09.334 [restartedMain] WARN  org.hibernate.mapping.RootClass - HHH000038: Composite-id class does not override equals(): com.skypointer.huaji.bean.BorrowBook
2018-11-22 11:46:09.334 [restartedMain] WARN  org.hibernate.mapping.RootClass - HHH000039: Composite-id class does not override hashCode(): com.skypointer.huaji.bean.BorrowBook
2018-11-22 11:46:11.348 [restartedMain] INFO  org.apache.coyote.http11.Http11NioProtocol - Initializing ProtocolHandler ["http-nio-8855"]
2018-11-22 11:46:11.358 [restartedMain] INFO  org.apache.coyote.http11.Http11NioProtocol - Starting ProtocolHandler [http-nio-8855]
2018-11-22 11:46:11.366 [restartedMain] INFO  org.apache.tomcat.util.net.NioSelectorPool - Using a shared selector for servlet write/read
2018-11-22 11:46:11.390 [restartedMain] INFO  com.skypointer.huaji.HuajiApplication - Started HuajiApplication in 6.677 seconds (JVM running for 8.092)
2018-11-22 11:46:14.442 [http-nio-8855-exec-1] INFO  org.apache.tomcat.util.http.parser.Cookie - A cookie header was received [1541061299; Hm_lvt_90194188523e0a2d04ad3ad170c83f30=1541041745,1541130442,1541512053,1541730580] that contained an invalid cookie. That cookie will be ignored.Note: further occurrences of this error will be logged at DEBUG level.
2018-11-22 11:46:14.450 [http-nio-8855-exec-1] INFO  org.apache.catalina.core.ContainerBase.[Tomcat].[localhost].[/] - Initializing Spring FrameworkServlet 'dispatcherServlet'
2018-11-22 11:48:03.946 [Thread-22] INFO  com.alibaba.druid.pool.DruidDataSource - {dataSource-1} closed
